{"/home/mart/Documents/GithubRepositories/Software-Engineering-Belsimpel/foosball-front-end/src/App.tsx": {"path":"/home/mart/Documents/GithubRepositories/Software-Engineering-Belsimpel/foosball-front-end/src/App.tsx","statementMap":{"0":{"start":{"line":2,"column":0},"end":{"line":2,"column":19}},"1":{"start":{"line":3,"column":0},"end":{"line":3,"column":62}},"2":{"start":{"line":4,"column":0},"end":{"line":4,"column":45}},"3":{"start":{"line":5,"column":0},"end":{"line":5,"column":49}},"4":{"start":{"line":6,"column":0},"end":{"line":6,"column":48}},"5":{"start":{"line":7,"column":0},"end":{"line":7,"column":34}},"6":{"start":{"line":8,"column":0},"end":{"line":8,"column":79}},"7":{"start":{"line":9,"column":0},"end":{"line":9,"column":79}},"8":{"start":{"line":10,"column":0},"end":{"line":10,"column":70}},"9":{"start":{"line":11,"column":0},"end":{"line":11,"column":70}},"10":{"start":{"line":12,"column":0},"end":{"line":12,"column":76}},"11":{"start":{"line":13,"column":0},"end":{"line":13,"column":76}},"12":{"start":{"line":14,"column":0},"end":{"line":14,"column":70}},"13":{"start":{"line":15,"column":0},"end":{"line":15,"column":57}},"14":{"start":{"line":16,"column":0},"end":{"line":16,"column":73}},"15":{"start":{"line":17,"column":0},"end":{"line":17,"column":73}},"16":{"start":{"line":18,"column":0},"end":{"line":18,"column":64}},"17":{"start":{"line":19,"column":0},"end":{"line":19,"column":73}},"18":{"start":{"line":20,"column":0},"end":{"line":20,"column":64}},"19":{"start":{"line":21,"column":0},"end":{"line":21,"column":73}},"20":{"start":{"line":22,"column":0},"end":{"line":22,"column":58}},"21":{"start":{"line":23,"column":0},"end":{"line":23,"column":62}},"22":{"start":{"line":24,"column":0},"end":{"line":24,"column":62}},"23":{"start":{"line":25,"column":0},"end":{"line":25,"column":66}},"24":{"start":{"line":26,"column":0},"end":{"line":26,"column":66}},"25":{"start":{"line":27,"column":0},"end":{"line":27,"column":54}},"26":{"start":{"line":28,"column":0},"end":{"line":28,"column":62}},"27":{"start":{"line":29,"column":0},"end":{"line":29,"column":64}},"28":{"start":{"line":30,"column":0},"end":{"line":30,"column":64}},"29":{"start":{"line":31,"column":0},"end":{"line":31,"column":50}},"30":{"start":{"line":32,"column":0},"end":{"line":32,"column":68}},"31":{"start":{"line":33,"column":0},"end":{"line":33,"column":68}},"32":{"start":{"line":34,"column":0},"end":{"line":34,"column":52}},"33":{"start":{"line":35,"column":0},"end":{"line":35,"column":58}},"34":{"start":{"line":36,"column":0},"end":{"line":36,"column":58}},"35":{"start":{"line":37,"column":0},"end":{"line":37,"column":76}},"36":{"start":{"line":40,"column":4},"end":{"line":95,"column":6}},"37":{"start":{"line":98,"column":0},"end":{"line":98,"column":19}}},"fnMap":{"0":{"name":"App","decl":{"start":{"line":39,"column":9},"end":{"line":39,"column":12}},"loc":{"start":{"line":39,"column":12},"end":{"line":96,"column":1}}}},"branchMap":{},"s":{"0":31,"1":31,"2":31,"3":31,"4":31,"5":31,"6":31,"7":31,"8":31,"9":31,"10":31,"11":31,"12":31,"13":31,"14":31,"15":31,"16":31,"17":31,"18":31,"19":31,"20":31,"21":31,"22":31,"23":31,"24":31,"25":31,"26":31,"27":31,"28":31,"29":31,"30":31,"31":31,"32":31,"33":31,"34":31,"35":31,"36":127,"37":31},"f":{"0":127},"b":{}}
,"/home/mart/Documents/GithubRepositories/Software-Engineering-Belsimpel/foosball-front-end/src/components/paginate.ts": {"path":"/home/mart/Documents/GithubRepositories/Software-Engineering-Belsimpel/foosball-front-end/src/components/paginate.ts","statementMap":{"0":{"start":{"line":7,"column":18},"end":{"line":7,"column":20}},"1":{"start":{"line":8,"column":4},"end":{"line":8,"column":20}},"2":{"start":{"line":9,"column":4},"end":{"line":11,"column":null}},"3":{"start":{"line":10,"column":8},"end":{"line":10,"column":28}},"4":{"start":{"line":12,"column":4},"end":{"line":14,"column":null}},"5":{"start":{"line":13,"column":8},"end":{"line":13,"column":52}},"6":{"start":{"line":15,"column":4},"end":{"line":17,"column":null}},"7":{"start":{"line":16,"column":8},"end":{"line":16,"column":48}},"8":{"start":{"line":18,"column":4},"end":{"line":20,"column":null}},"9":{"start":{"line":19,"column":8},"end":{"line":19,"column":null}},"10":{"start":{"line":21,"column":4},"end":{"line":23,"column":null}},"11":{"start":{"line":22,"column":8},"end":{"line":22,"column":28}},"12":{"start":{"line":24,"column":4},"end":{"line":26,"column":null}},"13":{"start":{"line":25,"column":8},"end":{"line":25,"column":45}},"14":{"start":{"line":27,"column":4},"end":{"line":27,"column":19}},"15":{"start":{"line":6,"column":0},"end":{"line":6,"column":24}}},"fnMap":{"0":{"name":"paginationButtons","decl":{"start":{"line":6,"column":24},"end":{"line":6,"column":41}},"loc":{"start":{"line":6,"column":68},"end":{"line":28,"column":1}}}},"branchMap":{"0":{"loc":{"start":{"line":9,"column":4},"end":{"line":11,"column":null}},"type":"if","locations":[{"start":{"line":9,"column":4},"end":{"line":11,"column":null}}]},"1":{"loc":{"start":{"line":9,"column":8},"end":{"line":9,"column":92}},"type":"binary-expr","locations":[{"start":{"line":9,"column":8},"end":{"line":9,"column":37}},{"start":{"line":9,"column":41},"end":{"line":9,"column":92}}]},"2":{"loc":{"start":{"line":12,"column":4},"end":{"line":14,"column":null}},"type":"if","locations":[{"start":{"line":12,"column":4},"end":{"line":14,"column":null}}]},"3":{"loc":{"start":{"line":12,"column":8},"end":{"line":12,"column":92}},"type":"binary-expr","locations":[{"start":{"line":12,"column":8},"end":{"line":12,"column":37}},{"start":{"line":12,"column":41},"end":{"line":12,"column":92}}]},"4":{"loc":{"start":{"line":15,"column":4},"end":{"line":17,"column":null}},"type":"if","locations":[{"start":{"line":15,"column":4},"end":{"line":17,"column":null}}]},"5":{"loc":{"start":{"line":15,"column":8},"end":{"line":15,"column":92}},"type":"binary-expr","locations":[{"start":{"line":15,"column":8},"end":{"line":15,"column":37}},{"start":{"line":15,"column":41},"end":{"line":15,"column":92}}]},"6":{"loc":{"start":{"line":18,"column":4},"end":{"line":20,"column":null}},"type":"if","locations":[{"start":{"line":18,"column":4},"end":{"line":20,"column":null}}]},"7":{"loc":{"start":{"line":18,"column":8},"end":{"line":18,"column":96}},"type":"binary-expr","locations":[{"start":{"line":18,"column":8},"end":{"line":18,"column":62}},{"start":{"line":18,"column":66},"end":{"line":18,"column":96}}]},"8":{"loc":{"start":{"line":21,"column":4},"end":{"line":23,"column":null}},"type":"if","locations":[{"start":{"line":21,"column":4},"end":{"line":23,"column":null}}]},"9":{"loc":{"start":{"line":21,"column":8},"end":{"line":21,"column":96}},"type":"binary-expr","locations":[{"start":{"line":21,"column":8},"end":{"line":21,"column":62}},{"start":{"line":21,"column":66},"end":{"line":21,"column":96}}]},"10":{"loc":{"start":{"line":24,"column":4},"end":{"line":26,"column":null}},"type":"if","locations":[{"start":{"line":24,"column":4},"end":{"line":26,"column":null}}]},"11":{"loc":{"start":{"line":24,"column":8},"end":{"line":24,"column":114}},"type":"binary-expr","locations":[{"start":{"line":24,"column":8},"end":{"line":24,"column":60}},{"start":{"line":24,"column":64},"end":{"line":24,"column":114}}]}},"s":{"0":82,"1":82,"2":82,"3":9,"4":82,"5":9,"6":82,"7":9,"8":82,"9":55,"10":82,"11":55,"12":82,"13":64,"14":82,"15":31},"f":{"0":82},"b":{"0":[9],"1":[82,9],"2":[9],"3":[82,9],"4":[9],"5":[82,9],"6":[55],"7":[82,55],"8":[55],"9":[82,55],"10":[64],"11":[82,73]}}
,"/home/mart/Documents/GithubRepositories/Software-Engineering-Belsimpel/foosball-front-end/src/components/endpoints/Login.ts": {"path":"/home/mart/Documents/GithubRepositories/Software-Engineering-Belsimpel/foosball-front-end/src/components/endpoints/Login.ts","statementMap":{"0":{"start":{"line":1,"column":0},"end":{"line":1,"column":26}},"1":{"start":{"line":3,"column":0},"end":{"line":3,"column":38}},"2":{"start":{"line":4,"column":0},"end":{"line":4,"column":49}},"3":{"start":{"line":8,"column":4},"end":{"line":19,"column":11}},"4":{"start":{"line":10,"column":12},"end":{"line":10,"column":64}},"5":{"start":{"line":11,"column":12},"end":{"line":11,"column":32}},"6":{"start":{"line":14,"column":12},"end":{"line":18,"column":null}},"7":{"start":{"line":15,"column":16},"end":{"line":15,"column":61}},"8":{"start":{"line":17,"column":16},"end":{"line":17,"column":53}},"9":{"start":{"line":20,"column":4},"end":{"line":20,"column":17}},"10":{"start":{"line":24,"column":4},"end":{"line":24,"column":34}},"11":{"start":{"line":25,"column":8},"end":{"line":25,"column":27}},"12":{"start":{"line":26,"column":4},"end":{"line":46,"column":11}},"13":{"start":{"line":34,"column":12},"end":{"line":37,"column":null}},"14":{"start":{"line":35,"column":16},"end":{"line":35,"column":25}},"15":{"start":{"line":36,"column":16},"end":{"line":36,"column":36}},"16":{"start":{"line":40,"column":12},"end":{"line":44,"column":null}},"17":{"start":{"line":41,"column":16},"end":{"line":41,"column":61}},"18":{"start":{"line":43,"column":16},"end":{"line":43,"column":53}},"19":{"start":{"line":45,"column":12},"end":{"line":45,"column":22}},"20":{"start":{"line":47,"column":4},"end":{"line":47,"column":53}},"21":{"start":{"line":48,"column":4},"end":{"line":48,"column":23}},"22":{"start":{"line":49,"column":4},"end":{"line":49,"column":13}},"23":{"start":{"line":23,"column":0},"end":{"line":23,"column":22}},"24":{"start":{"line":54,"column":4},"end":{"line":54,"column":34}},"25":{"start":{"line":55,"column":8},"end":{"line":55,"column":27}},"26":{"start":{"line":56,"column":4},"end":{"line":80,"column":11}},"27":{"start":{"line":68,"column":12},"end":{"line":71,"column":null}},"28":{"start":{"line":69,"column":16},"end":{"line":69,"column":25}},"29":{"start":{"line":70,"column":16},"end":{"line":70,"column":36}},"30":{"start":{"line":74,"column":12},"end":{"line":78,"column":null}},"31":{"start":{"line":75,"column":16},"end":{"line":75,"column":61}},"32":{"start":{"line":77,"column":16},"end":{"line":77,"column":53}},"33":{"start":{"line":79,"column":12},"end":{"line":79,"column":22}},"34":{"start":{"line":81,"column":4},"end":{"line":81,"column":53}},"35":{"start":{"line":82,"column":4},"end":{"line":82,"column":23}},"36":{"start":{"line":83,"column":4},"end":{"line":83,"column":13}},"37":{"start":{"line":52,"column":0},"end":{"line":52,"column":22}},"38":{"start":{"line":87,"column":4},"end":{"line":87,"column":42}},"39":{"start":{"line":88,"column":4},"end":{"line":88,"column":41}},"40":{"start":{"line":89,"column":4},"end":{"line":102,"column":11}},"41":{"start":{"line":97,"column":12},"end":{"line":101,"column":null}},"42":{"start":{"line":99,"column":16},"end":{"line":99,"column":54}},"43":{"start":{"line":100,"column":16},"end":{"line":100,"column":53}},"44":{"start":{"line":86,"column":0},"end":{"line":86,"column":22}},"45":{"start":{"line":106,"column":4},"end":{"line":106,"column":34}},"46":{"start":{"line":107,"column":8},"end":{"line":107,"column":27}},"47":{"start":{"line":108,"column":4},"end":{"line":125,"column":11}},"48":{"start":{"line":115,"column":12},"end":{"line":117,"column":null}},"49":{"start":{"line":116,"column":16},"end":{"line":116,"column":25}},"50":{"start":{"line":120,"column":12},"end":{"line":124,"column":null}},"51":{"start":{"line":121,"column":16},"end":{"line":121,"column":61}},"52":{"start":{"line":123,"column":16},"end":{"line":123,"column":53}},"53":{"start":{"line":126,"column":4},"end":{"line":126,"column":13}},"54":{"start":{"line":105,"column":0},"end":{"line":105,"column":22}},"55":{"start":{"line":131,"column":4},"end":{"line":131,"column":34}},"56":{"start":{"line":132,"column":8},"end":{"line":132,"column":27}},"57":{"start":{"line":133,"column":4},"end":{"line":153,"column":11}},"58":{"start":{"line":143,"column":12},"end":{"line":145,"column":null}},"59":{"start":{"line":144,"column":16},"end":{"line":144,"column":25}},"60":{"start":{"line":148,"column":12},"end":{"line":152,"column":null}},"61":{"start":{"line":149,"column":16},"end":{"line":149,"column":61}},"62":{"start":{"line":151,"column":16},"end":{"line":151,"column":53}},"63":{"start":{"line":154,"column":4},"end":{"line":154,"column":13}},"64":{"start":{"line":129,"column":0},"end":{"line":129,"column":22}},"65":{"start":{"line":158,"column":8},"end":{"line":158,"column":27}},"66":{"start":{"line":159,"column":4},"end":{"line":173,"column":7}},"67":{"start":{"line":164,"column":8},"end":{"line":164,"column":32}},"68":{"start":{"line":165,"column":8},"end":{"line":165,"column":56}},"69":{"start":{"line":167,"column":8},"end":{"line":170,"column":null}},"70":{"start":{"line":169,"column":12},"end":{"line":169,"column":50}},"71":{"start":{"line":171,"column":8},"end":{"line":171,"column":45}},"72":{"start":{"line":172,"column":8},"end":{"line":172,"column":18}},"73":{"start":{"line":174,"column":4},"end":{"line":174,"column":13}},"74":{"start":{"line":157,"column":0},"end":{"line":157,"column":22}}},"fnMap":{"0":{"name":"cookie","decl":{"start":{"line":6,"column":15},"end":{"line":6,"column":21}},"loc":{"start":{"line":6,"column":63},"end":{"line":21,"column":null}}},"1":{"name":"(anonymous_17)","decl":{"start":{"line":9,"column":14},"end":{"line":9,"column":22}},"loc":{"start":{"line":9,"column":22},"end":{"line":12,"column":9}}},"2":{"name":"(anonymous_18)","decl":{"start":{"line":13,"column":15},"end":{"line":13,"column":20}},"loc":{"start":{"line":13,"column":20},"end":{"line":19,"column":9}}},"3":{"name":"login","decl":{"start":{"line":23,"column":22},"end":{"line":23,"column":27}},"loc":{"start":{"line":23,"column":102},"end":{"line":50,"column":null}}},"4":{"name":"(anonymous_22)","decl":{"start":{"line":33,"column":14},"end":{"line":33,"column":22}},"loc":{"start":{"line":33,"column":22},"end":{"line":38,"column":9}}},"5":{"name":"(anonymous_23)","decl":{"start":{"line":39,"column":15},"end":{"line":39,"column":20}},"loc":{"start":{"line":39,"column":20},"end":{"line":46,"column":9}}},"6":{"name":"register","decl":{"start":{"line":52,"column":22},"end":{"line":52,"column":30}},"loc":{"start":{"line":53,"column":121},"end":{"line":84,"column":null}}},"7":{"name":"(anonymous_27)","decl":{"start":{"line":67,"column":14},"end":{"line":67,"column":22}},"loc":{"start":{"line":67,"column":22},"end":{"line":72,"column":9}}},"8":{"name":"(anonymous_28)","decl":{"start":{"line":73,"column":15},"end":{"line":73,"column":20}},"loc":{"start":{"line":73,"column":20},"end":{"line":80,"column":9}}},"9":{"name":"logout","decl":{"start":{"line":86,"column":22},"end":{"line":86,"column":28}},"loc":{"start":{"line":86,"column":28},"end":{"line":103,"column":null}}},"10":{"name":"(anonymous_32)","decl":{"start":{"line":94,"column":14},"end":{"line":94,"column":null}},"loc":{"start":{"line":94,"column":14},"end":{"line":95,"column":9}}},"11":{"name":"(anonymous_33)","decl":{"start":{"line":96,"column":15},"end":{"line":96,"column":20}},"loc":{"start":{"line":96,"column":20},"end":{"line":102,"column":9}}},"12":{"name":"forgotPassword","decl":{"start":{"line":105,"column":22},"end":{"line":105,"column":36}},"loc":{"start":{"line":105,"column":93},"end":{"line":127,"column":null}}},"13":{"name":"(anonymous_37)","decl":{"start":{"line":114,"column":14},"end":{"line":114,"column":22}},"loc":{"start":{"line":114,"column":22},"end":{"line":118,"column":9}}},"14":{"name":"(anonymous_38)","decl":{"start":{"line":119,"column":15},"end":{"line":119,"column":20}},"loc":{"start":{"line":119,"column":20},"end":{"line":125,"column":9}}},"15":{"name":"resetPassword","decl":{"start":{"line":129,"column":22},"end":{"line":129,"column":35}},"loc":{"start":{"line":130,"column":92},"end":{"line":155,"column":null}}},"16":{"name":"(anonymous_42)","decl":{"start":{"line":142,"column":14},"end":{"line":142,"column":22}},"loc":{"start":{"line":142,"column":22},"end":{"line":146,"column":9}}},"17":{"name":"(anonymous_43)","decl":{"start":{"line":147,"column":15},"end":{"line":147,"column":20}},"loc":{"start":{"line":147,"column":20},"end":{"line":153,"column":9}}},"18":{"name":"getIsAdmin","decl":{"start":{"line":157,"column":22},"end":{"line":157,"column":32}},"loc":{"start":{"line":157,"column":32},"end":{"line":175,"column":null}}},"19":{"name":"(anonymous_47)","decl":{"start":{"line":163,"column":12},"end":{"line":163,"column":20}},"loc":{"start":{"line":163,"column":20},"end":{"line":166,"column":5}}},"20":{"name":"(anonymous_48)","decl":{"start":{"line":166,"column":13},"end":{"line":166,"column":18}},"loc":{"start":{"line":166,"column":18},"end":{"line":173,"column":5}}}},"branchMap":{"0":{"loc":{"start":{"line":8,"column":4},"end":{"line":19,"column":11}},"type":"switch","locations":[{"start":{"line":8,"column":4},"end":{"line":19,"column":11}}]},"1":{"loc":{"start":{"line":14,"column":12},"end":{"line":18,"column":null}},"type":"if","locations":[{"start":{"line":14,"column":12},"end":{"line":18,"column":null}},{"start":{"line":16,"column":19},"end":{"line":18,"column":null}}]},"2":{"loc":{"start":{"line":24,"column":4},"end":{"line":24,"column":34}},"type":"switch","locations":[{"start":{"line":24,"column":4},"end":{"line":24,"column":34}}]},"3":{"loc":{"start":{"line":34,"column":12},"end":{"line":37,"column":null}},"type":"if","locations":[{"start":{"line":34,"column":12},"end":{"line":37,"column":null}}]},"4":{"loc":{"start":{"line":34,"column":16},"end":{"line":34,"column":63}},"type":"binary-expr","locations":[{"start":{"line":34,"column":16},"end":{"line":34,"column":38}},{"start":{"line":34,"column":42},"end":{"line":34,"column":63}}]},"5":{"loc":{"start":{"line":40,"column":12},"end":{"line":44,"column":null}},"type":"if","locations":[{"start":{"line":40,"column":12},"end":{"line":44,"column":null}},{"start":{"line":42,"column":19},"end":{"line":44,"column":null}}]},"6":{"loc":{"start":{"line":54,"column":4},"end":{"line":54,"column":34}},"type":"switch","locations":[{"start":{"line":54,"column":4},"end":{"line":54,"column":34}}]},"7":{"loc":{"start":{"line":68,"column":12},"end":{"line":71,"column":null}},"type":"if","locations":[{"start":{"line":68,"column":12},"end":{"line":71,"column":null}}]},"8":{"loc":{"start":{"line":68,"column":16},"end":{"line":68,"column":63}},"type":"binary-expr","locations":[{"start":{"line":68,"column":16},"end":{"line":68,"column":38}},{"start":{"line":68,"column":42},"end":{"line":68,"column":63}}]},"9":{"loc":{"start":{"line":74,"column":12},"end":{"line":78,"column":null}},"type":"if","locations":[{"start":{"line":74,"column":12},"end":{"line":78,"column":null}},{"start":{"line":76,"column":19},"end":{"line":78,"column":null}}]},"10":{"loc":{"start":{"line":97,"column":12},"end":{"line":101,"column":null}},"type":"if","locations":[{"start":{"line":97,"column":12},"end":{"line":101,"column":null}}]},"11":{"loc":{"start":{"line":97,"column":16},"end":{"line":98,"column":114}},"type":"binary-expr","locations":[{"start":{"line":97,"column":16},"end":{"line":97,"column":45}},{"start":{"line":98,"column":17},"end":{"line":98,"column":67}},{"start":{"line":98,"column":71},"end":{"line":98,"column":113}}]},"12":{"loc":{"start":{"line":106,"column":4},"end":{"line":106,"column":34}},"type":"switch","locations":[{"start":{"line":106,"column":4},"end":{"line":106,"column":34}}]},"13":{"loc":{"start":{"line":115,"column":12},"end":{"line":117,"column":null}},"type":"if","locations":[{"start":{"line":115,"column":12},"end":{"line":117,"column":null}}]},"14":{"loc":{"start":{"line":115,"column":16},"end":{"line":115,"column":63}},"type":"binary-expr","locations":[{"start":{"line":115,"column":16},"end":{"line":115,"column":38}},{"start":{"line":115,"column":42},"end":{"line":115,"column":63}}]},"15":{"loc":{"start":{"line":120,"column":12},"end":{"line":124,"column":null}},"type":"if","locations":[{"start":{"line":120,"column":12},"end":{"line":124,"column":null}},{"start":{"line":122,"column":19},"end":{"line":124,"column":null}}]},"16":{"loc":{"start":{"line":131,"column":4},"end":{"line":131,"column":34}},"type":"switch","locations":[{"start":{"line":131,"column":4},"end":{"line":131,"column":34}}]},"17":{"loc":{"start":{"line":143,"column":12},"end":{"line":145,"column":null}},"type":"if","locations":[{"start":{"line":143,"column":12},"end":{"line":145,"column":null}}]},"18":{"loc":{"start":{"line":143,"column":16},"end":{"line":143,"column":63}},"type":"binary-expr","locations":[{"start":{"line":143,"column":16},"end":{"line":143,"column":38}},{"start":{"line":143,"column":42},"end":{"line":143,"column":63}}]},"19":{"loc":{"start":{"line":148,"column":12},"end":{"line":152,"column":null}},"type":"if","locations":[{"start":{"line":148,"column":12},"end":{"line":152,"column":null}},{"start":{"line":150,"column":19},"end":{"line":152,"column":null}}]},"20":{"loc":{"start":{"line":167,"column":8},"end":{"line":170,"column":null}},"type":"if","locations":[{"start":{"line":167,"column":8},"end":{"line":170,"column":null}}]},"21":{"loc":{"start":{"line":167,"column":12},"end":{"line":168,"column":110}},"type":"binary-expr","locations":[{"start":{"line":167,"column":12},"end":{"line":167,"column":41}},{"start":{"line":168,"column":13},"end":{"line":168,"column":63}},{"start":{"line":168,"column":67},"end":{"line":168,"column":109}}]}},"s":{"0":32,"1":32,"2":32,"3":22,"4":10,"5":10,"6":1,"7":1,"8":0,"9":11,"10":10,"11":5,"12":10,"13":3,"14":3,"15":3,"16":2,"17":2,"18":0,"19":2,"20":5,"21":10,"22":5,"23":32,"24":4,"25":2,"26":4,"27":1,"28":1,"29":1,"30":1,"31":1,"32":0,"33":1,"34":2,"35":4,"36":2,"37":32,"38":3,"39":3,"40":6,"41":1,"42":1,"43":1,"44":32,"45":4,"46":2,"47":4,"48":1,"49":1,"50":1,"51":1,"52":0,"53":2,"54":32,"55":4,"56":2,"57":4,"58":1,"59":1,"60":1,"61":1,"62":0,"63":2,"64":32,"65":7,"66":14,"67":6,"68":6,"69":1,"70":1,"71":1,"72":1,"73":7,"74":32},"f":{"0":11,"1":10,"2":1,"3":5,"4":3,"5":2,"6":2,"7":1,"8":1,"9":3,"10":2,"11":1,"12":2,"13":1,"14":1,"15":2,"16":1,"17":1,"18":7,"19":6,"20":1},"b":{"0":[11],"1":[1,0],"2":[5],"3":[3],"4":[3,3],"5":[2,0],"6":[2],"7":[1],"8":[1,1],"9":[1,0],"10":[1],"11":[1,1,0],"12":[2],"13":[1],"14":[1,1],"15":[1,0],"16":[2],"17":[1],"18":[1,1],"19":[1,0],"20":[1],"21":[1,1,0]}}
,"/home/mart/Documents/GithubRepositories/Software-Engineering-Belsimpel/foosball-front-end/src/components/endpoints/admin/Games.ts": {"path":"/home/mart/Documents/GithubRepositories/Software-Engineering-Belsimpel/foosball-front-end/src/components/endpoints/admin/Games.ts","statementMap":{"0":{"start":{"line":1,"column":0},"end":{"line":1,"column":26}},"1":{"start":{"line":5,"column":8},"end":{"line":5,"column":27}},"2":{"start":{"line":6,"column":4},"end":{"line":33,"column":null}},"3":{"start":{"line":16,"column":12},"end":{"line":19,"column":null}},"4":{"start":{"line":17,"column":16},"end":{"line":17,"column":25}},"5":{"start":{"line":18,"column":16},"end":{"line":18,"column":36}},"6":{"start":{"line":22,"column":12},"end":{"line":26,"column":null}},"7":{"start":{"line":23,"column":16},"end":{"line":23,"column":61}},"8":{"start":{"line":25,"column":16},"end":{"line":25,"column":53}},"9":{"start":{"line":27,"column":12},"end":{"line":32,"column":null}},"10":{"start":{"line":29,"column":16},"end":{"line":29,"column":54}},"11":{"start":{"line":30,"column":16},"end":{"line":30,"column":53}},"12":{"start":{"line":31,"column":16},"end":{"line":31,"column":41}},"13":{"start":{"line":34,"column":4},"end":{"line":34,"column":13}},"14":{"start":{"line":3,"column":0},"end":{"line":3,"column":22}},"15":{"start":{"line":39,"column":8},"end":{"line":39,"column":27}},"16":{"start":{"line":40,"column":4},"end":{"line":66,"column":null}},"17":{"start":{"line":49,"column":12},"end":{"line":52,"column":null}},"18":{"start":{"line":50,"column":16},"end":{"line":50,"column":25}},"19":{"start":{"line":51,"column":16},"end":{"line":51,"column":36}},"20":{"start":{"line":55,"column":12},"end":{"line":59,"column":null}},"21":{"start":{"line":56,"column":16},"end":{"line":56,"column":61}},"22":{"start":{"line":58,"column":16},"end":{"line":58,"column":53}},"23":{"start":{"line":60,"column":12},"end":{"line":65,"column":null}},"24":{"start":{"line":62,"column":16},"end":{"line":62,"column":54}},"25":{"start":{"line":63,"column":16},"end":{"line":63,"column":53}},"26":{"start":{"line":64,"column":16},"end":{"line":64,"column":41}},"27":{"start":{"line":67,"column":4},"end":{"line":67,"column":13}},"28":{"start":{"line":37,"column":0},"end":{"line":37,"column":22}},"29":{"start":{"line":71,"column":8},"end":{"line":71,"column":27}},"30":{"start":{"line":72,"column":4},"end":{"line":95,"column":null}},"31":{"start":{"line":78,"column":12},"end":{"line":81,"column":null}},"32":{"start":{"line":79,"column":16},"end":{"line":79,"column":25}},"33":{"start":{"line":80,"column":16},"end":{"line":80,"column":36}},"34":{"start":{"line":84,"column":12},"end":{"line":88,"column":null}},"35":{"start":{"line":85,"column":16},"end":{"line":85,"column":61}},"36":{"start":{"line":87,"column":16},"end":{"line":87,"column":53}},"37":{"start":{"line":89,"column":12},"end":{"line":94,"column":null}},"38":{"start":{"line":91,"column":16},"end":{"line":91,"column":54}},"39":{"start":{"line":92,"column":16},"end":{"line":92,"column":53}},"40":{"start":{"line":93,"column":16},"end":{"line":93,"column":41}},"41":{"start":{"line":96,"column":4},"end":{"line":96,"column":13}},"42":{"start":{"line":70,"column":0},"end":{"line":70,"column":22}},"43":{"start":{"line":102,"column":8},"end":{"line":102,"column":27}},"44":{"start":{"line":103,"column":4},"end":{"line":132,"column":null}},"45":{"start":{"line":115,"column":12},"end":{"line":118,"column":null}},"46":{"start":{"line":116,"column":16},"end":{"line":116,"column":25}},"47":{"start":{"line":117,"column":16},"end":{"line":117,"column":36}},"48":{"start":{"line":121,"column":12},"end":{"line":125,"column":null}},"49":{"start":{"line":122,"column":16},"end":{"line":122,"column":61}},"50":{"start":{"line":124,"column":16},"end":{"line":124,"column":53}},"51":{"start":{"line":126,"column":12},"end":{"line":131,"column":null}},"52":{"start":{"line":128,"column":16},"end":{"line":128,"column":54}},"53":{"start":{"line":129,"column":16},"end":{"line":129,"column":53}},"54":{"start":{"line":130,"column":16},"end":{"line":130,"column":41}},"55":{"start":{"line":133,"column":4},"end":{"line":133,"column":13}},"56":{"start":{"line":99,"column":0},"end":{"line":99,"column":22}},"57":{"start":{"line":138,"column":8},"end":{"line":138,"column":27}},"58":{"start":{"line":139,"column":4},"end":{"line":165,"column":null}},"59":{"start":{"line":148,"column":12},"end":{"line":151,"column":null}},"60":{"start":{"line":149,"column":16},"end":{"line":149,"column":25}},"61":{"start":{"line":150,"column":16},"end":{"line":150,"column":36}},"62":{"start":{"line":154,"column":12},"end":{"line":158,"column":null}},"63":{"start":{"line":155,"column":16},"end":{"line":155,"column":61}},"64":{"start":{"line":157,"column":16},"end":{"line":157,"column":53}},"65":{"start":{"line":159,"column":12},"end":{"line":164,"column":null}},"66":{"start":{"line":161,"column":16},"end":{"line":161,"column":54}},"67":{"start":{"line":162,"column":16},"end":{"line":162,"column":53}},"68":{"start":{"line":163,"column":16},"end":{"line":163,"column":41}},"69":{"start":{"line":166,"column":4},"end":{"line":166,"column":13}},"70":{"start":{"line":136,"column":0},"end":{"line":136,"column":22}},"71":{"start":{"line":170,"column":8},"end":{"line":170,"column":27}},"72":{"start":{"line":171,"column":4},"end":{"line":194,"column":null}},"73":{"start":{"line":177,"column":12},"end":{"line":180,"column":null}},"74":{"start":{"line":178,"column":16},"end":{"line":178,"column":25}},"75":{"start":{"line":179,"column":16},"end":{"line":179,"column":36}},"76":{"start":{"line":183,"column":12},"end":{"line":187,"column":null}},"77":{"start":{"line":184,"column":16},"end":{"line":184,"column":61}},"78":{"start":{"line":186,"column":16},"end":{"line":186,"column":53}},"79":{"start":{"line":188,"column":12},"end":{"line":193,"column":null}},"80":{"start":{"line":190,"column":16},"end":{"line":190,"column":54}},"81":{"start":{"line":191,"column":16},"end":{"line":191,"column":53}},"82":{"start":{"line":192,"column":16},"end":{"line":192,"column":41}},"83":{"start":{"line":195,"column":4},"end":{"line":195,"column":13}},"84":{"start":{"line":169,"column":0},"end":{"line":169,"column":22}}},"fnMap":{"0":{"name":"makeGame1v1","decl":{"start":{"line":3,"column":22},"end":{"line":3,"column":33}},"loc":{"start":{"line":4,"column":110},"end":{"line":35,"column":null}}},"1":{"name":"(anonymous_17)","decl":{"start":{"line":15,"column":14},"end":{"line":15,"column":22}},"loc":{"start":{"line":15,"column":22},"end":{"line":20,"column":9}}},"2":{"name":"(anonymous_18)","decl":{"start":{"line":21,"column":15},"end":{"line":21,"column":20}},"loc":{"start":{"line":21,"column":20},"end":{"line":33,"column":9}}},"3":{"name":"editGame1v1","decl":{"start":{"line":37,"column":22},"end":{"line":37,"column":33}},"loc":{"start":{"line":38,"column":124},"end":{"line":68,"column":null}}},"4":{"name":"(anonymous_22)","decl":{"start":{"line":48,"column":14},"end":{"line":48,"column":22}},"loc":{"start":{"line":48,"column":22},"end":{"line":53,"column":9}}},"5":{"name":"(anonymous_23)","decl":{"start":{"line":54,"column":15},"end":{"line":54,"column":20}},"loc":{"start":{"line":54,"column":20},"end":{"line":66,"column":9}}},"6":{"name":"deleteGame1v1","decl":{"start":{"line":70,"column":22},"end":{"line":70,"column":35}},"loc":{"start":{"line":70,"column":89},"end":{"line":97,"column":null}}},"7":{"name":"(anonymous_27)","decl":{"start":{"line":77,"column":14},"end":{"line":77,"column":22}},"loc":{"start":{"line":77,"column":22},"end":{"line":82,"column":9}}},"8":{"name":"(anonymous_28)","decl":{"start":{"line":83,"column":15},"end":{"line":83,"column":20}},"loc":{"start":{"line":83,"column":20},"end":{"line":95,"column":9}}},"9":{"name":"makeGame2v2","decl":{"start":{"line":99,"column":22},"end":{"line":99,"column":33}},"loc":{"start":{"line":101,"column":108},"end":{"line":134,"column":null}}},"10":{"name":"(anonymous_32)","decl":{"start":{"line":114,"column":14},"end":{"line":114,"column":22}},"loc":{"start":{"line":114,"column":22},"end":{"line":119,"column":9}}},"11":{"name":"(anonymous_33)","decl":{"start":{"line":120,"column":15},"end":{"line":120,"column":20}},"loc":{"start":{"line":120,"column":20},"end":{"line":132,"column":9}}},"12":{"name":"editGame2v2","decl":{"start":{"line":136,"column":22},"end":{"line":136,"column":33}},"loc":{"start":{"line":137,"column":122},"end":{"line":167,"column":null}}},"13":{"name":"(anonymous_37)","decl":{"start":{"line":147,"column":14},"end":{"line":147,"column":22}},"loc":{"start":{"line":147,"column":22},"end":{"line":152,"column":9}}},"14":{"name":"(anonymous_38)","decl":{"start":{"line":153,"column":15},"end":{"line":153,"column":20}},"loc":{"start":{"line":153,"column":20},"end":{"line":165,"column":9}}},"15":{"name":"deleteGame2v2","decl":{"start":{"line":169,"column":22},"end":{"line":169,"column":35}},"loc":{"start":{"line":169,"column":89},"end":{"line":196,"column":null}}},"16":{"name":"(anonymous_42)","decl":{"start":{"line":176,"column":14},"end":{"line":176,"column":22}},"loc":{"start":{"line":176,"column":22},"end":{"line":181,"column":9}}},"17":{"name":"(anonymous_43)","decl":{"start":{"line":182,"column":15},"end":{"line":182,"column":20}},"loc":{"start":{"line":182,"column":20},"end":{"line":194,"column":9}}}},"branchMap":{"0":{"loc":{"start":{"line":16,"column":12},"end":{"line":19,"column":null}},"type":"if","locations":[{"start":{"line":16,"column":12},"end":{"line":19,"column":null}}]},"1":{"loc":{"start":{"line":16,"column":16},"end":{"line":16,"column":63}},"type":"binary-expr","locations":[{"start":{"line":16,"column":16},"end":{"line":16,"column":38}},{"start":{"line":16,"column":42},"end":{"line":16,"column":63}}]},"2":{"loc":{"start":{"line":22,"column":12},"end":{"line":26,"column":null}},"type":"if","locations":[{"start":{"line":22,"column":12},"end":{"line":26,"column":null}},{"start":{"line":24,"column":19},"end":{"line":26,"column":null}}]},"3":{"loc":{"start":{"line":27,"column":12},"end":{"line":32,"column":null}},"type":"if","locations":[{"start":{"line":27,"column":12},"end":{"line":32,"column":null}}]},"4":{"loc":{"start":{"line":27,"column":16},"end":{"line":28,"column":114}},"type":"binary-expr","locations":[{"start":{"line":27,"column":16},"end":{"line":27,"column":45}},{"start":{"line":28,"column":17},"end":{"line":28,"column":67}},{"start":{"line":28,"column":71},"end":{"line":28,"column":113}}]},"5":{"loc":{"start":{"line":49,"column":12},"end":{"line":52,"column":null}},"type":"if","locations":[{"start":{"line":49,"column":12},"end":{"line":52,"column":null}}]},"6":{"loc":{"start":{"line":49,"column":16},"end":{"line":49,"column":63}},"type":"binary-expr","locations":[{"start":{"line":49,"column":16},"end":{"line":49,"column":38}},{"start":{"line":49,"column":42},"end":{"line":49,"column":63}}]},"7":{"loc":{"start":{"line":55,"column":12},"end":{"line":59,"column":null}},"type":"if","locations":[{"start":{"line":55,"column":12},"end":{"line":59,"column":null}},{"start":{"line":57,"column":19},"end":{"line":59,"column":null}}]},"8":{"loc":{"start":{"line":60,"column":12},"end":{"line":65,"column":null}},"type":"if","locations":[{"start":{"line":60,"column":12},"end":{"line":65,"column":null}}]},"9":{"loc":{"start":{"line":60,"column":16},"end":{"line":61,"column":114}},"type":"binary-expr","locations":[{"start":{"line":60,"column":16},"end":{"line":60,"column":45}},{"start":{"line":61,"column":17},"end":{"line":61,"column":67}},{"start":{"line":61,"column":71},"end":{"line":61,"column":113}}]},"10":{"loc":{"start":{"line":78,"column":12},"end":{"line":81,"column":null}},"type":"if","locations":[{"start":{"line":78,"column":12},"end":{"line":81,"column":null}}]},"11":{"loc":{"start":{"line":78,"column":16},"end":{"line":78,"column":63}},"type":"binary-expr","locations":[{"start":{"line":78,"column":16},"end":{"line":78,"column":38}},{"start":{"line":78,"column":42},"end":{"line":78,"column":63}}]},"12":{"loc":{"start":{"line":84,"column":12},"end":{"line":88,"column":null}},"type":"if","locations":[{"start":{"line":84,"column":12},"end":{"line":88,"column":null}},{"start":{"line":86,"column":19},"end":{"line":88,"column":null}}]},"13":{"loc":{"start":{"line":89,"column":12},"end":{"line":94,"column":null}},"type":"if","locations":[{"start":{"line":89,"column":12},"end":{"line":94,"column":null}}]},"14":{"loc":{"start":{"line":89,"column":16},"end":{"line":90,"column":114}},"type":"binary-expr","locations":[{"start":{"line":89,"column":16},"end":{"line":89,"column":45}},{"start":{"line":90,"column":17},"end":{"line":90,"column":67}},{"start":{"line":90,"column":71},"end":{"line":90,"column":113}}]},"15":{"loc":{"start":{"line":115,"column":12},"end":{"line":118,"column":null}},"type":"if","locations":[{"start":{"line":115,"column":12},"end":{"line":118,"column":null}}]},"16":{"loc":{"start":{"line":115,"column":16},"end":{"line":115,"column":63}},"type":"binary-expr","locations":[{"start":{"line":115,"column":16},"end":{"line":115,"column":38}},{"start":{"line":115,"column":42},"end":{"line":115,"column":63}}]},"17":{"loc":{"start":{"line":121,"column":12},"end":{"line":125,"column":null}},"type":"if","locations":[{"start":{"line":121,"column":12},"end":{"line":125,"column":null}},{"start":{"line":123,"column":19},"end":{"line":125,"column":null}}]},"18":{"loc":{"start":{"line":126,"column":12},"end":{"line":131,"column":null}},"type":"if","locations":[{"start":{"line":126,"column":12},"end":{"line":131,"column":null}}]},"19":{"loc":{"start":{"line":126,"column":16},"end":{"line":127,"column":114}},"type":"binary-expr","locations":[{"start":{"line":126,"column":16},"end":{"line":126,"column":45}},{"start":{"line":127,"column":17},"end":{"line":127,"column":67}},{"start":{"line":127,"column":71},"end":{"line":127,"column":113}}]},"20":{"loc":{"start":{"line":148,"column":12},"end":{"line":151,"column":null}},"type":"if","locations":[{"start":{"line":148,"column":12},"end":{"line":151,"column":null}}]},"21":{"loc":{"start":{"line":148,"column":16},"end":{"line":148,"column":63}},"type":"binary-expr","locations":[{"start":{"line":148,"column":16},"end":{"line":148,"column":38}},{"start":{"line":148,"column":42},"end":{"line":148,"column":63}}]},"22":{"loc":{"start":{"line":154,"column":12},"end":{"line":158,"column":null}},"type":"if","locations":[{"start":{"line":154,"column":12},"end":{"line":158,"column":null}},{"start":{"line":156,"column":19},"end":{"line":158,"column":null}}]},"23":{"loc":{"start":{"line":159,"column":12},"end":{"line":164,"column":null}},"type":"if","locations":[{"start":{"line":159,"column":12},"end":{"line":164,"column":null}}]},"24":{"loc":{"start":{"line":159,"column":16},"end":{"line":160,"column":114}},"type":"binary-expr","locations":[{"start":{"line":159,"column":16},"end":{"line":159,"column":45}},{"start":{"line":160,"column":17},"end":{"line":160,"column":67}},{"start":{"line":160,"column":71},"end":{"line":160,"column":113}}]},"25":{"loc":{"start":{"line":177,"column":12},"end":{"line":180,"column":null}},"type":"if","locations":[{"start":{"line":177,"column":12},"end":{"line":180,"column":null}}]},"26":{"loc":{"start":{"line":177,"column":16},"end":{"line":177,"column":63}},"type":"binary-expr","locations":[{"start":{"line":177,"column":16},"end":{"line":177,"column":38}},{"start":{"line":177,"column":42},"end":{"line":177,"column":63}}]},"27":{"loc":{"start":{"line":183,"column":12},"end":{"line":187,"column":null}},"type":"if","locations":[{"start":{"line":183,"column":12},"end":{"line":187,"column":null}},{"start":{"line":185,"column":19},"end":{"line":187,"column":null}}]},"28":{"loc":{"start":{"line":188,"column":12},"end":{"line":193,"column":null}},"type":"if","locations":[{"start":{"line":188,"column":12},"end":{"line":193,"column":null}}]},"29":{"loc":{"start":{"line":188,"column":16},"end":{"line":189,"column":114}},"type":"binary-expr","locations":[{"start":{"line":188,"column":16},"end":{"line":188,"column":45}},{"start":{"line":189,"column":17},"end":{"line":189,"column":67}},{"start":{"line":189,"column":71},"end":{"line":189,"column":113}}]}},"s":{"0":31,"1":2,"2":4,"3":1,"4":1,"5":1,"6":1,"7":1,"8":0,"9":1,"10":1,"11":1,"12":1,"13":2,"14":31,"15":2,"16":4,"17":1,"18":1,"19":1,"20":1,"21":1,"22":0,"23":1,"24":1,"25":1,"26":1,"27":2,"28":31,"29":2,"30":4,"31":1,"32":1,"33":1,"34":1,"35":1,"36":0,"37":1,"38":1,"39":1,"40":1,"41":2,"42":31,"43":2,"44":4,"45":1,"46":1,"47":1,"48":1,"49":1,"50":0,"51":1,"52":1,"53":1,"54":1,"55":2,"56":31,"57":2,"58":4,"59":1,"60":1,"61":1,"62":1,"63":1,"64":0,"65":1,"66":1,"67":1,"68":1,"69":2,"70":31,"71":2,"72":4,"73":1,"74":1,"75":1,"76":1,"77":1,"78":0,"79":1,"80":1,"81":1,"82":1,"83":2,"84":31},"f":{"0":2,"1":1,"2":1,"3":2,"4":1,"5":1,"6":2,"7":1,"8":1,"9":2,"10":1,"11":1,"12":2,"13":1,"14":1,"15":2,"16":1,"17":1},"b":{"0":[1],"1":[1,1],"2":[1,0],"3":[1],"4":[1,1,0],"5":[1],"6":[1,1],"7":[1,0],"8":[1],"9":[1,1,0],"10":[1],"11":[1,1],"12":[1,0],"13":[1],"14":[1,1,0],"15":[1],"16":[1,1],"17":[1,0],"18":[1],"19":[1,1,0],"20":[1],"21":[1,1],"22":[1,0],"23":[1],"24":[1,1,0],"25":[1],"26":[1,1],"27":[1,0],"28":[1],"29":[1,1,0]}}
,"/home/mart/Documents/GithubRepositories/Software-Engineering-Belsimpel/foosball-front-end/src/components/endpoints/admin/Teams.ts": {"path":"/home/mart/Documents/GithubRepositories/Software-Engineering-Belsimpel/foosball-front-end/src/components/endpoints/admin/Teams.ts","statementMap":{"0":{"start":{"line":1,"column":0},"end":{"line":1,"column":26}},"1":{"start":{"line":5,"column":36},"end":{"line":5,"column":54}},"2":{"start":{"line":6,"column":8},"end":{"line":6,"column":27}},"3":{"start":{"line":8,"column":8},"end":{"line":8,"column":24}},"4":{"start":{"line":9,"column":8},"end":{"line":9,"column":21}},"5":{"start":{"line":10,"column":4},"end":{"line":33,"column":null}},"6":{"start":{"line":16,"column":12},"end":{"line":16,"column":39}},"7":{"start":{"line":17,"column":12},"end":{"line":17,"column":53}},"8":{"start":{"line":18,"column":12},"end":{"line":18,"column":47}},"9":{"start":{"line":19,"column":12},"end":{"line":19,"column":32}},"10":{"start":{"line":22,"column":12},"end":{"line":26,"column":null}},"11":{"start":{"line":23,"column":16},"end":{"line":23,"column":61}},"12":{"start":{"line":25,"column":16},"end":{"line":25,"column":53}},"13":{"start":{"line":27,"column":12},"end":{"line":32,"column":null}},"14":{"start":{"line":29,"column":16},"end":{"line":29,"column":54}},"15":{"start":{"line":30,"column":16},"end":{"line":30,"column":53}},"16":{"start":{"line":31,"column":16},"end":{"line":31,"column":41}},"17":{"start":{"line":34,"column":4},"end":{"line":34,"column":66}},"18":{"start":{"line":35,"column":4},"end":{"line":35,"column":31}},"19":{"start":{"line":5,"column":0},"end":{"line":5,"column":22}},"20":{"start":{"line":39,"column":8},"end":{"line":39,"column":27}},"21":{"start":{"line":40,"column":4},"end":{"line":64,"column":null}},"22":{"start":{"line":47,"column":12},"end":{"line":50,"column":null}},"23":{"start":{"line":48,"column":16},"end":{"line":48,"column":25}},"24":{"start":{"line":49,"column":16},"end":{"line":49,"column":36}},"25":{"start":{"line":53,"column":12},"end":{"line":57,"column":null}},"26":{"start":{"line":54,"column":16},"end":{"line":54,"column":61}},"27":{"start":{"line":56,"column":16},"end":{"line":56,"column":53}},"28":{"start":{"line":58,"column":12},"end":{"line":63,"column":null}},"29":{"start":{"line":60,"column":16},"end":{"line":60,"column":54}},"30":{"start":{"line":61,"column":16},"end":{"line":61,"column":53}},"31":{"start":{"line":62,"column":16},"end":{"line":62,"column":41}},"32":{"start":{"line":65,"column":4},"end":{"line":65,"column":13}},"33":{"start":{"line":38,"column":0},"end":{"line":38,"column":22}},"34":{"start":{"line":69,"column":8},"end":{"line":69,"column":27}},"35":{"start":{"line":70,"column":4},"end":{"line":96,"column":null}},"36":{"start":{"line":79,"column":12},"end":{"line":82,"column":null}},"37":{"start":{"line":80,"column":16},"end":{"line":80,"column":25}},"38":{"start":{"line":81,"column":16},"end":{"line":81,"column":36}},"39":{"start":{"line":85,"column":12},"end":{"line":89,"column":null}},"40":{"start":{"line":86,"column":16},"end":{"line":86,"column":61}},"41":{"start":{"line":88,"column":16},"end":{"line":88,"column":53}},"42":{"start":{"line":90,"column":12},"end":{"line":95,"column":null}},"43":{"start":{"line":92,"column":16},"end":{"line":92,"column":54}},"44":{"start":{"line":93,"column":16},"end":{"line":93,"column":53}},"45":{"start":{"line":94,"column":16},"end":{"line":94,"column":41}},"46":{"start":{"line":97,"column":4},"end":{"line":97,"column":13}},"47":{"start":{"line":68,"column":0},"end":{"line":68,"column":22}},"48":{"start":{"line":101,"column":8},"end":{"line":101,"column":27}},"49":{"start":{"line":102,"column":4},"end":{"line":125,"column":null}},"50":{"start":{"line":108,"column":12},"end":{"line":111,"column":null}},"51":{"start":{"line":109,"column":16},"end":{"line":109,"column":25}},"52":{"start":{"line":110,"column":16},"end":{"line":110,"column":36}},"53":{"start":{"line":114,"column":12},"end":{"line":118,"column":null}},"54":{"start":{"line":115,"column":16},"end":{"line":115,"column":61}},"55":{"start":{"line":117,"column":16},"end":{"line":117,"column":53}},"56":{"start":{"line":119,"column":12},"end":{"line":124,"column":null}},"57":{"start":{"line":121,"column":16},"end":{"line":121,"column":54}},"58":{"start":{"line":122,"column":16},"end":{"line":122,"column":53}},"59":{"start":{"line":123,"column":16},"end":{"line":123,"column":41}},"60":{"start":{"line":126,"column":4},"end":{"line":126,"column":13}},"61":{"start":{"line":100,"column":0},"end":{"line":100,"column":22}}},"fnMap":{"0":{"name":"getTop10Teams","decl":{"start":{"line":5,"column":22},"end":{"line":5,"column":35}},"loc":{"start":{"line":5,"column":95},"end":{"line":36,"column":null}}},"1":{"name":"(anonymous_17)","decl":{"start":{"line":15,"column":14},"end":{"line":15,"column":22}},"loc":{"start":{"line":15,"column":22},"end":{"line":20,"column":9}}},"2":{"name":"(anonymous_18)","decl":{"start":{"line":21,"column":15},"end":{"line":21,"column":20}},"loc":{"start":{"line":21,"column":20},"end":{"line":33,"column":9}}},"3":{"name":"editTeam","decl":{"start":{"line":38,"column":22},"end":{"line":38,"column":30}},"loc":{"start":{"line":38,"column":103},"end":{"line":66,"column":null}}},"4":{"name":"(anonymous_22)","decl":{"start":{"line":46,"column":14},"end":{"line":46,"column":22}},"loc":{"start":{"line":46,"column":22},"end":{"line":51,"column":9}}},"5":{"name":"(anonymous_23)","decl":{"start":{"line":52,"column":15},"end":{"line":52,"column":20}},"loc":{"start":{"line":52,"column":20},"end":{"line":64,"column":9}}},"6":{"name":"makeTeam","decl":{"start":{"line":68,"column":22},"end":{"line":68,"column":30}},"loc":{"start":{"line":68,"column":143},"end":{"line":98,"column":null}}},"7":{"name":"(anonymous_27)","decl":{"start":{"line":78,"column":14},"end":{"line":78,"column":22}},"loc":{"start":{"line":78,"column":22},"end":{"line":83,"column":9}}},"8":{"name":"(anonymous_28)","decl":{"start":{"line":84,"column":15},"end":{"line":84,"column":20}},"loc":{"start":{"line":84,"column":20},"end":{"line":96,"column":9}}},"9":{"name":"deleteTeam","decl":{"start":{"line":100,"column":22},"end":{"line":100,"column":32}},"loc":{"start":{"line":100,"column":86},"end":{"line":127,"column":null}}},"10":{"name":"(anonymous_32)","decl":{"start":{"line":107,"column":14},"end":{"line":107,"column":22}},"loc":{"start":{"line":107,"column":22},"end":{"line":112,"column":9}}},"11":{"name":"(anonymous_33)","decl":{"start":{"line":113,"column":15},"end":{"line":113,"column":20}},"loc":{"start":{"line":113,"column":20},"end":{"line":125,"column":9}}}},"branchMap":{"0":{"loc":{"start":{"line":5,"column":36},"end":{"line":5,"column":54}},"type":"if","locations":[{"start":{"line":5,"column":36},"end":{"line":5,"column":54}}]},"1":{"loc":{"start":{"line":22,"column":12},"end":{"line":26,"column":null}},"type":"if","locations":[{"start":{"line":22,"column":12},"end":{"line":26,"column":null}},{"start":{"line":24,"column":19},"end":{"line":26,"column":null}}]},"2":{"loc":{"start":{"line":27,"column":12},"end":{"line":32,"column":null}},"type":"if","locations":[{"start":{"line":27,"column":12},"end":{"line":32,"column":null}}]},"3":{"loc":{"start":{"line":27,"column":16},"end":{"line":28,"column":114}},"type":"binary-expr","locations":[{"start":{"line":27,"column":16},"end":{"line":27,"column":45}},{"start":{"line":28,"column":17},"end":{"line":28,"column":67}},{"start":{"line":28,"column":71},"end":{"line":28,"column":113}}]},"4":{"loc":{"start":{"line":47,"column":12},"end":{"line":50,"column":null}},"type":"if","locations":[{"start":{"line":47,"column":12},"end":{"line":50,"column":null}}]},"5":{"loc":{"start":{"line":47,"column":16},"end":{"line":47,"column":63}},"type":"binary-expr","locations":[{"start":{"line":47,"column":16},"end":{"line":47,"column":38}},{"start":{"line":47,"column":42},"end":{"line":47,"column":63}}]},"6":{"loc":{"start":{"line":53,"column":12},"end":{"line":57,"column":null}},"type":"if","locations":[{"start":{"line":53,"column":12},"end":{"line":57,"column":null}},{"start":{"line":55,"column":19},"end":{"line":57,"column":null}}]},"7":{"loc":{"start":{"line":58,"column":12},"end":{"line":63,"column":null}},"type":"if","locations":[{"start":{"line":58,"column":12},"end":{"line":63,"column":null}}]},"8":{"loc":{"start":{"line":58,"column":16},"end":{"line":59,"column":114}},"type":"binary-expr","locations":[{"start":{"line":58,"column":16},"end":{"line":58,"column":45}},{"start":{"line":59,"column":17},"end":{"line":59,"column":67}},{"start":{"line":59,"column":71},"end":{"line":59,"column":113}}]},"9":{"loc":{"start":{"line":79,"column":12},"end":{"line":82,"column":null}},"type":"if","locations":[{"start":{"line":79,"column":12},"end":{"line":82,"column":null}}]},"10":{"loc":{"start":{"line":79,"column":16},"end":{"line":79,"column":63}},"type":"binary-expr","locations":[{"start":{"line":79,"column":16},"end":{"line":79,"column":38}},{"start":{"line":79,"column":42},"end":{"line":79,"column":63}}]},"11":{"loc":{"start":{"line":85,"column":12},"end":{"line":89,"column":null}},"type":"if","locations":[{"start":{"line":85,"column":12},"end":{"line":89,"column":null}},{"start":{"line":87,"column":19},"end":{"line":89,"column":null}}]},"12":{"loc":{"start":{"line":90,"column":12},"end":{"line":95,"column":null}},"type":"if","locations":[{"start":{"line":90,"column":12},"end":{"line":95,"column":null}}]},"13":{"loc":{"start":{"line":90,"column":16},"end":{"line":91,"column":114}},"type":"binary-expr","locations":[{"start":{"line":90,"column":16},"end":{"line":90,"column":45}},{"start":{"line":91,"column":17},"end":{"line":91,"column":67}},{"start":{"line":91,"column":71},"end":{"line":91,"column":113}}]},"14":{"loc":{"start":{"line":108,"column":12},"end":{"line":111,"column":null}},"type":"if","locations":[{"start":{"line":108,"column":12},"end":{"line":111,"column":null}}]},"15":{"loc":{"start":{"line":108,"column":16},"end":{"line":108,"column":63}},"type":"binary-expr","locations":[{"start":{"line":108,"column":16},"end":{"line":108,"column":38}},{"start":{"line":108,"column":42},"end":{"line":108,"column":63}}]},"16":{"loc":{"start":{"line":114,"column":12},"end":{"line":118,"column":null}},"type":"if","locations":[{"start":{"line":114,"column":12},"end":{"line":118,"column":null}},{"start":{"line":116,"column":19},"end":{"line":118,"column":null}}]},"17":{"loc":{"start":{"line":119,"column":12},"end":{"line":124,"column":null}},"type":"if","locations":[{"start":{"line":119,"column":12},"end":{"line":124,"column":null}}]},"18":{"loc":{"start":{"line":119,"column":16},"end":{"line":120,"column":114}},"type":"binary-expr","locations":[{"start":{"line":119,"column":16},"end":{"line":119,"column":45}},{"start":{"line":120,"column":17},"end":{"line":120,"column":67}},{"start":{"line":120,"column":71},"end":{"line":120,"column":113}}]}},"s":{"0":31,"1":9,"2":9,"3":9,"4":9,"5":18,"6":8,"7":8,"8":8,"9":8,"10":1,"11":1,"12":0,"13":1,"14":1,"15":1,"16":1,"17":9,"18":9,"19":31,"20":2,"21":4,"22":1,"23":1,"24":1,"25":1,"26":1,"27":0,"28":1,"29":1,"30":1,"31":1,"32":2,"33":31,"34":2,"35":4,"36":1,"37":1,"38":1,"39":1,"40":1,"41":0,"42":1,"43":1,"44":1,"45":1,"46":2,"47":31,"48":2,"49":4,"50":1,"51":1,"52":1,"53":1,"54":1,"55":0,"56":1,"57":1,"58":1,"59":1,"60":2,"61":31},"f":{"0":9,"1":8,"2":1,"3":2,"4":1,"5":1,"6":2,"7":1,"8":1,"9":2,"10":1,"11":1},"b":{"0":[0],"1":[1,0],"2":[1],"3":[1,1,0],"4":[1],"5":[1,1],"6":[1,0],"7":[1],"8":[1,1,0],"9":[1],"10":[1,1],"11":[1,0],"12":[1],"13":[1,1,0],"14":[1],"15":[1,1],"16":[1,0],"17":[1],"18":[1,1,0]}}
,"/home/mart/Documents/GithubRepositories/Software-Engineering-Belsimpel/foosball-front-end/src/components/endpoints/admin/Users.ts": {"path":"/home/mart/Documents/GithubRepositories/Software-Engineering-Belsimpel/foosball-front-end/src/components/endpoints/admin/Users.ts","statementMap":{"0":{"start":{"line":1,"column":0},"end":{"line":1,"column":26}},"1":{"start":{"line":5,"column":36},"end":{"line":5,"column":54}},"2":{"start":{"line":6,"column":8},"end":{"line":6,"column":27}},"3":{"start":{"line":8,"column":8},"end":{"line":8,"column":24}},"4":{"start":{"line":9,"column":8},"end":{"line":9,"column":21}},"5":{"start":{"line":10,"column":4},"end":{"line":34,"column":null}},"6":{"start":{"line":16,"column":12},"end":{"line":16,"column":39}},"7":{"start":{"line":17,"column":12},"end":{"line":17,"column":53}},"8":{"start":{"line":18,"column":12},"end":{"line":18,"column":47}},"9":{"start":{"line":19,"column":12},"end":{"line":19,"column":32}},"10":{"start":{"line":22,"column":12},"end":{"line":26,"column":null}},"11":{"start":{"line":23,"column":16},"end":{"line":23,"column":61}},"12":{"start":{"line":25,"column":16},"end":{"line":25,"column":53}},"13":{"start":{"line":27,"column":12},"end":{"line":33,"column":null}},"14":{"start":{"line":29,"column":16},"end":{"line":29,"column":54}},"15":{"start":{"line":30,"column":16},"end":{"line":30,"column":53}},"16":{"start":{"line":31,"column":16},"end":{"line":31,"column":41}},"17":{"start":{"line":32,"column":16},"end":{"line":32,"column":41}},"18":{"start":{"line":35,"column":4},"end":{"line":35,"column":66}},"19":{"start":{"line":36,"column":4},"end":{"line":36,"column":31}},"20":{"start":{"line":5,"column":0},"end":{"line":5,"column":22}},"21":{"start":{"line":41,"column":8},"end":{"line":41,"column":27}},"22":{"start":{"line":42,"column":4},"end":{"line":66,"column":null}},"23":{"start":{"line":49,"column":12},"end":{"line":52,"column":null}},"24":{"start":{"line":50,"column":16},"end":{"line":50,"column":25}},"25":{"start":{"line":51,"column":16},"end":{"line":51,"column":36}},"26":{"start":{"line":55,"column":12},"end":{"line":59,"column":null}},"27":{"start":{"line":56,"column":16},"end":{"line":56,"column":61}},"28":{"start":{"line":58,"column":16},"end":{"line":58,"column":53}},"29":{"start":{"line":60,"column":12},"end":{"line":65,"column":null}},"30":{"start":{"line":62,"column":16},"end":{"line":62,"column":54}},"31":{"start":{"line":63,"column":16},"end":{"line":63,"column":53}},"32":{"start":{"line":64,"column":16},"end":{"line":64,"column":41}},"33":{"start":{"line":67,"column":4},"end":{"line":67,"column":13}},"34":{"start":{"line":40,"column":0},"end":{"line":40,"column":22}},"35":{"start":{"line":71,"column":8},"end":{"line":71,"column":27}},"36":{"start":{"line":72,"column":4},"end":{"line":95,"column":null}},"37":{"start":{"line":78,"column":12},"end":{"line":81,"column":null}},"38":{"start":{"line":79,"column":16},"end":{"line":79,"column":25}},"39":{"start":{"line":80,"column":16},"end":{"line":80,"column":36}},"40":{"start":{"line":84,"column":12},"end":{"line":88,"column":null}},"41":{"start":{"line":85,"column":16},"end":{"line":85,"column":61}},"42":{"start":{"line":87,"column":16},"end":{"line":87,"column":53}},"43":{"start":{"line":89,"column":12},"end":{"line":94,"column":null}},"44":{"start":{"line":91,"column":16},"end":{"line":91,"column":54}},"45":{"start":{"line":92,"column":16},"end":{"line":92,"column":53}},"46":{"start":{"line":93,"column":16},"end":{"line":93,"column":41}},"47":{"start":{"line":96,"column":4},"end":{"line":96,"column":13}},"48":{"start":{"line":70,"column":0},"end":{"line":70,"column":22}}},"fnMap":{"0":{"name":"getTop10Users","decl":{"start":{"line":5,"column":22},"end":{"line":5,"column":35}},"loc":{"start":{"line":5,"column":95},"end":{"line":37,"column":null}}},"1":{"name":"(anonymous_17)","decl":{"start":{"line":15,"column":14},"end":{"line":15,"column":22}},"loc":{"start":{"line":15,"column":22},"end":{"line":20,"column":9}}},"2":{"name":"(anonymous_18)","decl":{"start":{"line":21,"column":15},"end":{"line":21,"column":20}},"loc":{"start":{"line":21,"column":20},"end":{"line":34,"column":9}}},"3":{"name":"editPlayer","decl":{"start":{"line":40,"column":22},"end":{"line":40,"column":32}},"loc":{"start":{"line":40,"column":104},"end":{"line":68,"column":null}}},"4":{"name":"(anonymous_22)","decl":{"start":{"line":48,"column":14},"end":{"line":48,"column":22}},"loc":{"start":{"line":48,"column":22},"end":{"line":53,"column":9}}},"5":{"name":"(anonymous_23)","decl":{"start":{"line":54,"column":15},"end":{"line":54,"column":20}},"loc":{"start":{"line":54,"column":20},"end":{"line":66,"column":9}}},"6":{"name":"deleteUser","decl":{"start":{"line":70,"column":22},"end":{"line":70,"column":32}},"loc":{"start":{"line":70,"column":86},"end":{"line":97,"column":null}}},"7":{"name":"(anonymous_27)","decl":{"start":{"line":77,"column":14},"end":{"line":77,"column":22}},"loc":{"start":{"line":77,"column":22},"end":{"line":82,"column":9}}},"8":{"name":"(anonymous_28)","decl":{"start":{"line":83,"column":15},"end":{"line":83,"column":20}},"loc":{"start":{"line":83,"column":20},"end":{"line":95,"column":9}}}},"branchMap":{"0":{"loc":{"start":{"line":5,"column":36},"end":{"line":5,"column":54}},"type":"if","locations":[{"start":{"line":5,"column":36},"end":{"line":5,"column":54}}]},"1":{"loc":{"start":{"line":22,"column":12},"end":{"line":26,"column":null}},"type":"if","locations":[{"start":{"line":22,"column":12},"end":{"line":26,"column":null}},{"start":{"line":24,"column":19},"end":{"line":26,"column":null}}]},"2":{"loc":{"start":{"line":27,"column":12},"end":{"line":33,"column":null}},"type":"if","locations":[{"start":{"line":27,"column":12},"end":{"line":33,"column":null}}]},"3":{"loc":{"start":{"line":27,"column":16},"end":{"line":28,"column":114}},"type":"binary-expr","locations":[{"start":{"line":27,"column":16},"end":{"line":27,"column":45}},{"start":{"line":28,"column":17},"end":{"line":28,"column":67}},{"start":{"line":28,"column":71},"end":{"line":28,"column":113}}]},"4":{"loc":{"start":{"line":49,"column":12},"end":{"line":52,"column":null}},"type":"if","locations":[{"start":{"line":49,"column":12},"end":{"line":52,"column":null}}]},"5":{"loc":{"start":{"line":49,"column":16},"end":{"line":49,"column":63}},"type":"binary-expr","locations":[{"start":{"line":49,"column":16},"end":{"line":49,"column":38}},{"start":{"line":49,"column":42},"end":{"line":49,"column":63}}]},"6":{"loc":{"start":{"line":55,"column":12},"end":{"line":59,"column":null}},"type":"if","locations":[{"start":{"line":55,"column":12},"end":{"line":59,"column":null}},{"start":{"line":57,"column":19},"end":{"line":59,"column":null}}]},"7":{"loc":{"start":{"line":60,"column":12},"end":{"line":65,"column":null}},"type":"if","locations":[{"start":{"line":60,"column":12},"end":{"line":65,"column":null}}]},"8":{"loc":{"start":{"line":60,"column":16},"end":{"line":61,"column":114}},"type":"binary-expr","locations":[{"start":{"line":60,"column":16},"end":{"line":60,"column":45}},{"start":{"line":61,"column":17},"end":{"line":61,"column":67}},{"start":{"line":61,"column":71},"end":{"line":61,"column":113}}]},"9":{"loc":{"start":{"line":78,"column":12},"end":{"line":81,"column":null}},"type":"if","locations":[{"start":{"line":78,"column":12},"end":{"line":81,"column":null}}]},"10":{"loc":{"start":{"line":78,"column":16},"end":{"line":78,"column":63}},"type":"binary-expr","locations":[{"start":{"line":78,"column":16},"end":{"line":78,"column":38}},{"start":{"line":78,"column":42},"end":{"line":78,"column":63}}]},"11":{"loc":{"start":{"line":84,"column":12},"end":{"line":88,"column":null}},"type":"if","locations":[{"start":{"line":84,"column":12},"end":{"line":88,"column":null}},{"start":{"line":86,"column":19},"end":{"line":88,"column":null}}]},"12":{"loc":{"start":{"line":89,"column":12},"end":{"line":94,"column":null}},"type":"if","locations":[{"start":{"line":89,"column":12},"end":{"line":94,"column":null}}]},"13":{"loc":{"start":{"line":89,"column":16},"end":{"line":90,"column":114}},"type":"binary-expr","locations":[{"start":{"line":89,"column":16},"end":{"line":89,"column":45}},{"start":{"line":90,"column":17},"end":{"line":90,"column":67}},{"start":{"line":90,"column":71},"end":{"line":90,"column":113}}]}},"s":{"0":31,"1":9,"2":9,"3":9,"4":9,"5":18,"6":8,"7":8,"8":8,"9":8,"10":1,"11":1,"12":0,"13":1,"14":1,"15":1,"16":1,"17":1,"18":9,"19":9,"20":31,"21":2,"22":4,"23":1,"24":1,"25":1,"26":1,"27":1,"28":0,"29":1,"30":1,"31":1,"32":1,"33":2,"34":31,"35":2,"36":4,"37":1,"38":1,"39":1,"40":1,"41":1,"42":0,"43":1,"44":1,"45":1,"46":1,"47":2,"48":31},"f":{"0":9,"1":8,"2":1,"3":2,"4":1,"5":1,"6":2,"7":1,"8":1},"b":{"0":[0],"1":[1,0],"2":[1],"3":[1,1,0],"4":[1],"5":[1,1],"6":[1,0],"7":[1],"8":[1,1,0],"9":[1],"10":[1,1],"11":[1,0],"12":[1],"13":[1,1,0]}}
,"/home/mart/Documents/GithubRepositories/Software-Engineering-Belsimpel/foosball-front-end/src/components/endpoints/player/Games.ts": {"path":"/home/mart/Documents/GithubRepositories/Software-Engineering-Belsimpel/foosball-front-end/src/components/endpoints/player/Games.ts","statementMap":{"0":{"start":{"line":1,"column":0},"end":{"line":1,"column":26}},"1":{"start":{"line":12,"column":40},"end":{"line":12,"column":58}},"2":{"start":{"line":13,"column":8},"end":{"line":13,"column":30}},"3":{"start":{"line":15,"column":8},"end":{"line":15,"column":24}},"4":{"start":{"line":16,"column":8},"end":{"line":16,"column":21}},"5":{"start":{"line":17,"column":4},"end":{"line":40,"column":11}},"6":{"start":{"line":23,"column":12},"end":{"line":23,"column":39}},"7":{"start":{"line":24,"column":12},"end":{"line":24,"column":53}},"8":{"start":{"line":25,"column":12},"end":{"line":25,"column":47}},"9":{"start":{"line":26,"column":12},"end":{"line":26,"column":32}},"10":{"start":{"line":29,"column":12},"end":{"line":33,"column":null}},"11":{"start":{"line":30,"column":16},"end":{"line":30,"column":61}},"12":{"start":{"line":32,"column":16},"end":{"line":32,"column":53}},"13":{"start":{"line":34,"column":12},"end":{"line":39,"column":null}},"14":{"start":{"line":36,"column":16},"end":{"line":36,"column":54}},"15":{"start":{"line":37,"column":16},"end":{"line":37,"column":53}},"16":{"start":{"line":38,"column":16},"end":{"line":38,"column":41}},"17":{"start":{"line":41,"column":4},"end":{"line":41,"column":66}},"18":{"start":{"line":42,"column":4},"end":{"line":42,"column":31}},"19":{"start":{"line":12,"column":0},"end":{"line":12,"column":22}},"20":{"start":{"line":45,"column":37},"end":{"line":45,"column":55}},"21":{"start":{"line":46,"column":8},"end":{"line":46,"column":30}},"22":{"start":{"line":48,"column":8},"end":{"line":48,"column":24}},"23":{"start":{"line":49,"column":8},"end":{"line":49,"column":21}},"24":{"start":{"line":50,"column":4},"end":{"line":73,"column":11}},"25":{"start":{"line":56,"column":12},"end":{"line":56,"column":39}},"26":{"start":{"line":57,"column":12},"end":{"line":57,"column":53}},"27":{"start":{"line":58,"column":12},"end":{"line":58,"column":47}},"28":{"start":{"line":59,"column":12},"end":{"line":59,"column":32}},"29":{"start":{"line":62,"column":12},"end":{"line":66,"column":null}},"30":{"start":{"line":63,"column":16},"end":{"line":63,"column":61}},"31":{"start":{"line":65,"column":16},"end":{"line":65,"column":53}},"32":{"start":{"line":67,"column":12},"end":{"line":72,"column":null}},"33":{"start":{"line":69,"column":16},"end":{"line":69,"column":54}},"34":{"start":{"line":70,"column":16},"end":{"line":70,"column":53}},"35":{"start":{"line":71,"column":16},"end":{"line":71,"column":41}},"36":{"start":{"line":74,"column":4},"end":{"line":74,"column":66}},"37":{"start":{"line":75,"column":4},"end":{"line":75,"column":31}},"38":{"start":{"line":45,"column":0},"end":{"line":45,"column":22}},"39":{"start":{"line":81,"column":8},"end":{"line":81,"column":27}},"40":{"start":{"line":82,"column":4},"end":{"line":109,"column":null}},"41":{"start":{"line":92,"column":12},"end":{"line":95,"column":null}},"42":{"start":{"line":93,"column":16},"end":{"line":93,"column":25}},"43":{"start":{"line":94,"column":16},"end":{"line":94,"column":36}},"44":{"start":{"line":98,"column":12},"end":{"line":102,"column":null}},"45":{"start":{"line":99,"column":16},"end":{"line":99,"column":61}},"46":{"start":{"line":101,"column":16},"end":{"line":101,"column":53}},"47":{"start":{"line":103,"column":12},"end":{"line":108,"column":null}},"48":{"start":{"line":105,"column":16},"end":{"line":105,"column":54}},"49":{"start":{"line":106,"column":16},"end":{"line":106,"column":53}},"50":{"start":{"line":107,"column":16},"end":{"line":107,"column":41}},"51":{"start":{"line":110,"column":4},"end":{"line":110,"column":13}},"52":{"start":{"line":78,"column":0},"end":{"line":78,"column":22}},"53":{"start":{"line":116,"column":8},"end":{"line":116,"column":27}},"54":{"start":{"line":117,"column":4},"end":{"line":143,"column":null}},"55":{"start":{"line":126,"column":12},"end":{"line":129,"column":null}},"56":{"start":{"line":127,"column":16},"end":{"line":127,"column":25}},"57":{"start":{"line":128,"column":16},"end":{"line":128,"column":36}},"58":{"start":{"line":132,"column":12},"end":{"line":136,"column":null}},"59":{"start":{"line":133,"column":16},"end":{"line":133,"column":61}},"60":{"start":{"line":135,"column":16},"end":{"line":135,"column":53}},"61":{"start":{"line":137,"column":12},"end":{"line":142,"column":null}},"62":{"start":{"line":139,"column":16},"end":{"line":139,"column":54}},"63":{"start":{"line":140,"column":16},"end":{"line":140,"column":53}},"64":{"start":{"line":141,"column":16},"end":{"line":141,"column":41}},"65":{"start":{"line":144,"column":4},"end":{"line":144,"column":13}},"66":{"start":{"line":113,"column":0},"end":{"line":113,"column":22}},"67":{"start":{"line":148,"column":8},"end":{"line":148,"column":27}},"68":{"start":{"line":149,"column":4},"end":{"line":172,"column":null}},"69":{"start":{"line":155,"column":12},"end":{"line":158,"column":null}},"70":{"start":{"line":156,"column":16},"end":{"line":156,"column":25}},"71":{"start":{"line":157,"column":16},"end":{"line":157,"column":36}},"72":{"start":{"line":161,"column":12},"end":{"line":165,"column":null}},"73":{"start":{"line":162,"column":16},"end":{"line":162,"column":61}},"74":{"start":{"line":164,"column":16},"end":{"line":164,"column":53}},"75":{"start":{"line":166,"column":12},"end":{"line":171,"column":null}},"76":{"start":{"line":168,"column":16},"end":{"line":168,"column":54}},"77":{"start":{"line":169,"column":16},"end":{"line":169,"column":53}},"78":{"start":{"line":170,"column":16},"end":{"line":170,"column":41}},"79":{"start":{"line":173,"column":4},"end":{"line":173,"column":13}},"80":{"start":{"line":147,"column":0},"end":{"line":147,"column":22}},"81":{"start":{"line":184,"column":40},"end":{"line":184,"column":58}},"82":{"start":{"line":185,"column":8},"end":{"line":185,"column":30}},"83":{"start":{"line":187,"column":8},"end":{"line":187,"column":24}},"84":{"start":{"line":188,"column":8},"end":{"line":188,"column":21}},"85":{"start":{"line":189,"column":4},"end":{"line":212,"column":11}},"86":{"start":{"line":195,"column":12},"end":{"line":195,"column":39}},"87":{"start":{"line":196,"column":12},"end":{"line":196,"column":53}},"88":{"start":{"line":197,"column":12},"end":{"line":197,"column":47}},"89":{"start":{"line":198,"column":12},"end":{"line":198,"column":32}},"90":{"start":{"line":201,"column":12},"end":{"line":205,"column":null}},"91":{"start":{"line":202,"column":16},"end":{"line":202,"column":61}},"92":{"start":{"line":204,"column":16},"end":{"line":204,"column":53}},"93":{"start":{"line":206,"column":12},"end":{"line":211,"column":null}},"94":{"start":{"line":208,"column":16},"end":{"line":208,"column":54}},"95":{"start":{"line":209,"column":16},"end":{"line":209,"column":53}},"96":{"start":{"line":210,"column":16},"end":{"line":210,"column":41}},"97":{"start":{"line":213,"column":4},"end":{"line":213,"column":66}},"98":{"start":{"line":214,"column":4},"end":{"line":214,"column":31}},"99":{"start":{"line":184,"column":0},"end":{"line":184,"column":22}},"100":{"start":{"line":217,"column":37},"end":{"line":217,"column":55}},"101":{"start":{"line":218,"column":8},"end":{"line":218,"column":30}},"102":{"start":{"line":220,"column":8},"end":{"line":220,"column":24}},"103":{"start":{"line":221,"column":8},"end":{"line":221,"column":21}},"104":{"start":{"line":222,"column":4},"end":{"line":245,"column":11}},"105":{"start":{"line":228,"column":12},"end":{"line":228,"column":39}},"106":{"start":{"line":229,"column":12},"end":{"line":229,"column":53}},"107":{"start":{"line":230,"column":12},"end":{"line":230,"column":47}},"108":{"start":{"line":231,"column":12},"end":{"line":231,"column":32}},"109":{"start":{"line":234,"column":12},"end":{"line":238,"column":null}},"110":{"start":{"line":235,"column":16},"end":{"line":235,"column":61}},"111":{"start":{"line":237,"column":16},"end":{"line":237,"column":53}},"112":{"start":{"line":239,"column":12},"end":{"line":244,"column":null}},"113":{"start":{"line":241,"column":16},"end":{"line":241,"column":54}},"114":{"start":{"line":242,"column":16},"end":{"line":242,"column":53}},"115":{"start":{"line":243,"column":16},"end":{"line":243,"column":41}},"116":{"start":{"line":246,"column":4},"end":{"line":246,"column":66}},"117":{"start":{"line":247,"column":4},"end":{"line":247,"column":31}},"118":{"start":{"line":217,"column":0},"end":{"line":217,"column":22}},"119":{"start":{"line":252,"column":8},"end":{"line":252,"column":27}},"120":{"start":{"line":253,"column":4},"end":{"line":282,"column":null}},"121":{"start":{"line":265,"column":12},"end":{"line":268,"column":null}},"122":{"start":{"line":266,"column":16},"end":{"line":266,"column":25}},"123":{"start":{"line":267,"column":16},"end":{"line":267,"column":36}},"124":{"start":{"line":271,"column":12},"end":{"line":275,"column":null}},"125":{"start":{"line":272,"column":16},"end":{"line":272,"column":61}},"126":{"start":{"line":274,"column":16},"end":{"line":274,"column":53}},"127":{"start":{"line":276,"column":12},"end":{"line":281,"column":null}},"128":{"start":{"line":278,"column":16},"end":{"line":278,"column":54}},"129":{"start":{"line":279,"column":16},"end":{"line":279,"column":53}},"130":{"start":{"line":280,"column":16},"end":{"line":280,"column":41}},"131":{"start":{"line":283,"column":4},"end":{"line":283,"column":13}},"132":{"start":{"line":250,"column":0},"end":{"line":250,"column":22}},"133":{"start":{"line":289,"column":8},"end":{"line":289,"column":27}},"134":{"start":{"line":290,"column":4},"end":{"line":316,"column":11}},"135":{"start":{"line":299,"column":12},"end":{"line":302,"column":null}},"136":{"start":{"line":300,"column":16},"end":{"line":300,"column":25}},"137":{"start":{"line":301,"column":16},"end":{"line":301,"column":36}},"138":{"start":{"line":305,"column":12},"end":{"line":309,"column":null}},"139":{"start":{"line":306,"column":16},"end":{"line":306,"column":61}},"140":{"start":{"line":308,"column":16},"end":{"line":308,"column":53}},"141":{"start":{"line":310,"column":12},"end":{"line":315,"column":null}},"142":{"start":{"line":312,"column":16},"end":{"line":312,"column":54}},"143":{"start":{"line":313,"column":16},"end":{"line":313,"column":53}},"144":{"start":{"line":314,"column":16},"end":{"line":314,"column":41}},"145":{"start":{"line":317,"column":4},"end":{"line":317,"column":13}},"146":{"start":{"line":286,"column":0},"end":{"line":286,"column":22}},"147":{"start":{"line":321,"column":8},"end":{"line":321,"column":27}},"148":{"start":{"line":322,"column":4},"end":{"line":345,"column":11}},"149":{"start":{"line":328,"column":12},"end":{"line":331,"column":null}},"150":{"start":{"line":329,"column":16},"end":{"line":329,"column":25}},"151":{"start":{"line":330,"column":16},"end":{"line":330,"column":36}},"152":{"start":{"line":334,"column":12},"end":{"line":338,"column":null}},"153":{"start":{"line":335,"column":16},"end":{"line":335,"column":61}},"154":{"start":{"line":337,"column":16},"end":{"line":337,"column":53}},"155":{"start":{"line":339,"column":12},"end":{"line":344,"column":null}},"156":{"start":{"line":341,"column":16},"end":{"line":341,"column":54}},"157":{"start":{"line":342,"column":16},"end":{"line":342,"column":53}},"158":{"start":{"line":343,"column":16},"end":{"line":343,"column":41}},"159":{"start":{"line":346,"column":4},"end":{"line":346,"column":13}},"160":{"start":{"line":320,"column":0},"end":{"line":320,"column":22}}},"fnMap":{"0":{"name":"getLast10Games1v1","decl":{"start":{"line":12,"column":22},"end":{"line":12,"column":39}},"loc":{"start":{"line":12,"column":99},"end":{"line":43,"column":null}}},"1":{"name":"(anonymous_17)","decl":{"start":{"line":22,"column":14},"end":{"line":22,"column":22}},"loc":{"start":{"line":22,"column":22},"end":{"line":27,"column":9}}},"2":{"name":"(anonymous_18)","decl":{"start":{"line":28,"column":15},"end":{"line":28,"column":20}},"loc":{"start":{"line":28,"column":20},"end":{"line":40,"column":9}}},"3":{"name":"getOwnGames1v1","decl":{"start":{"line":45,"column":22},"end":{"line":45,"column":36}},"loc":{"start":{"line":45,"column":96},"end":{"line":76,"column":null}}},"4":{"name":"(anonymous_22)","decl":{"start":{"line":55,"column":14},"end":{"line":55,"column":22}},"loc":{"start":{"line":55,"column":22},"end":{"line":60,"column":9}}},"5":{"name":"(anonymous_23)","decl":{"start":{"line":61,"column":15},"end":{"line":61,"column":20}},"loc":{"start":{"line":61,"column":20},"end":{"line":73,"column":9}}},"6":{"name":"makeGame1v1","decl":{"start":{"line":78,"column":22},"end":{"line":78,"column":33}},"loc":{"start":{"line":80,"column":97},"end":{"line":111,"column":null}}},"7":{"name":"(anonymous_27)","decl":{"start":{"line":91,"column":14},"end":{"line":91,"column":22}},"loc":{"start":{"line":91,"column":22},"end":{"line":96,"column":9}}},"8":{"name":"(anonymous_28)","decl":{"start":{"line":97,"column":15},"end":{"line":97,"column":20}},"loc":{"start":{"line":97,"column":20},"end":{"line":109,"column":9}}},"9":{"name":"editGame1v1","decl":{"start":{"line":113,"column":22},"end":{"line":113,"column":33}},"loc":{"start":{"line":115,"column":97},"end":{"line":145,"column":null}}},"10":{"name":"(anonymous_32)","decl":{"start":{"line":125,"column":14},"end":{"line":125,"column":22}},"loc":{"start":{"line":125,"column":22},"end":{"line":130,"column":9}}},"11":{"name":"(anonymous_33)","decl":{"start":{"line":131,"column":15},"end":{"line":131,"column":20}},"loc":{"start":{"line":131,"column":20},"end":{"line":143,"column":9}}},"12":{"name":"deleteGame1v1","decl":{"start":{"line":147,"column":22},"end":{"line":147,"column":35}},"loc":{"start":{"line":147,"column":89},"end":{"line":174,"column":null}}},"13":{"name":"(anonymous_37)","decl":{"start":{"line":154,"column":14},"end":{"line":154,"column":22}},"loc":{"start":{"line":154,"column":22},"end":{"line":159,"column":9}}},"14":{"name":"(anonymous_38)","decl":{"start":{"line":160,"column":15},"end":{"line":160,"column":20}},"loc":{"start":{"line":160,"column":20},"end":{"line":172,"column":9}}},"15":{"name":"getLast10Games2v2","decl":{"start":{"line":184,"column":22},"end":{"line":184,"column":39}},"loc":{"start":{"line":184,"column":99},"end":{"line":215,"column":null}}},"16":{"name":"(anonymous_42)","decl":{"start":{"line":194,"column":14},"end":{"line":194,"column":22}},"loc":{"start":{"line":194,"column":22},"end":{"line":199,"column":9}}},"17":{"name":"(anonymous_43)","decl":{"start":{"line":200,"column":15},"end":{"line":200,"column":20}},"loc":{"start":{"line":200,"column":20},"end":{"line":212,"column":9}}},"18":{"name":"getOwnGames2v2","decl":{"start":{"line":217,"column":22},"end":{"line":217,"column":36}},"loc":{"start":{"line":217,"column":96},"end":{"line":248,"column":null}}},"19":{"name":"(anonymous_47)","decl":{"start":{"line":227,"column":14},"end":{"line":227,"column":22}},"loc":{"start":{"line":227,"column":22},"end":{"line":232,"column":9}}},"20":{"name":"(anonymous_48)","decl":{"start":{"line":233,"column":15},"end":{"line":233,"column":20}},"loc":{"start":{"line":233,"column":20},"end":{"line":245,"column":9}}},"21":{"name":"makeGame2v2","decl":{"start":{"line":250,"column":22},"end":{"line":250,"column":33}},"loc":{"start":{"line":251,"column":155},"end":{"line":284,"column":null}}},"22":{"name":"(anonymous_52)","decl":{"start":{"line":264,"column":14},"end":{"line":264,"column":22}},"loc":{"start":{"line":264,"column":22},"end":{"line":269,"column":9}}},"23":{"name":"(anonymous_53)","decl":{"start":{"line":270,"column":15},"end":{"line":270,"column":20}},"loc":{"start":{"line":270,"column":20},"end":{"line":282,"column":9}}},"24":{"name":"editGame2v2","decl":{"start":{"line":286,"column":22},"end":{"line":286,"column":33}},"loc":{"start":{"line":288,"column":89},"end":{"line":318,"column":null}}},"25":{"name":"(anonymous_57)","decl":{"start":{"line":298,"column":14},"end":{"line":298,"column":22}},"loc":{"start":{"line":298,"column":22},"end":{"line":303,"column":9}}},"26":{"name":"(anonymous_58)","decl":{"start":{"line":304,"column":15},"end":{"line":304,"column":20}},"loc":{"start":{"line":304,"column":20},"end":{"line":316,"column":9}}},"27":{"name":"deleteGame2v2","decl":{"start":{"line":320,"column":22},"end":{"line":320,"column":35}},"loc":{"start":{"line":320,"column":89},"end":{"line":347,"column":null}}},"28":{"name":"(anonymous_62)","decl":{"start":{"line":327,"column":14},"end":{"line":327,"column":22}},"loc":{"start":{"line":327,"column":22},"end":{"line":332,"column":9}}},"29":{"name":"(anonymous_63)","decl":{"start":{"line":333,"column":15},"end":{"line":333,"column":20}},"loc":{"start":{"line":333,"column":20},"end":{"line":345,"column":9}}}},"branchMap":{"0":{"loc":{"start":{"line":12,"column":40},"end":{"line":12,"column":58}},"type":"if","locations":[{"start":{"line":12,"column":40},"end":{"line":12,"column":58}}]},"1":{"loc":{"start":{"line":29,"column":12},"end":{"line":33,"column":null}},"type":"if","locations":[{"start":{"line":29,"column":12},"end":{"line":33,"column":null}},{"start":{"line":31,"column":19},"end":{"line":33,"column":null}}]},"2":{"loc":{"start":{"line":34,"column":12},"end":{"line":39,"column":null}},"type":"if","locations":[{"start":{"line":34,"column":12},"end":{"line":39,"column":null}}]},"3":{"loc":{"start":{"line":34,"column":16},"end":{"line":35,"column":114}},"type":"binary-expr","locations":[{"start":{"line":34,"column":16},"end":{"line":34,"column":45}},{"start":{"line":35,"column":17},"end":{"line":35,"column":67}},{"start":{"line":35,"column":71},"end":{"line":35,"column":113}}]},"4":{"loc":{"start":{"line":45,"column":37},"end":{"line":45,"column":55}},"type":"if","locations":[{"start":{"line":45,"column":37},"end":{"line":45,"column":55}}]},"5":{"loc":{"start":{"line":62,"column":12},"end":{"line":66,"column":null}},"type":"if","locations":[{"start":{"line":62,"column":12},"end":{"line":66,"column":null}},{"start":{"line":64,"column":19},"end":{"line":66,"column":null}}]},"6":{"loc":{"start":{"line":67,"column":12},"end":{"line":72,"column":null}},"type":"if","locations":[{"start":{"line":67,"column":12},"end":{"line":72,"column":null}}]},"7":{"loc":{"start":{"line":67,"column":16},"end":{"line":68,"column":114}},"type":"binary-expr","locations":[{"start":{"line":67,"column":16},"end":{"line":67,"column":45}},{"start":{"line":68,"column":17},"end":{"line":68,"column":67}},{"start":{"line":68,"column":71},"end":{"line":68,"column":113}}]},"8":{"loc":{"start":{"line":92,"column":12},"end":{"line":95,"column":null}},"type":"if","locations":[{"start":{"line":92,"column":12},"end":{"line":95,"column":null}}]},"9":{"loc":{"start":{"line":92,"column":16},"end":{"line":92,"column":63}},"type":"binary-expr","locations":[{"start":{"line":92,"column":16},"end":{"line":92,"column":38}},{"start":{"line":92,"column":42},"end":{"line":92,"column":63}}]},"10":{"loc":{"start":{"line":98,"column":12},"end":{"line":102,"column":null}},"type":"if","locations":[{"start":{"line":98,"column":12},"end":{"line":102,"column":null}},{"start":{"line":100,"column":19},"end":{"line":102,"column":null}}]},"11":{"loc":{"start":{"line":103,"column":12},"end":{"line":108,"column":null}},"type":"if","locations":[{"start":{"line":103,"column":12},"end":{"line":108,"column":null}}]},"12":{"loc":{"start":{"line":103,"column":16},"end":{"line":104,"column":114}},"type":"binary-expr","locations":[{"start":{"line":103,"column":16},"end":{"line":103,"column":45}},{"start":{"line":104,"column":17},"end":{"line":104,"column":67}},{"start":{"line":104,"column":71},"end":{"line":104,"column":113}}]},"13":{"loc":{"start":{"line":126,"column":12},"end":{"line":129,"column":null}},"type":"if","locations":[{"start":{"line":126,"column":12},"end":{"line":129,"column":null}}]},"14":{"loc":{"start":{"line":126
[...]
26},"end":{"line":6,"column":30}},"7":{"start":{"line":7,"column":44},"end":{"line":7,"column":56}},"8":{"start":{"line":7,"column":23},"end":{"line":7,"column":25}},"9":{"start":{"line":7,"column":40},"end":{"line":7,"column":44}},"10":{"start":{"line":9,"column":18},"end":{"line":13,"column":22}},"11":{"start":{"line":10,"column":8},"end":{"line":12,"column":null}},"12":{"start":{"line":11,"column":12},"end":{"line":11,"column":null}},"13":{"start":{"line":15,"column":21},"end":{"line":22,"column":10}},"14":{"start":{"line":16,"column":8},"end":{"line":21,"column":11}},"15":{"start":{"line":17,"column":12},"end":{"line":17,"column":27}},"16":{"start":{"line":18,"column":12},"end":{"line":20,"column":null}},"17":{"start":{"line":19,"column":16},"end":{"line":19,"column":53}},"18":{"start":{"line":24,"column":4},"end":{"line":24,"column":36}},"19":{"start":{"line":26,"column":4},"end":{"line":51,"column":6}},"20":{"start":{"line":39,"column":20},"end":{"line":45,"column":22}},"21":{"start":{"line":5,"column":13},"end":{"line":5,"column":29}}},"fnMap":{"0":{"name":"(anonymous_2)","decl":{"start":{"line":5,"column":29},"end":{"line":5,"column":null}},"loc":{"start":{"line":5,"column":29},"end":{"line":52,"column":1}}},"1":{"name":"(anonymous_3)","decl":{"start":{"line":9,"column":30},"end":{"line":9,"column":null}},"loc":{"start":{"line":9,"column":30},"end":{"line":13,"column":5}}},"2":{"name":"(anonymous_4)","decl":{"start":{"line":15,"column":33},"end":{"line":15,"column":null}},"loc":{"start":{"line":15,"column":33},"end":{"line":22,"column":5}}},"3":{"name":"(anonymous_5)","decl":{"start":{"line":16,"column":44},"end":{"line":16,"column":45}},"loc":{"start":{"line":16,"column":49},"end":{"line":21,"column":9}}},"4":{"name":"(anonymous_6)","decl":{"start":{"line":38,"column":27},"end":{"line":38,"column":28}},"loc":{"start":{"line":38,"column":45},"end":{"line":46,"column":17}}}},"branchMap":{"0":{"loc":{"start":{"line":10,"column":8},"end":{"line":12,"column":null}},"type":"if","locations":[{"start":{"line":10,"column":8},"end":{"line":12,"column":null}}]},"1":{"loc":{"start":{"line":18,"column":12},"end":{"line":20,"column":null}},"type":"if","locations":[{"start":{"line":18,"column":12},"end":{"line":20,"column":null}}]}},"s":{"0":31,"1":31,"2":31,"3":31,"4":8,"5":8,"6":8,"7":8,"8":8,"9":8,"10":8,"11":8,"12":3,"13":8,"14":4,"15":4,"16":4,"17":3,"18":8,"19":8,"20":10,"21":31},"f":{"0":8,"1":8,"2":4,"3":4,"4":10},"b":{"0":[3],"1":[3]}}
,"/home/mart/Documents/GithubRepositories/Software-Engineering-Belsimpel/foosball-front-end/src/pages/player/WallOfFame2v2.tsx": {"path":"/home/mart/Documents/GithubRepositories/Software-Engineering-Belsimpel/foosball-front-end/src/pages/player/WallOfFame2v2.tsx","statementMap":{"0":{"start":{"line":1,"column":0},"end":{"line":1,"column":62}},"1":{"start":{"line":2,"column":0},"end":{"line":2,"column":76}},"2":{"start":{"line":4,"column":13},"end":{"line":4,"column":null}},"3":{"start":{"line":5,"column":29},"end":{"line":59,"column":1}},"4":{"start":{"line":6,"column":30},"end":{"line":6,"column":57}},"5":{"start":{"line":6,"column":16},"end":{"line":6,"column":18}},"6":{"start":{"line":6,"column":26},"end":{"line":6,"column":30}},"7":{"start":{"line":7,"column":44},"end":{"line":7,"column":56}},"8":{"start":{"line":7,"column":23},"end":{"line":7,"column":25}},"9":{"start":{"line":7,"column":40},"end":{"line":7,"column":44}},"10":{"start":{"line":9,"column":18},"end":{"line":13,"column":22}},"11":{"start":{"line":10,"column":8},"end":{"line":12,"column":null}},"12":{"start":{"line":11,"column":12},"end":{"line":11,"column":null}},"13":{"start":{"line":15,"column":21},"end":{"line":22,"column":10}},"14":{"start":{"line":16,"column":8},"end":{"line":21,"column":11}},"15":{"start":{"line":17,"column":12},"end":{"line":17,"column":27}},"16":{"start":{"line":18,"column":12},"end":{"line":20,"column":null}},"17":{"start":{"line":19,"column":16},"end":{"line":19,"column":51}},"18":{"start":{"line":24,"column":4},"end":{"line":24,"column":36}},"19":{"start":{"line":26,"column":4},"end":{"line":58,"column":6}},"20":{"start":{"line":40,"column":20},"end":{"line":52,"column":null}},"21":{"start":{"line":5,"column":13},"end":{"line":5,"column":29}}},"fnMap":{"0":{"name":"(anonymous_2)","decl":{"start":{"line":5,"column":29},"end":{"line":5,"column":null}},"loc":{"start":{"line":5,"column":29},"end":{"line":59,"column":1}}},"1":{"name":"(anonymous_3)","decl":{"start":{"line":9,"column":30},"end":{"line":9,"column":null}},"loc":{"start":{"line":9,"column":30},"end":{"line":13,"column":5}}},"2":{"name":"(anonymous_4)","decl":{"start":{"line":15,"column":33},"end":{"line":15,"column":null}},"loc":{"start":{"line":15,"column":33},"end":{"line":22,"column":5}}},"3":{"name":"(anonymous_5)","decl":{"start":{"line":16,"column":44},"end":{"line":16,"column":45}},"loc":{"start":{"line":16,"column":49},"end":{"line":21,"column":9}}},"4":{"name":"(anonymous_6)","decl":{"start":{"line":39,"column":27},"end":{"line":39,"column":28}},"loc":{"start":{"line":39,"column":45},"end":{"line":53,"column":17}}}},"branchMap":{"0":{"loc":{"start":{"line":10,"column":8},"end":{"line":12,"column":null}},"type":"if","locations":[{"start":{"line":10,"column":8},"end":{"line":12,"column":null}}]},"1":{"loc":{"start":{"line":18,"column":12},"end":{"line":20,"column":null}},"type":"if","locations":[{"start":{"line":18,"column":12},"end":{"line":20,"column":null}}]}},"s":{"0":31,"1":31,"2":31,"3":31,"4":6,"5":6,"6":6,"7":6,"8":6,"9":6,"10":6,"11":6,"12":2,"13":6,"14":3,"15":3,"16":3,"17":2,"18":6,"19":6,"20":10,"21":31},"f":{"0":6,"1":6,"2":3,"3":3,"4":10},"b":{"0":[2],"1":[2]}}
,"/home/mart/Documents/GithubRepositories/Software-Engineering-Belsimpel/foosball-front-end/src/tests/mocks/api.ts": {"path":"/home/mart/Documents/GithubRepositories/Software-Engineering-Belsimpel/foosball-front-end/src/tests/mocks/api.ts","statementMap":{"0":{"start":{"line":1,"column":0},"end":{"line":1,"column":24}},"1":{"start":{"line":2,"column":0},"end":{"line":2,"column":36}},"2":{"start":{"line":4,"column":25},"end":{"line":4,"column":51}},"3":{"start":{"line":5,"column":13},"end":{"line":5,"column":null}},"4":{"start":{"line":6,"column":13},"end":{"line":6,"column":null}},"5":{"start":{"line":7,"column":13},"end":{"line":7,"column":null}},"6":{"start":{"line":8,"column":13},"end":{"line":8,"column":null}},"7":{"start":{"line":9,"column":15},"end":{"line":222,"column":null}},"8":{"start":{"line":11,"column":8},"end":{"line":11,"column":null}},"9":{"start":{"line":14,"column":8},"end":{"line":14,"column":null}},"10":{"start":{"line":17,"column":8},"end":{"line":17,"column":null}},"11":{"start":{"line":20,"column":8},"end":{"line":24,"column":null}},"12":{"start":{"line":27,"column":8},"end":{"line":27,"column":null}},"13":{"start":{"line":30,"column":8},"end":{"line":30,"column":null}},"14":{"start":{"line":33,"column":8},"end":{"line":33,"column":null}},"15":{"start":{"line":36,"column":8},"end":{"line":36,"column":null}},"16":{"start":{"line":39,"column":20},"end":{"line":39,"column":22}},"17":{"start":{"line":40,"column":8},"end":{"line":46,"column":null}},"18":{"start":{"line":40,"column":21},"end":{"line":40,"column":22}},"19":{"start":{"line":41,"column":12},"end":{"line":45,"column":null}},"20":{"start":{"line":47,"column":8},"end":{"line":47,"column":null}},"21":{"start":{"line":50,"column":20},"end":{"line":50,"column":22}},"22":{"start":{"line":51,"column":8},"end":{"line":59,"column":null}},"23":{"start":{"line":51,"column":21},"end":{"line":51,"column":22}},"24":{"start":{"line":52,"column":12},"end":{"line":58,"column":null}},"25":{"start":{"line":60,"column":8},"end":{"line":60,"column":null}},"26":{"start":{"line":63,"column":8},"end":{"line":63,"column":null}},"27":{"start":{"line":66,"column":8},"end":{"line":66,"column":null}},"28":{"start":{"line":69,"column":19},"end":{"line":69,"column":51}},"29":{"start":{"line":70,"column":20},"end":{"line":70,"column":22}},"30":{"start":{"line":71,"column":8},"end":{"line":79,"column":null}},"31":{"start":{"line":71,"column":21},"end":{"line":71,"column":22}},"32":{"start":{"line":72,"column":12},"end":{"line":78,"column":null}},"33":{"start":{"line":80,"column":8},"end":{"line":80,"column":null}},"34":{"start":{"line":83,"column":20},"end":{"line":83,"column":22}},"35":{"start":{"line":84,"column":8},"end":{"line":92,"column":null}},"36":{"start":{"line":84,"column":21},"end":{"line":84,"column":22}},"37":{"start":{"line":85,"column":12},"end":{"line":91,"column":null}},"38":{"start":{"line":93,"column":8},"end":{"line":93,"column":null}},"39":{"start":{"line":96,"column":8},"end":{"line":96,"column":null}},"40":{"start":{"line":99,"column":8},"end":{"line":99,"column":null}},"41":{"start":{"line":102,"column":19},"end":{"line":102,"column":51}},"42":{"start":{"line":103,"column":20},"end":{"line":103,"column":22}},"43":{"start":{"line":104,"column":8},"end":{"line":112,"column":null}},"44":{"start":{"line":104,"column":21},"end":{"line":104,"column":22}},"45":{"start":{"line":105,"column":12},"end":{"line":111,"column":null}},"46":{"start":{"line":113,"column":8},"end":{"line":113,"column":null}},"47":{"start":{"line":116,"column":19},"end":{"line":116,"column":51}},"48":{"start":{"line":117,"column":20},"end":{"line":117,"column":22}},"49":{"start":{"line":118,"column":8},"end":{"line":126,"column":null}},"50":{"start":{"line":118,"column":21},"end":{"line":118,"column":22}},"51":{"start":{"line":119,"column":12},"end":{"line":125,"column":null}},"52":{"start":{"line":127,"column":8},"end":{"line":127,"column":null}},"53":{"start":{"line":130,"column":8},"end":{"line":130,"column":null}},"54":{"start":{"line":133,"column":8},"end":{"line":133,"column":null}},"55":{"start":{"line":136,"column":8},"end":{"line":136,"column":null}},"56":{"start":{"line":139,"column":8},"end":{"line":139,"column":null}},"57":{"start":{"line":142,"column":19},"end":{"line":142,"column":51}},"58":{"start":{"line":143,"column":20},"end":{"line":143,"column":22}},"59":{"start":{"line":144,"column":8},"end":{"line":152,"column":null}},"60":{"start":{"line":144,"column":21},"end":{"line":144,"column":22}},"61":{"start":{"line":145,"column":12},"end":{"line":151,"column":null}},"62":{"start":{"line":153,"column":8},"end":{"line":153,"column":null}},"63":{"start":{"line":156,"column":8},"end":{"line":156,"column":null}},"64":{"start":{"line":159,"column":8},"end":{"line":159,"column":null}},"65":{"start":{"line":162,"column":8},"end":{"line":162,"column":null}},"66":{"start":{"line":165,"column":19},"end":{"line":165,"column":51}},"67":{"start":{"line":166,"column":20},"end":{"line":166,"column":22}},"68":{"start":{"line":167,"column":8},"end":{"line":173,"column":null}},"69":{"start":{"line":167,"column":21},"end":{"line":167,"column":22}},"70":{"start":{"line":168,"column":12},"end":{"line":172,"column":null}},"71":{"start":{"line":174,"column":8},"end":{"line":174,"column":null}},"72":{"start":{"line":177,"column":8},"end":{"line":177,"column":null}},"73":{"start":{"line":180,"column":8},"end":{"line":180,"column":null}},"74":{"start":{"line":183,"column":19},"end":{"line":183,"column":51}},"75":{"start":{"line":184,"column":20},"end":{"line":184,"column":22}},"76":{"start":{"line":185,"column":8},"end":{"line":193,"column":null}},"77":{"start":{"line":185,"column":21},"end":{"line":185,"column":22}},"78":{"start":{"line":186,"column":12},"end":{"line":192,"column":null}},"79":{"start":{"line":194,"column":8},"end":{"line":194,"column":null}},"80":{"start":{"line":197,"column":8},"end":{"line":197,"column":null}},"81":{"start":{"line":200,"column":8},"end":{"line":200,"column":null}},"82":{"start":{"line":203,"column":8},"end":{"line":203,"column":null}},"83":{"start":{"line":206,"column":8},"end":{"line":206,"column":null}},"84":{"start":{"line":209,"column":8},"end":{"line":209,"column":null}},"85":{"start":{"line":212,"column":8},"end":{"line":212,"column":null}},"86":{"start":{"line":215,"column":8},"end":{"line":215,"column":null}},"87":{"start":{"line":218,"column":8},"end":{"line":218,"column":null}},"88":{"start":{"line":221,"column":8},"end":{"line":221,"column":null}},"89":{"start":{"line":225,"column":0},"end":{"line":225,"column":null}}},"fnMap":{"0":{"name":"(anonymous_0)","decl":{"start":{"line":10,"column":58},"end":{"line":10,"column":59}},"loc":{"start":{"line":10,"column":72},"end":{"line":12,"column":5}}},"1":{"name":"(anonymous_1)","decl":{"start":{"line":13,"column":45},"end":{"line":13,"column":46}},"loc":{"start":{"line":13,"column":59},"end":{"line":15,"column":5}}},"2":{"name":"(anonymous_2)","decl":{"start":{"line":16,"column":44},"end":{"line":16,"column":45}},"loc":{"start":{"line":16,"column":58},"end":{"line":18,"column":5}}},"3":{"name":"(anonymous_3)","decl":{"start":{"line":19,"column":51},"end":{"line":19,"column":52}},"loc":{"start":{"line":19,"column":65},"end":{"line":25,"column":5}}},"4":{"name":"(anonymous_4)","decl":{"start":{"line":26,"column":48},"end":{"line":26,"column":49}},"loc":{"start":{"line":26,"column":62},"end":{"line":28,"column":5}}},"5":{"name":"(anonymous_5)","decl":{"start":{"line":29,"column":55},"end":{"line":29,"column":56}},"loc":{"start":{"line":29,"column":69},"end":{"line":31,"column":5}}},"6":{"name":"(anonymous_6)","decl":{"start":{"line":32,"column":54},"end":{"line":32,"column":55}},"loc":{"start":{"line":32,"column":68},"end":{"line":34,"column":5}}},"7":{"name":"(anonymous_7)","decl":{"start":{"line":35,"column":46},"end":{"line":35,"column":47}},"loc":{"start":{"line":35,"column":60},"end":{"line":37,"column":5}}},"8":{"name":"(anonymous_8)","decl":{"start":{"line":38,"column":43},"end":{"line":38,"column":44}},"loc":{"start":{"line":38,"column":57},"end":{"line":48,"column":5}}},"9":{"name":"(anonymous_9)","decl":{"start":{"line":49,"column":44},"end":{"line":49,"column":45}},"loc":{"start":{"line":49,"column":58},"end":{"line":61,"column":5}}},"10":{"name":"(anonymous_10)","decl":{"start":{"line":62,"column":48},"end":{"line":62,"column":49}},"loc":{"start":{"line":62,"column":62},"end":{"line":64,"column":5}}},"11":{"name":"(anonymous_11)","decl":{"start":{"line":65,"column":48},"end":{"line":65,"column":49}},"loc":{"start":{"line":65,"column":62},"end":{"line":67,"column":5}}},"12":{"name":"(anonymous_12)","decl":{"start":{"line":68,"column":47},"end":{"line":68,"column":48}},"loc":{"start":{"line":68,"column":61},"end":{"line":81,"column":5}}},"13":{"name":"(anonymous_13)","decl":{"start":{"line":82,"column":52},"end":{"line":82,"column":53}},"loc":{"start":{"line":82,"column":66},"end":{"line":94,"column":5}}},"14":{"name":"(anonymous_14)","decl":{"start":{"line":95,"column":54},"end":{"line":95,"column":55}},"loc":{"start":{"line":95,"column":68},"end":{"line":97,"column":5}}},"15":{"name":"(anonymous_15)","decl":{"start":{"line":98,"column":51},"end":{"line":98,"column":52}},"loc":{"start":{"line":98,"column":65},"end":{"line":100,"column":5}}},"16":{"name":"(anonymous_16)","decl":{"start":{"line":101,"column":47},"end":{"line":101,"column":48}},"loc":{"start":{"line":101,"column":61},"end":{"line":114,"column":5}}},"17":{"name":"(anonymous_17)","decl":{"start":{"line":115,"column":52},"end":{"line":115,"column":53}},"loc":{"start":{"line":115,"column":66},"end":{"line":128,"column":5}}},"18":{"name":"(anonymous_18)","decl":{"start":{"line":129,"column":54},"end":{"line":129,"column":55}},"loc":{"start":{"line":129,"column":68},"end":{"line":131,"column":5}}},"19":{"name":"(anonymous_19)","decl":{"start":{"line":132,"column":51},"end":{"line":132,"column":52}},"loc":{"start":{"line":132,"column":65},"end":{"line":134,"column":5}}},"20":{"name":"(anonymous_20)","decl":{"start":{"line":135,"column":60},"end":{"line":135,"column":61}},"loc":{"start":{"line":135,"column":74},"end":{"line":137,"column":5}}},"21":{"name":"(anonymous_21)","decl":{"start":{"line":138,"column":45},"end":{"line":138,"column":46}},"loc":{"start":{"line":138,"column":59},"end":{"line":140,"column":5}}},"22":{"name":"(anonymous_22)","decl":{"start":{"line":141,"column":49},"end":{"line":141,"column":50}},"loc":{"start":{"line":141,"column":63},"end":{"line":154,"column":5}}},"23":{"name":"(anonymous_23)","decl":{"start":{"line":155,"column":51},"end":{"line":155,"column":52}},"loc":{"start":{"line":155,"column":65},"end":{"line":157,"column":5}}},"24":{"name":"(anonymous_24)","decl":{"start":{"line":158,"column":48},"end":{"line":158,"column":49}},"loc":{"start":{"line":158,"column":62},"end":{"line":160,"column":5}}},"25":{"name":"(anonymous_25)","decl":{"start":{"line":161,"column":52},"end":{"line":161,"column":53}},"loc":{"start":{"line":161,"column":66},"end":{"line":163,"column":5}}},"26":{"name":"(anonymous_26)","decl":{"start":{"line":164,"column":49},"end":{"line":164,"column":50}},"loc":{"start":{"line":164,"column":63},"end":{"line":175,"column":5}}},"27":{"name":"(anonymous_27)","decl":{"start":{"line":176,"column":56},"end":{"line":176,"column":57}},"loc":{"start":{"line":176,"column":70},"end":{"line":178,"column":5}}},"28":{"name":"(anonymous_28)","decl":{"start":{"line":179,"column":53},"end":{"line":179,"column":54}},"loc":{"start":{"line":179,"column":67},"end":{"line":181,"column":5}}},"29":{"name":"(anonymous_29)","decl":{"start":{"line":182,"column":50},"end":{"line":182,"column":51}},"loc":{"start":{"line":182,"column":64},"end":{"line":195,"column":5}}},"30":{"name":"(anonymous_30)","decl":{"start":{"line":196,"column":57},"end":{"line":196,"column":58}},"loc":{"start":{"line":196,"column":71},"end":{"line":198,"column":5}}},"31":{"name":"(anonymous_31)","decl":{"start":{"line":199,"column":54},"end":{"line":199,"column":55}},"loc":{"start":{"line":199,"column":68},"end":{"line":201,"column":5}}},"32":{"name":"(anonymous_32)","decl":{"start":{"line":202,"column":51},"end":{"line":202,"column":52}},"loc":{"start":{"line":202,"column":65},"end":{"line":204,"column":5}}},"33":{"name":"(anonymous_33)","decl":{"start":{"line":205,"column":54},"end":{"line":205,"column":55}},"loc":{"start":{"line":205,"column":68},"end":{"line":207,"column":5}}},"34":{"name":"(anonymous_34)","decl":{"start":{"line":208,"column":60},"end":{"line":208,"column":61}},"loc":{"start":{"line":208,"column":74},"end":{"line":210,"column":5}}},"35":{"name":"(anonymous_35)","decl":{"start":{"line":211,"column":57},"end":{"line":211,"column":58}},"loc":{"start":{"line":211,"column":71},"end":{"line":213,"column":5}}},"36":{"name":"(anonymous_36)","decl":{"start":{"line":214,"column":54},"end":{"line":214,"column":55}},"loc":{"start":{"line":214,"column":68},"end":{"line":216,"column":5}}},"37":{"name":"(anonymous_37)","decl":{"start":{"line":217,"column":60},"end":{"line":217,"column":61}},"loc":{"start":{"line":217,"column":74},"end":{"line":219,"column":5}}},"38":{"name":"(anonymous_38)","decl":{"start":{"line":220,"column":57},"end":{"line":220,"column":58}},"loc":{"start":{"line":220,"column":71},"end":{"line":222,"column":5}}}},"branchMap":{},"s":{"0":31,"1":31,"2":31,"3":31,"4":31,"5":31,"6":31,"7":31,"8":10,"9":3,"10":5,"11":23,"12":1,"13":1,"14":1,"15":2,"16":1,"17":1,"18":1,"19":10,"20":1,"21":1,"22":1,"23":1,"24":10,"25":1,"26":1,"27":1,"28":12,"29":12,"30":12,"31":12,"32":120,"33":12,"34":9,"35":9,"36":9,"37":90,"38":9,"39":1,"40":1,"41":12,"42":12,"43":12,"44":12,"45":120,"46":12,"47":9,"48":9,"49":9,"50":9,"51":90,"52":9,"53":1,"54":1,"55":4,"56":1,"57":8,"58":8,"59":8,"60":8,"61":80,"62":8,"63":1,"64":1,"65":1,"66":7,"67":7,"68":7,"69":7,"70":70,"71":7,"72":1,"73":1,"74":7,"75":7,"76":7,"77":7,"78":70,"79":7,"80":1,"81":1,"82":1,"83":1,"84":1,"85":1,"86":1,"87":1,"88":1,"89":31},"f":{"0":10,"1":3,"2":5,"3":23,"4":1,"5":1,"6":1,"7":2,"8":1,"9":1,"10":1,"11":1,"12":12,"13":9,"14":1,"15":1,"16":12,"17":9,"18":1,"19":1,"20":4,"21":1,"22":8,"23":1,"24":1,"25":1,"26":7,"27":1,"28":1,"29":7,"30":1,"31":1,"32":1,"33":1,"34":1,"35":1,"36":1,"37":1,"38":1},"b":{}}
}
