TN:
SF:src/App.tsx
FN:39,App
FNF:1
FNH:1
FNDA:127,App
DA:2,31
DA:3,31
DA:4,31
DA:5,31
DA:6,31
DA:7,31
DA:8,31
DA:9,31
DA:10,31
DA:11,31
DA:12,31
DA:13,31
DA:14,31
DA:15,31
DA:16,31
DA:17,31
DA:18,31
DA:19,31
DA:20,31
DA:21,31
DA:22,31
DA:23,31
DA:24,31
DA:25,31
DA:26,31
DA:27,31
DA:28,31
DA:29,31
DA:30,31
DA:31,31
DA:32,31
DA:33,31
DA:34,31
DA:35,31
DA:36,31
DA:37,31
DA:40,127
DA:98,31
LF:38
LH:38
BRF:0
BRH:0
end_of_record
TN:
SF:src/components/paginate.ts
FN:6,paginationButtons
FNF:1
FNH:1
FNDA:82,paginationButtons
DA:6,31
DA:7,82
DA:8,82
DA:9,82
DA:10,9
DA:12,82
DA:13,9
DA:15,82
DA:16,9
DA:18,82
DA:19,55
DA:21,82
DA:22,55
DA:24,82
DA:25,64
DA:27,82
LF:16
LH:16
BRDA:9,0,0,9
BRDA:9,1,0,82
BRDA:9,1,1,9
BRDA:12,2,0,9
BRDA:12,3,0,82
BRDA:12,3,1,9
BRDA:15,4,0,9
BRDA:15,5,0,82
BRDA:15,5,1,9
BRDA:18,6,0,55
BRDA:18,7,0,82
BRDA:18,7,1,55
BRDA:21,8,0,55
BRDA:21,9,0,82
BRDA:21,9,1,55
BRDA:24,10,0,64
BRDA:24,11,0,82
BRDA:24,11,1,73
BRF:18
BRH:18
end_of_record
TN:
SF:src/components/endpoints/Login.ts
FN:6,cookie
FN:9,(anonymous_17)
FN:13,(anonymous_18)
FN:23,login
FN:33,(anonymous_22)
FN:39,(anonymous_23)
FN:52,register
FN:67,(anonymous_27)
FN:73,(anonymous_28)
FN:86,logout
FN:94,(anonymous_32)
FN:96,(anonymous_33)
FN:105,forgotPassword
FN:114,(anonymous_37)
FN:119,(anonymous_38)
FN:129,resetPassword
FN:142,(anonymous_42)
FN:147,(anonymous_43)
FN:157,getIsAdmin
FN:163,(anonymous_47)
FN:166,(anonymous_48)
FNF:21
FNH:21
FNDA:11,cookie
FNDA:10,(anonymous_17)
FNDA:1,(anonymous_18)
FNDA:5,login
FNDA:3,(anonymous_22)
FNDA:2,(anonymous_23)
FNDA:2,register
FNDA:1,(anonymous_27)
FNDA:1,(anonymous_28)
FNDA:3,logout
FNDA:2,(anonymous_32)
FNDA:1,(anonymous_33)
FNDA:2,forgotPassword
FNDA:1,(anonymous_37)
FNDA:1,(anonymous_38)
FNDA:2,resetPassword
FNDA:1,(anonymous_42)
FNDA:1,(anonymous_43)
FNDA:7,getIsAdmin
FNDA:6,(anonymous_47)
FNDA:1,(anonymous_48)
DA:1,32
DA:3,32
DA:4,32
DA:8,22
DA:10,10
DA:11,10
DA:14,1
DA:15,1
DA:17,0
DA:20,11
DA:23,32
DA:24,10
DA:25,5
DA:26,10
DA:34,3
DA:35,3
DA:36,3
DA:40,2
DA:41,2
DA:43,0
DA:45,2
DA:47,5
DA:48,10
DA:49,5
DA:52,32
DA:54,4
DA:55,2
DA:56,4
DA:68,1
DA:69,1
DA:70,1
DA:74,1
DA:75,1
DA:77,0
DA:79,1
DA:81,2
DA:82,4
DA:83,2
DA:86,32
DA:87,3
DA:88,3
DA:89,6
DA:97,1
DA:99,1
DA:100,1
DA:105,32
DA:106,4
DA:107,2
DA:108,4
DA:115,1
DA:116,1
DA:120,1
DA:121,1
DA:123,0
DA:126,2
DA:129,32
DA:131,4
DA:132,2
DA:133,4
DA:143,1
DA:144,1
DA:148,1
DA:149,1
DA:151,0
DA:154,2
DA:157,32
DA:158,7
DA:159,14
DA:164,6
DA:165,6
DA:167,1
DA:169,1
DA:171,1
DA:172,1
DA:174,7
LF:75
LH:70
BRDA:8,0,0,11
BRDA:14,1,0,1
BRDA:14,1,1,0
BRDA:24,2,0,5
BRDA:34,3,0,3
BRDA:34,4,0,3
BRDA:34,4,1,3
BRDA:40,5,0,2
BRDA:40,5,1,0
BRDA:54,6,0,2
BRDA:68,7,0,1
BRDA:68,8,0,1
BRDA:68,8,1,1
BRDA:74,9,0,1
BRDA:74,9,1,0
BRDA:97,10,0,1
BRDA:97,11,0,1
BRDA:97,11,1,1
BRDA:97,11,2,0
BRDA:106,12,0,2
BRDA:115,13,0,1
BRDA:115,14,0,1
BRDA:115,14,1,1
BRDA:120,15,0,1
BRDA:120,15,1,0
BRDA:131,16,0,2
BRDA:143,17,0,1
BRDA:143,18,0,1
BRDA:143,18,1,1
BRDA:148,19,0,1
BRDA:148,19,1,0
BRDA:167,20,0,1
BRDA:167,21,0,1
BRDA:167,21,1,1
BRDA:167,21,2,0
BRF:35
BRH:28
end_of_record
TN:
SF:src/components/endpoints/admin/Games.ts
FN:3,makeGame1v1
FN:15,(anonymous_17)
FN:21,(anonymous_18)
FN:37,editGame1v1
FN:48,(anonymous_22)
FN:54,(anonymous_23)
FN:70,deleteGame1v1
FN:77,(anonymous_27)
FN:83,(anonymous_28)
FN:99,makeGame2v2
FN:114,(anonymous_32)
FN:120,(anonymous_33)
FN:136,editGame2v2
FN:147,(anonymous_37)
FN:153,(anonymous_38)
FN:169,deleteGame2v2
FN:176,(anonymous_42)
FN:182,(anonymous_43)
FNF:18
FNH:18
FNDA:2,makeGame1v1
FNDA:1,(anonymous_17)
FNDA:1,(anonymous_18)
FNDA:2,editGame1v1
FNDA:1,(anonymous_22)
FNDA:1,(anonymous_23)
FNDA:2,deleteGame1v1
FNDA:1,(anonymous_27)
FNDA:1,(anonymous_28)
FNDA:2,makeGame2v2
FNDA:1,(anonymous_32)
FNDA:1,(anonymous_33)
FNDA:2,editGame2v2
FNDA:1,(anonymous_37)
FNDA:1,(anonymous_38)
FNDA:2,deleteGame2v2
FNDA:1,(anonymous_42)
FNDA:1,(anonymous_43)
DA:1,31
DA:3,31
DA:5,2
DA:6,4
DA:16,1
DA:17,1
DA:18,1
DA:22,1
DA:23,1
DA:25,0
DA:27,1
DA:29,1
DA:30,1
DA:31,1
DA:34,2
DA:37,31
DA:39,2
DA:40,4
DA:49,1
DA:50,1
DA:51,1
DA:55,1
DA:56,1
DA:58,0
DA:60,1
DA:62,1
DA:63,1
DA:64,1
DA:67,2
DA:70,31
DA:71,2
DA:72,4
DA:78,1
DA:79,1
DA:80,1
DA:84,1
DA:85,1
DA:87,0
DA:89,1
DA:91,1
DA:92,1
DA:93,1
DA:96,2
DA:99,31
DA:102,2
DA:103,4
DA:115,1
DA:116,1
DA:117,1
DA:121,1
DA:122,1
DA:124,0
DA:126,1
DA:128,1
DA:129,1
DA:130,1
DA:133,2
DA:136,31
DA:138,2
DA:139,4
DA:148,1
DA:149,1
DA:150,1
DA:154,1
DA:155,1
DA:157,0
DA:159,1
DA:161,1
DA:162,1
DA:163,1
DA:166,2
DA:169,31
DA:170,2
DA:171,4
DA:177,1
DA:178,1
DA:179,1
DA:183,1
DA:184,1
DA:186,0
DA:188,1
DA:190,1
DA:191,1
DA:192,1
DA:195,2
LF:85
LH:79
BRDA:16,0,0,1
BRDA:16,1,0,1
BRDA:16,1,1,1
BRDA:22,2,0,1
BRDA:22,2,1,0
BRDA:27,3,0,1
BRDA:27,4,0,1
BRDA:27,4,1,1
BRDA:27,4,2,0
BRDA:49,5,0,1
BRDA:49,6,0,1
BRDA:49,6,1,1
BRDA:55,7,0,1
BRDA:55,7,1,0
BRDA:60,8,0,1
BRDA:60,9,0,1
BRDA:60,9,1,1
BRDA:60,9,2,0
BRDA:78,10,0,1
BRDA:78,11,0,1
BRDA:78,11,1,1
BRDA:84,12,0,1
BRDA:84,12,1,0
BRDA:89,13,0,1
BRDA:89,14,0,1
BRDA:89,14,1,1
BRDA:89,14,2,0
BRDA:115,15,0,1
BRDA:115,16,0,1
BRDA:115,16,1,1
BRDA:121,17,0,1
BRDA:121,17,1,0
BRDA:126,18,0,1
BRDA:126,19,0,1
BRDA:126,19,1,1
BRDA:126,19,2,0
BRDA:148,20,0,1
BRDA:148,21,0,1
BRDA:148,21,1,1
BRDA:154,22,0,1
BRDA:154,22,1,0
BRDA:159,23,0,1
BRDA:159,24,0,1
BRDA:159,24,1,1
BRDA:159,24,2,0
BRDA:177,25,0,1
BRDA:177,26,0,1
BRDA:177,26,1,1
BRDA:183,27,0,1
BRDA:183,27,1,0
BRDA:188,28,0,1
BRDA:188,29,0,1
BRDA:188,29,1,1
BRDA:188,29,2,0
BRF:54
BRH:42
end_of_record
TN:
SF:src/components/endpoints/admin/Teams.ts
FN:5,getTop10Teams
FN:15,(anonymous_17)
FN:21,(anonymous_18)
FN:38,editTeam
FN:46,(anonymous_22)
FN:52,(anonymous_23)
FN:68,makeTeam
FN:78,(anonymous_27)
FN:84,(anonymous_28)
FN:100,deleteTeam
FN:107,(anonymous_32)
FN:113,(anonymous_33)
FNF:12
FNH:12
FNDA:9,getTop10Teams
FNDA:8,(anonymous_17)
FNDA:1,(anonymous_18)
FNDA:2,editTeam
FNDA:1,(anonymous_22)
FNDA:1,(anonymous_23)
FNDA:2,makeTeam
FNDA:1,(anonymous_27)
FNDA:1,(anonymous_28)
FNDA:2,deleteTeam
FNDA:1,(anonymous_32)
FNDA:1,(anonymous_33)
DA:1,31
DA:5,31
DA:6,9
DA:8,9
DA:9,9
DA:10,18
DA:16,8
DA:17,8
DA:18,8
DA:19,8
DA:22,1
DA:23,1
DA:25,0
DA:27,1
DA:29,1
DA:30,1
DA:31,1
DA:34,9
DA:35,9
DA:38,31
DA:39,2
DA:40,4
DA:47,1
DA:48,1
DA:49,1
DA:53,1
DA:54,1
DA:56,0
DA:58,1
DA:60,1
DA:61,1
DA:62,1
DA:65,2
DA:68,31
DA:69,2
DA:70,4
DA:79,1
DA:80,1
DA:81,1
DA:85,1
DA:86,1
DA:88,0
DA:90,1
DA:92,1
DA:93,1
DA:94,1
DA:97,2
DA:100,31
DA:101,2
DA:102,4
DA:108,1
DA:109,1
DA:110,1
DA:114,1
DA:115,1
DA:117,0
DA:119,1
DA:121,1
DA:122,1
DA:123,1
DA:126,2
LF:61
LH:57
BRDA:5,0,0,0
BRDA:22,1,0,1
BRDA:22,1,1,0
BRDA:27,2,0,1
BRDA:27,3,0,1
BRDA:27,3,1,1
BRDA:27,3,2,0
BRDA:47,4,0,1
BRDA:47,5,0,1
BRDA:47,5,1,1
BRDA:53,6,0,1
BRDA:53,6,1,0
BRDA:58,7,0,1
BRDA:58,8,0,1
BRDA:58,8,1,1
BRDA:58,8,2,0
BRDA:79,9,0,1
BRDA:79,10,0,1
BRDA:79,10,1,1
BRDA:85,11,0,1
BRDA:85,11,1,0
BRDA:90,12,0,1
BRDA:90,13,0,1
BRDA:90,13,1,1
BRDA:90,13,2,0
BRDA:108,14,0,1
BRDA:108,15,0,1
BRDA:108,15,1,1
BRDA:114,16,0,1
BRDA:114,16,1,0
BRDA:119,17,0,1
BRDA:119,18,0,1
BRDA:119,18,1,1
BRDA:119,18,2,0
BRF:34
BRH:25
end_of_record
TN:
SF:src/components/endpoints/admin/Users.ts
FN:5,getTop10Users
FN:15,(anonymous_17)
FN:21,(anonymous_18)
FN:40,editPlayer
FN:48,(anonymous_22)
FN:54,(anonymous_23)
FN:70,deleteUser
FN:77,(anonymous_27)
FN:83,(anonymous_28)
FNF:9
FNH:9
FNDA:9,getTop10Users
FNDA:8,(anonymous_17)
FNDA:1,(anonymous_18)
FNDA:2,editPlayer
FNDA:1,(anonymous_22)
FNDA:1,(anonymous_23)
FNDA:2,deleteUser
FNDA:1,(anonymous_27)
FNDA:1,(anonymous_28)
DA:1,31
DA:5,31
DA:6,9
DA:8,9
DA:9,9
DA:10,18
DA:16,8
DA:17,8
DA:18,8
DA:19,8
DA:22,1
DA:23,1
DA:25,0
DA:27,1
DA:29,1
DA:30,1
DA:31,1
DA:32,1
DA:35,9
DA:36,9
DA:40,31
DA:41,2
DA:42,4
DA:49,1
DA:50,1
DA:51,1
DA:55,1
DA:56,1
DA:58,0
DA:60,1
DA:62,1
DA:63,1
DA:64,1
DA:67,2
DA:70,31
DA:71,2
DA:72,4
DA:78,1
DA:79,1
DA:80,1
DA:84,1
DA:85,1
DA:87,0
DA:89,1
DA:91,1
DA:92,1
DA:93,1
DA:96,2
LF:48
LH:45
BRDA:5,0,0,0
BRDA:22,1,0,1
BRDA:22,1,1,0
BRDA:27,2,0,1
BRDA:27,3,0,1
BRDA:27,3,1,1
BRDA:27,3,2,0
BRDA:49,4,0,1
BRDA:49,5,0,1
BRDA:49,5,1,1
BRDA:55,6,0,1
BRDA:55,6,1,0
BRDA:60,7,0,1
BRDA:60,8,0,1
BRDA:60,8,1,1
BRDA:60,8,2,0
BRDA:78,9,0,1
BRDA:78,10,0,1
BRDA:78,10,1,1
BRDA:84,11,0,1
BRDA:84,11,1,0
BRDA:89,12,0,1
BRDA:89,13,0,1
BRDA:89,13,1,1
BRDA:89,13,2,0
BRF:25
BRH:18
end_of_record
TN:
SF:src/components/endpoints/player/Games.ts
FN:12,getLast10Games1v1
FN:22,(anonymous_17)
FN:28,(anonymous_18)
FN:45,getOwnGames1v1
FN:55,(anonymous_22)
FN:61,(anonymous_23)
FN:78,makeGame1v1
FN:91,(anonymous_27)
FN:97,(anonymous_28)
FN:113,editGame1v1
FN:125,(anonymous_32)
FN:131,(anonymous_33)
FN:147,deleteGame1v1
FN:154,(anonymous_37)
FN:160,(anonymous_38)
FN:184,getLast10Games2v2
FN:194,(anonymous_42)
FN:200,(anonymous_43)
FN:217,getOwnGames2v2
FN:227,(anonymous_47)
FN:233,(anonymous_48)
FN:250,makeGame2v2
FN:264,(anonymous_52)
FN:270,(anonymous_53)
FN:286,editGame2v2
FN:298,(anonymous_57)
FN:304,(anonymous_58)
FN:320,deleteGame2v2
FN:327,(anonymous_62)
FN:333,(anonymous_63)
FNF:30
FNH:30
FNDA:16,getLast10Games1v1
FNDA:14,(anonymous_17)
FNDA:2,(anonymous_18)
FNDA:11,getOwnGames1v1
FNDA:10,(anonymous_22)
FNDA:1,(anonymous_23)
FNDA:2,makeGame1v1
FNDA:1,(anonymous_27)
FNDA:1,(anonymous_28)
FNDA:2,editGame1v1
FNDA:1,(anonymous_32)
FNDA:1,(anonymous_33)
FNDA:2,deleteGame1v1
FNDA:1,(anonymous_37)
FNDA:1,(anonymous_38)
FNDA:16,getLast10Games2v2
FNDA:14,(anonymous_42)
FNDA:2,(anonymous_43)
FNDA:11,getOwnGames2v2
FNDA:10,(anonymous_47)
FNDA:1,(anonymous_48)
FNDA:2,makeGame2v2
FNDA:1,(anonymous_52)
FNDA:1,(anonymous_53)
FNDA:2,editGame2v2
FNDA:1,(anonymous_57)
FNDA:1,(anonymous_58)
FNDA:2,deleteGame2v2
FNDA:1,(anonymous_62)
FNDA:1,(anonymous_63)
DA:1,31
DA:12,31
DA:13,16
DA:15,16
DA:16,16
DA:17,32
DA:23,14
DA:24,14
DA:25,14
DA:26,14
DA:29,2
DA:30,2
DA:32,0
DA:34,2
DA:36,2
DA:37,2
DA:38,2
DA:41,16
DA:42,16
DA:45,31
DA:46,11
DA:48,11
DA:49,11
DA:50,22
DA:56,10
DA:57,10
DA:58,10
DA:59,10
DA:62,1
DA:63,1
DA:65,0
DA:67,1
DA:69,1
DA:70,1
DA:71,1
DA:74,11
DA:75,11
DA:78,31
DA:81,2
DA:82,4
DA:92,1
DA:93,1
DA:94,1
DA:98,1
DA:99,1
DA:101,0
DA:103,1
DA:105,1
DA:106,1
DA:107,1
DA:110,2
DA:113,31
DA:116,2
DA:117,4
DA:126,1
DA:127,1
DA:128,1
DA:132,1
DA:133,1
DA:135,0
DA:137,1
DA:139,1
DA:140,1
DA:141,1
DA:144,2
DA:147,31
DA:148,2
DA:149,4
DA:155,1
DA:156,1
DA:157,1
DA:161,1
DA:162,1
DA:164,0
DA:166,1
DA:168,1
DA:169,1
DA:170,1
DA:173,2
DA:184,31
DA:185,16
DA:187,16
DA:188,16
DA:189,32
DA:195,14
DA:196,14
DA:197,14
DA:198,14
DA:201,2
DA:202,2
DA:204,0
DA:206,2
DA:208,2
DA:209,2
DA:210,2
DA:213,16
DA:214,16
DA:217,31
DA:218,11
DA:220,11
DA:221,11
DA:222,22
DA:228,10
DA:229,10
DA:230,10
DA:231,10
DA:234,1
DA:235,1
DA:237,0
DA:239,1
DA:241,1
DA:242,1
DA:243,1
DA:246,11
DA:247,11
DA:250,31
DA:252,2
DA:253,4
DA:265,1
DA:266,1
DA:267,1
DA:271,1
DA:272,1
DA:274,0
DA:276,1
DA:278,1
DA:279,1
DA:280,1
DA:283,2
DA:286,31
DA:289,2
DA:290,4
DA:299,1
DA:300,1
DA:301,1
DA:305,1
DA:306,1
DA:308,0
DA:310,1
DA:312,1
DA:313,1
DA:314,1
DA:317,2
DA:320,31
DA:321,2
DA:322,4
DA:328,1
DA:329,1
DA:330,1
DA:334,1
DA:335,1
DA:337,0
DA:339,1
DA:341,1
DA:342,1
DA:343,1
DA:346,2
LF:157
LH:147
BRDA:12,0,0,0
BRDA:29,1,0,2
BRDA:29,1,1,0
BRDA:34,2,0,2
BRDA:34,3,0,2
BRDA:34,3,1,2
BRDA:34,3,2,0
BRDA:45,4,0,0
BRDA:62,5,0,1
BRDA:62,5,1,0
BRDA:67,6,0,1
BRDA:67,7,0,1
BRDA:67,7,1,1
BRDA:67,7,2,0
BRDA:92,8,0,1
BRDA:92,9,0,1
BRDA:92,9,1,1
BRDA:98,10,0,1
BRDA:98,10,1,0
BRDA:103,11,0,1
BRDA:103,12,0,1
BRDA:103,12,1,1
BRDA:103,12,2,0
BRDA:126,13,0,1
BRDA:126,14,0,1
BRDA:126,14,1,1
BRDA:132,15,0,1
BRDA:132,15,1,0
BRDA:137,16,0,1
BRDA:137,17,0,1
BRDA:137,17,1,1
BRDA:137,17,2,0
BRDA:155,18,0,1
BRDA:155,19,0,1
BRDA:155,19,1,1
BRDA:161,20,0,1
BRDA:161,20,1,0
BRDA:166,21,0,1
BRDA:166,22,0,1
BRDA:166,22,1,1
BRDA:166,22,2,0
BRDA:184,23,0,0
BRDA:201,24,0,2
BRDA:201,24,1,0
BRDA:206,25,0,2
BRDA:206,26,0,2
BRDA:206,26,1,2
BRDA:206,26,2,0
BRDA:217,27,0,0
BRDA:234,28,0,1
BRDA:234,28,1,0
BRDA:239,29,0,1
BRDA:239,30,0,1
BRDA:239,30,1,1
BRDA:239,30,2,0
BRDA:265,31,0,1
BRDA:265,32,0,1
BRDA:265,32,1,1
BRDA:271,33,0,1
BRDA:271,33,1,0
BRDA:276,34,0,1
BRDA:276,35,0,1
BRDA:276,35,1,1
BRDA:276,35,2,0
BRDA:299,36,0,1
BRDA:299,37,0,1
BRDA:299,37,1,1
BRDA:305,38,0,1
BRDA:305,38,1,0
BRDA:310,39,0,1
BRDA:310,40,0,1
BRDA:310,40,1,1
BRDA:310,40,2,0
BRDA:328,41,0,1
BRDA:328,42,0,1
BRDA:328,42,1,1
BRDA:334,43,0,1
BRDA:334,43,1,0
BRDA:339,44,0,1
BRDA:339,45,0,1
BRDA:339,45,1,1
BRDA:339,45,2,0
BRF:82
BRH:58
end_of_record
TN:
SF:src/components/endpoints/player/Teams.ts
FN:12,getTop10Teams
FN:19,(anonymous_17)
FN:23,(anonymous_18)
FN:39,getOwnTeams
FN:49,(anonymous_22)
FN:55,(anonymous_23)
FN:72,makeTeam
FN:81,(anonymous_27)
FN:87,(anonymous_28)
FN:103,editTeam
FN:111,(anonymous_32)
FN:117,(anonymous_33)
FN:133,deleteTeam
FN:140,(anonymous_37)
FN:146,(anonymous_38)
FN:162,getUsersFromTeam
FN:169,(anonymous_42)
FN:172,(anonymous_43)
FNF:18
FNH:18
FNDA:3,getTop10Teams
FNDA:2,(anonymous_17)
FNDA:1,(anonymous_18)
FNDA:10,getOwnTeams
FNDA:9,(anonymous_22)
FNDA:1,(anonymous_23)
FNDA:2,makeTeam
FNDA:1,(anonymous_27)
FNDA:1,(anonymous_28)
FNDA:2,editTeam
FNDA:1,(anonymous_32)
FNDA:1,(anonymous_33)
FNDA:2,deleteTeam
FNDA:1,(anonymous_37)
FNDA:1,(anonymous_38)
FNDA:5,getUsersFromTeam
FNDA:4,(anonymous_42)
FNDA:1,(anonymous_43)
DA:1,31
DA:12,31
DA:13,3
DA:14,6
DA:20,2
DA:21,2
DA:24,1
DA:25,1
DA:27,0
DA:29,1
DA:31,1
DA:32,1
DA:33,1
DA:36,3
DA:39,31
DA:40,10
DA:42,10
DA:43,10
DA:44,20
DA:50,9
DA:51,9
DA:52,9
DA:53,9
DA:56,1
DA:57,1
DA:59,0
DA:61,1
DA:63,1
DA:64,1
DA:65,1
DA:68,10
DA:69,10
DA:72,31
DA:73,2
DA:74,4
DA:82,1
DA:83,1
DA:84,1
DA:88,1
DA:89,1
DA:91,0
DA:93,1
DA:95,1
DA:96,1
DA:97,1
DA:100,2
DA:103,31
DA:104,2
DA:105,4
DA:112,1
DA:113,1
DA:114,1
DA:118,1
DA:119,1
DA:121,0
DA:123,1
DA:125,1
DA:126,1
DA:127,1
DA:130,2
DA:133,31
DA:134,2
DA:135,4
DA:141,1
DA:142,1
DA:143,1
DA:147,1
DA:148,1
DA:150,0
DA:152,1
DA:154,1
DA:155,1
DA:156,1
DA:159,2
DA:162,31
DA:163,5
DA:164,10
DA:170,4
DA:173,1
DA:174,1
DA:176,0
DA:178,1
DA:180,1
DA:181,1
DA:182,1
DA:185,5
LF:86
LH:80
BRDA:24,0,0,1
BRDA:24,0,1,0
BRDA:29,1,0,1
BRDA:29,2,0,1
BRDA:29,2,1,1
BRDA:29,2,2,0
BRDA:39,3,0,0
BRDA:56,4,0,1
BRDA:56,4,1,0
BRDA:61,5,0,1
BRDA:61,6,0,1
BRDA:61,6,1,1
BRDA:61,6,2,0
BRDA:82,7,0,1
BRDA:82,8,0,1
BRDA:82,8,1,1
BRDA:88,9,0,1
BRDA:88,9,1,0
BRDA:93,10,0,1
BRDA:93,11,0,1
BRDA:93,11,1,1
BRDA:93,11,2,0
BRDA:112,12,0,1
BRDA:112,13,0,1
BRDA:112,13,1,1
BRDA:118,14,0,1
BRDA:118,14,1,0
BRDA:123,15,0,1
BRDA:123,16,0,1
BRDA:123,16,1,1
BRDA:123,16,2,0
BRDA:141,17,0,1
BRDA:141,18,0,1
BRDA:141,18,1,1
BRDA:147,19,0,1
BRDA:147,19,1,0
BRDA:152,20,0,1
BRDA:152,21,0,1
BRDA:152,21,1,1
BRDA:152,21,2,0
BRDA:173,22,0,1
BRDA:173,22,1,0
BRDA:178,23,0,1
BRDA:178,24,0,1
BRDA:178,24,1,1
BRDA:178,24,2,0
BRF:46
BRH:33
end_of_record
TN:
SF:src/components/endpoints/player/Users.ts
FN:9,getUserSummary
FN:16,(anonymous_17)
FN:20,(anonymous_18)
FN:42,getTop10Users
FN:49,(anonymous_22)
FN:53,(anonymous_23)
FN:69,editUsername
FN:77,(anonymous_27)
FN:83,(anonymous_28)
FNF:9
FNH:9
FNDA:25,getUserSummary
FNDA:23,(anonymous_17)
FNDA:2,(anonymous_18)
FNDA:4,getTop10Users
FNDA:2,(anonymous_22)
FNDA:2,(anonymous_23)
FNDA:2,editUsername
FNDA:1,(anonymous_27)
FNDA:1,(anonymous_28)
DA:1,31
DA:9,31
DA:10,25
DA:11,50
DA:17,23
DA:18,23
DA:21,2
DA:22,2
DA:24,0
DA:26,2
DA:28,1
DA:29,1
DA:30,1
DA:33,25
DA:42,31
DA:43,4
DA:44,8
DA:50,2
DA:51,2
DA:54,2
DA:55,2
DA:57,0
DA:59,2
DA:61,1
DA:62,1
DA:63,1
DA:66,4
DA:69,31
DA:70,2
DA:71,4
DA:78,1
DA:79,1
DA:80,1
DA:84,1
DA:85,1
DA:87,0
DA:89,1
DA:91,1
DA:92,1
DA:93,1
DA:96,2
LF:41
LH:38
BRDA:21,0,0,2
BRDA:21,0,1,0
BRDA:26,1,0,1
BRDA:26,2,0,2
BRDA:26,2,1,1
BRDA:26,2,2,0
BRDA:54,3,0,2
BRDA:54,3,1,0
BRDA:59,4,0,1
BRDA:59,5,0,2
BRDA:59,5,1,1
BRDA:59,5,2,0
BRDA:78,6,0,1
BRDA:78,7,0,1
BRDA:78,7,1,1
BRDA:84,8,0,1
BRDA:84,8,1,0
BRDA:89,9,0,1
BRDA:89,10,0,1
BRDA:89,10,1,1
BRDA:89,10,2,0
BRF:21
BRH:15
end_of_record
TN:
SF:src/components/mock/styleMock.js
FNF:0
FNH:0
DA:1,31
LF:1
LH:1
BRF:0
BRH:0
end_of_record
TN:
SF:src/pages/404.tsx
FN:3,(anonymous_2)
FNF:1
FNH:1
FNDA:1,(anonymous_2)
DA:3,32
DA:4,1
DA:11,32
LF:3
LH:3
BRF:0
BRH:0
end_of_record
TN:
SF:src/pages/ForgotPassword.tsx
FN:6,(anonymous_15)
FN:11,(anonymous_16)
FN:15,(anonymous_17)
FN:21,(anonymous_18)
FN:21,(anonymous_19)
FN:36,(anonymous_21)
FNF:6
FNH:6
FNDA:8,(anonymous_15)
FNDA:1,(anonymous_16)
FNDA:8,(anonymous_17)
FNDA:2,(anonymous_18)
FNDA:2,(anonymous_19)
FNDA:2,(anonymous_21)
DA:1,31
DA:2,31
DA:3,31
DA:4,31
DA:6,31
DA:7,8
DA:8,8
DA:9,8
DA:11,8
DA:12,1
DA:15,8
DA:16,8
DA:17,1
DA:21,8
DA:22,2
DA:23,2
DA:24,1
DA:28,8
DA:36,2
DA:48,31
LF:20
LH:20
BRDA:16,0,0,1
BRDA:23,1,0,1
BRF:2
BRH:2
end_of_record
TN:
SF:src/pages/Login.tsx
FN:7,(anonymous_15)
FN:13,(anonymous_16)
FN:17,(anonymous_17)
FN:17,(anonymous_18)
FN:24,(anonymous_20)
FN:30,(anonymous_21)
FN:42,(anonymous_22)
FN:44,(anonymous_23)
FNF:8
FNH:8
FNDA:34,(anonymous_15)
FNDA:6,(anonymous_16)
FNDA:5,(anonymous_17)
FNDA:5,(anonymous_18)
FNDA:34,(anonymous_20)
FNDA:21,(anonymous_21)
FNDA:5,(anonymous_22)
FNDA:5,(anonymous_23)
DA:1,32
DA:2,32
DA:3,32
DA:4,32
DA:6,32
DA:7,32
DA:8,34
DA:9,34
DA:10,34
DA:11,34
DA:13,34
DA:14,6
DA:17,34
DA:18,5
DA:19,5
DA:20,3
DA:24,34
DA:25,34
DA:26,2
DA:30,34
DA:31,21
DA:32,3
DA:36,34
DA:42,5
DA:44,5
LF:25
LH:25
BRDA:19,0,0,3
BRDA:25,1,0,2
BRDA:31,2,0,3
BRF:3
BRH:3
end_of_record
TN:
SF:src/pages/PasswordReset.tsx
FN:5,(anonymous_15)
FN:15,(anonymous_16)
FN:21,(anonymous_17)
FN:25,(anonymous_18)
FN:25,(anonymous_19)
FN:32,(anonymous_21)
FN:49,(anonymous_22)
FN:53,(anonymous_23)
FNF:8
FNH:8
FNDA:9,(anonymous_15)
FNDA:9,(anonymous_16)
FNDA:2,(anonymous_17)
FNDA:2,(anonymous_18)
FNDA:2,(anonymous_19)
FNDA:4,(anonymous_21)
FNDA:2,(anonymous_22)
FNDA:2,(anonymous_23)
DA:1,32
DA:2,32
DA:3,32
DA:5,32
DA:6,9
DA:7,9
DA:8,9
DA:9,9
DA:10,9
DA:11,9
DA:12,9
DA:13,9
DA:15,9
DA:16,9
DA:17,1
DA:21,9
DA:22,2
DA:25,9
DA:26,2
DA:27,2
DA:28,1
DA:32,9
DA:33,4
DA:34,1
DA:38,9
DA:49,2
DA:53,2
DA:64,32
LF:28
LH:28
BRDA:16,0,0,1
BRDA:27,1,0,1
BRDA:33,2,0,1
BRF:3
BRH:3
end_of_record
TN:
SF:src/pages/Register.tsx
FN:7,(anonymous_15)
FN:17,(anonymous_16)
FN:21,(anonymous_17)
FN:21,(anonymous_18)
FN:28,(anonymous_20)
FN:34,(anonymous_21)
FN:46,(anonymous_22)
FN:49,(anonymous_23)
FN:52,(anonymous_24)
FN:55,(anonymous_25)
FN:57,(anonymous_26)
FN:59,(anonymous_27)
FNF:12
FNH:12
FNDA:18,(anonymous_15)
FNDA:2,(anonymous_16)
FNDA:2,(anonymous_17)
FNDA:2,(anonymous_18)
FNDA:18,(anonymous_20)
FNDA:5,(anonymous_21)
FNDA:2,(anonymous_22)
FNDA:2,(anonymous_23)
FNDA:2,(anonymous_24)
FNDA:2,(anonymous_25)
FNDA:2,(anonymous_26)
FNDA:2,(anonymous_27)
DA:1,32
DA:2,32
DA:3,32
DA:4,32
DA:6,32
DA:7,32
DA:8,18
DA:9,18
DA:10,18
DA:11,18
DA:12,18
DA:13,18
DA:14,18
DA:15,18
DA:17,18
DA:18,2
DA:21,18
DA:22,2
DA:23,2
DA:24,1
DA:28,18
DA:29,18
DA:30,1
DA:34,18
DA:35,5
DA:36,1
DA:40,18
DA:46,2
DA:49,2
DA:52,2
DA:55,2
DA:57,2
DA:59,2
LF:33
LH:33
BRDA:23,0,0,1
BRDA:29,1,0,1
BRDA:35,2,0,1
BRF:3
BRH:3
end_of_record
TN:
SF:src/pages/admin/AdminAddGame1v1.tsx
FN:7,(anonymous_15)
FN:15,(anonymous_16)
FN:21,(anonymous_17)
FN:25,(anonymous_18)
FN:25,(anonymous_19)
FN:43,(anonymous_21)
FN:49,(anonymous_22)
FN:58,(anonymous_23)
FN:64,(anonymous_24)
FNF:9
FNH:9
FNDA:12,(anonymous_15)
FNDA:12,(anonymous_16)
FNDA:1,(anonymous_17)
FNDA:2,(anonymous_18)
FNDA:2,(anonymous_19)
FNDA:2,(anonymous_21)
FNDA:2,(anonymous_22)
FNDA:2,(anonymous_23)
FNDA:2,(anonymous_24)
DA:1,31
DA:2,31
DA:3,31
DA:4,31
DA:6,31
DA:7,31
DA:8,12
DA:9,12
DA:10,12
DA:11,12
DA:12,12
DA:13,12
DA:15,12
DA:16,12
DA:17,1
DA:21,12
DA:22,1
DA:25,12
DA:26,2
DA:27,2
DA:28,1
DA:32,12
DA:43,2
DA:49,2
DA:58,2
DA:64,2
LF:26
LH:26
BRDA:16,0,0,1
BRDA:27,1,0,1
BRF:2
BRH:2
end_of_record
TN:
SF:src/pages/admin/AdminAddGame2v2.tsx
FN:7,(anonymous_15)
FN:17,(anonymous_16)
FN:23,(anonymous_17)
FN:27,(anonymous_18)
FN:27,(anonymous_19)
FN:45,(anonymous_21)
FN:51,(anonymous_22)
FN:57,(anonymous_23)
FN:66,(anonymous_24)
FN:72,(anonymous_25)
FN:78,(anonymous_26)
FNF:11
FNH:11
FNDA:16,(anonymous_15)
FNDA:16,(anonymous_16)
FNDA:1,(anonymous_17)
FNDA:2,(anonymous_18)
FNDA:2,(anonymous_19)
FNDA:2,(anonymous_21)
FNDA:2,(anonymous_22)
FNDA:2,(anonymous_23)
FNDA:2,(anonymous_24)
FNDA:2,(anonymous_25)
FNDA:2,(anonymous_26)
DA:1,31
DA:2,31
DA:3,31
DA:4,31
DA:6,31
DA:7,31
DA:8,16
DA:9,16
DA:10,16
DA:11,16
DA:12,16
DA:13,16
DA:14,16
DA:15,16
DA:17,16
DA:18,16
DA:19,1
DA:23,16
DA:24,1
DA:27,16
DA:28,2
DA:29,2
DA:30,1
DA:34,16
DA:45,2
DA:51,2
DA:57,2
DA:66,2
DA:72,2
DA:78,2
LF:30
LH:30
BRDA:18,0,0,1
BRDA:29,1,0,1
BRF:2
BRH:2
end_of_record
TN:
SF:src/pages/admin/AdminCreateTeam.tsx
FN:6,(anonymous_15)
FN:13,(anonymous_16)
FN:19,(anonymous_17)
FN:23,(anonymous_18)
FN:23,(anonymous_19)
FN:38,(anonymous_21)
FN:44,(anonymous_22)
FN:50,(anonymous_23)
FNF:8
FNH:8
FNDA:10,(anonymous_15)
FNDA:10,(anonymous_16)
FNDA:1,(anonymous_17)
FNDA:2,(anonymous_18)
FNDA:2,(anonymous_19)
FNDA:2,(anonymous_21)
FNDA:2,(anonymous_22)
FNDA:2,(anonymous_23)
DA:1,31
DA:2,31
DA:3,31
DA:5,31
DA:6,31
DA:7,10
DA:8,10
DA:9,10
DA:10,10
DA:11,10
DA:13,10
DA:14,10
DA:15,1
DA:19,10
DA:20,1
DA:23,10
DA:24,2
DA:25,2
DA:26,1
DA:30,10
DA:38,2
DA:44,2
DA:50,2
LF:23
LH:23
BRDA:14,0,0,1
BRDA:25,1,0,1
BRF:2
BRH:2
end_of_record
TN:
SF:src/pages/admin/AdminDashboard.tsx
FN:11,(anonymous_2)
FNF:1
FNH:1
FNDA:15,(anonymous_2)
DA:2,31
DA:3,31
DA:4,31
DA:5,31
DA:6,31
DA:7,31
DA:8,31
DA:9,31
DA:11,31
DA:12,15
DA:42,31
LF:11
LH:11
BRF:0
BRH:0
end_of_record
TN:
SF:src/pages/admin/AdminEditGame1v1.tsx
FN:6,(anonymous_15)
FN:22,(anonymous_16)
FN:28,(anonymous_17)
FN:32,(anonymous_18)
FN:32,(anonymous_19)
FN:39,(anonymous_21)
FN:54,(anonymous_22)
FN:76,(anonymous_23)
FN:92,(anonymous_24)
FNF:9
FNH:9
FNDA:16,(anonymous_15)
FNDA:16,(anonymous_16)
FNDA:1,(anonymous_17)
FNDA:2,(anonymous_18)
FNDA:2,(anonymous_19)
FNDA:4,(anonymous_21)
FNDA:3,(anonymous_22)
FNDA:2,(anonymous_23)
FNDA:2,(anonymous_24)
DA:1,31
DA:2,31
DA:3,31
DA:4,31
DA:6,31
DA:7,16
DA:8,16
DA:9,16
DA:10,16
DA:11,16
DA:12,16
DA:13,16
DA:14,16
DA:15,16
DA:16,16
DA:18,16
DA:19,16
DA:22,16
DA:23,16
DA:24,1
DA:28,16
DA:29,1
DA:32,16
DA:33,2
DA:34,2
DA:35,1
DA:39,16
DA:40,4
DA:41,4
DA:43,4
DA:44,4
DA:46,4
DA:47,4
DA:49,4
DA:50,4
DA:54,16
DA:55,3
DA:56,3
DA:57,3
DA:58,3
DA:61,16
DA:76,2
DA:92,2
LF:43
LH:43
BRDA:18,0,0,16
BRDA:23,1,0,1
BRDA:34,2,0,1
BRDA:40,3,0,4
BRDA:43,4,0,4
BRDA:46,5,0,4
BRDA:49,6,0,4
BRF:7
BRH:7
end_of_record
TN:
SF:src/pages/admin/AdminEditGame2v2.tsx
FN:6,(anonymous_15)
FN:22,(anonymous_16)
FN:26,(anonymous_17)
FN:32,(anonymous_18)
FN:32,(anonymous_19)
FN:38,(anonymous_21)
FN:53,(anonymous_22)
FN:75,(anonymous_23)
FN:91,(anonymous_24)
FNF:9
FNH:9
FNDA:16,(anonymous_15)
FNDA:1,(anonymous_16)
FNDA:16,(anonymous_17)
FNDA:2,(anonymous_18)
FNDA:2,(anonymous_19)
FNDA:4,(anonymous_21)
FNDA:3,(anonymous_22)
FNDA:2,(anonymous_23)
FNDA:2,(anonymous_24)
DA:1,31
DA:2,31
DA:3,31
DA:4,31
DA:6,31
DA:7,16
DA:8,16
DA:9,16
DA:10,16
DA:11,16
DA:12,16
DA:13,16
DA:14,16
DA:15,16
DA:17,16
DA:18,16
DA:19,16
DA:22,16
DA:23,1
DA:26,16
DA:27,16
DA:28,1
DA:32,16
DA:33,2
DA:34,2
DA:35,1
DA:38,16
DA:39,4
DA:40,4
DA:42,4
DA:43,4
DA:45,4
DA:46,4
DA:48,4
DA:49,4
DA:53,16
DA:54,3
DA:55,3
DA:56,3
DA:57,3
DA:60,16
DA:75,2
DA:91,2
LF:43
LH:43
BRDA:18,0,0,16
BRDA:27,1,0,1
BRDA:34,2,0,1
BRDA:39,3,0,4
BRDA:42,4,0,4
BRDA:45,5,0,4
BRDA:48,6,0,4
BRF:7
BRH:7
end_of_record
TN:
SF:src/pages/admin/AdminEditTeam.tsx
FN:6,(anonymous_15)
FN:18,(anonymous_16)
FN:22,(anonymous_17)
FN:28,(anonymous_18)
FN:28,(anonymous_19)
FN:39,(anonymous_21)
FN:53,(anonymous_22)
FNF:7
FNH:7
FNDA:12,(anonymous_15)
FNDA:1,(anonymous_16)
FNDA:12,(anonymous_17)
FNDA:3,(anonymous_18)
FNDA:3,(anonymous_19)
FNDA:4,(anonymous_21)
FNDA:2,(anonymous_22)
DA:1,31
DA:2,31
DA:3,31
DA:4,31
DA:6,31
DA:7,12
DA:8,12
DA:9,12
DA:10,12
DA:11,12
DA:13,12
DA:14,12
DA:15,12
DA:18,12
DA:19,1
DA:22,12
DA:23,12
DA:24,2
DA:28,12
DA:29,3
DA:30,3
DA:31,1
DA:32,1
DA:34,2
DA:35,1
DA:39,12
DA:40,4
DA:41,4
DA:45,12
DA:53,2
LF:30
LH:30
BRDA:14,0,0,12
BRDA:23,1,0,2
BRDA:30,2,0,1
BRDA:34,3,0,1
BRDA:40,4,0,4
BRF:5
BRH:5
end_of_record
TN:
SF:src/pages/admin/AdminEditUser.tsx
FN:6,(anonymous_15)
FN:18,(anonymous_16)
FN:22,(anonymous_17)
FN:28,(anonymous_18)
FN:28,(anonymous_19)
FN:39,(anonymous_21)
FN:53,(anonymous_22)
FNF:7
FNH:7
FNDA:12,(anonymous_15)
FNDA:1,(anonymous_16)
FNDA:12,(anonymous_17)
FNDA:3,(anonymous_18)
FNDA:3,(anonymous_19)
FNDA:4,(anonymous_21)
FNDA:2,(anonymous_22)
DA:1,31
DA:2,31
DA:3,31
DA:4,31
DA:6,31
DA:7,12
DA:8,12
DA:9,12
DA:10,12
DA:11,12
DA:13,12
DA:14,12
DA:15,12
DA:18,12
DA:19,1
DA:22,12
DA:23,12
DA:24,2
DA:28,12
DA:29,3
DA:30,3
DA:31,1
DA:32,1
DA:34,2
DA:35,1
DA:39,12
DA:40,4
DA:41,4
DA:45,12
DA:53,2
LF:30
LH:30
BRDA:14,0,0,12
BRDA:23,1,0,2
BRDA:30,2,0,1
BRDA:34,3,0,1
BRDA:40,4,0,4
BRF:5
BRH:5
end_of_record
TN:
SF:src/pages/admin/AdminLastGames1v1.tsx
FN:10,(anonymous_22)
FN:25,(anonymous_23)
FN:31,(anonymous_24)
FN:37,(anonymous_25)
FN:43,(anonymous_26)
FN:57,deleteGame
FN:64,openDeleteModal
FN:69,closeDeleteModal
FN:74,openOptionsModal
FN:84,closeOptionsModal
FN:101,(anonymous_34)
FN:105,(anonymous_35)
FN:112,(anonymous_36)
FN:138,(anonymous_37)
FN:158,(anonymous_38)
FNF:15
FNH:15
FNDA:27,(anonymous_22)
FNDA:27,(anonymous_23)
FNDA:27,(anonymous_24)
FNDA:11,(anonymous_25)
FNDA:11,(anonymous_26)
FNDA:2,deleteGame
FNDA:2,openDeleteModal
FNDA:1,closeDeleteModal
FNDA:5,openOptionsModal
FNDA:1,closeOptionsModal
FNDA:150,(anonymous_34)
FNDA:4,(anonymous_35)
FNDA:1,(anonymous_36)
FNDA:2,(anonymous_37)
FNDA:62,(anonymous_38)
DA:1,31
DA:2,31
DA:3,31
DA:4,31
DA:5,31
DA:6,31
DA:7,31
DA:9,31
DA:10,31
DA:11,27
DA:12,27
DA:13,27
DA:14,27
DA:15,27
DA:16,27
DA:17,27
DA:18,27
DA:19,27
DA:20,27
DA:21,27
DA:22,27
DA:23,27
DA:25,27
DA:26,27
DA:27,2
DA:31,27
DA:32,27
DA:33,1
DA:37,27
DA:38,11
DA:39,11
DA:40,11
DA:42,11
DA:43,11
DA:44,11
DA:45,11
DA:46,1
DA:48,11
DA:49,11
DA:50,2
DA:55,27
DA:58,2
DA:59,1
DA:60,1
DA:65,2
DA:66,2
DA:70,1
DA:71,1
DA:75,5
DA:76,5
DA:77,5
DA:78,5
DA:79,5
DA:80,5
DA:81,5
DA:85,1
DA:88,27
DA:102,150
DA:105,4
DA:112,1
DA:138,2
DA:159,62
DA:160,62
DA:161,15
DA:162,47
DA:163,17
DA:170,30
LF:67
LH:67
BRDA:26,0,0,2
BRDA:32,1,0,1
BRDA:39,2,0,11
BRDA:45,3,0,1
BRDA:45,4,0,11
BRDA:45,4,1,10
BRDA:49,5,0,2
BRDA:58,6,0,2
BRDA:58,7,0,1
BRDA:160,8,0,15
BRDA:160,8,1,47
BRDA:162,9,0,17
BRDA:162,9,1,30
BRDA:162,10,0,47
BRDA:162,10,1,47
BRDA:162,10,2,47
BRF:16
BRH:16
end_of_record
TN:
SF:src/pages/admin/AdminLastGames2v2.tsx
FN:10,(anonymous_22)
FN:24,(anonymous_23)
FN:31,(anonymous_24)
FN:37,(anonymous_25)
FN:43,(anonymous_26)
FN:57,deleteGame
FN:64,openDeleteModal
FN:69,closeDeleteModal
FN:74,openOptionsModal
FN:84,closeOptionsModal
FN:101,(anonymous_34)
FN:105,(anonymous_35)
FN:112,(anonymous_36)
FN:138,(anonymous_37)
FN:158,(anonymous_38)
FNF:15
FNH:15
FNDA:27,(anonymous_22)
FNDA:27,(anonymous_23)
FNDA:27,(anonymous_24)
FNDA:11,(anonymous_25)
FNDA:11,(anonymous_26)
FNDA:2,deleteGame
FNDA:2,openDeleteModal
FNDA:1,closeDeleteModal
FNDA:5,openOptionsModal
FNDA:1,closeOptionsModal
FNDA:150,(anonymous_34)
FNDA:4,(anonymous_35)
FNDA:1,(anonymous_36)
FNDA:2,(anonymous_37)
FNDA:62,(anonymous_38)
DA:1,31
DA:2,31
DA:3,31
DA:4,31
DA:5,31
DA:6,31
DA:7,31
DA:9,31
DA:10,31
DA:11,27
DA:12,27
DA:13,27
DA:14,27
DA:15,27
DA:16,27
DA:17,27
DA:18,27
DA:19,27
DA:20,27
DA:21,27
DA:22,27
DA:24,27
DA:25,27
DA:26,2
DA:30,27
DA:31,27
DA:32,27
DA:33,1
DA:37,27
DA:38,11
DA:39,11
DA:40,11
DA:42,11
DA:43,11
DA:44,11
DA:45,11
DA:46,1
DA:48,11
DA:49,11
DA:50,2
DA:55,27
DA:58,2
DA:59,1
DA:60,1
DA:65,2
DA:66,2
DA:70,1
DA:71,1
DA:75,5
DA:76,5
DA:77,5
DA:78,5
DA:79,5
DA:80,5
DA:81,5
DA:85,1
DA:88,27
DA:102,150
DA:105,4
DA:112,1
DA:138,2
DA:159,62
DA:160,62
DA:161,15
DA:162,47
DA:163,17
DA:170,30
LF:67
LH:67
BRDA:25,0,0,2
BRDA:32,1,0,1
BRDA:39,2,0,11
BRDA:45,3,0,1
BRDA:45,4,0,11
BRDA:45,4,1,10
BRDA:49,5,0,2
BRDA:58,6,0,2
BRDA:58,7,0,1
BRDA:160,8,0,15
BRDA:160,8,1,47
BRDA:162,9,0,17
BRDA:162,9,1,30
BRDA:162,10,0,47
BRDA:162,10,1,47
BRDA:162,10,2,47
BRF:16
BRH:16
end_of_record
TN:
SF:src/pages/admin/AdminNavbar.tsx
FN:9,(anonymous_2)
FNF:1
FNH:1
FNDA:53,(anonymous_2)
DA:2,31
DA:3,31
DA:4,31
DA:6,31
DA:8,31
DA:9,31
DA:10,53
DA:11,53
DA:12,53
DA:13,1
DA:15,52
DA:16,1
DA:19,51
LF:13
LH:13
BRDA:12,0,0,1
BRDA:12,1,0,53
BRDA:12,1,1,1
BRDA:15,2,0,1
BRF:4
BRH:4
end_of_record
TN:
SF:src/pages/admin/AdminWallOfFame1v1.tsx
FN:9,(anonymous_16)
FN:21,(anonymous_17)
FN:27,(anonymous_18)
FN:33,(anonymous_19)
FN:40,(anonymous_20)
FN:54,removeUser
FN:61,openDeleteModal
FN:66,closeDeleteModal
FN:71,openOptionsModal
FN:77,closeOptionsModal
FN:94,(anonymous_28)
FN:96,(anonymous_29)
FN:119,(anonymous_30)
FN:139,(anonymous_31)
FNF:14
FNH:14
FNDA:23,(anonymous_16)
FNDA:23,(anonymous_17)
FNDA:23,(anonymous_18)
FNDA:9,(anonymous_19)
FNDA:9,(anonymous_20)
FNDA:2,removeUser
FNDA:2,openDeleteModal
FNDA:1,closeDeleteModal
FNDA:4,openOptionsModal
FNDA:1,closeOptionsModal
FNDA:130,(anonymous_28)
FNDA:4,(anonymous_29)
FNDA:2,(anonymous_30)
FNDA:54,(anonymous_31)
DA:1,31
DA:3,31
DA:4,31
DA:5,31
DA:6,31
DA:8,31
DA:9,31
DA:10,23
DA:11,23
DA:12,23
DA:13,23
DA:14,23
DA:15,23
DA:16,23
DA:17,23
DA:18,23
DA:19,23
DA:21,23
DA:22,23
DA:23,2
DA:27,23
DA:28,23
DA:29,1
DA:33,23
DA:34,9
DA:35,9
DA:36,9
DA:38,9
DA:39,9
DA:40,9
DA:41,9
DA:42,9
DA:43,1
DA:45,9
DA:46,9
DA:47,2
DA:52,23
DA:55,2
DA:56,1
DA:57,1
DA:62,2
DA:63,2
DA:67,1
DA:68,1
DA:72,4
DA:73,4
DA:74,4
DA:78,1
DA:81,23
DA:95,130
DA:96,4
DA:119,2
DA:140,54
DA:141,54
DA:142,13
DA:143,41
DA:144,15
DA:151,26
LF:58
LH:58
BRDA:22,0,0,2
BRDA:28,1,0,1
BRDA:35,2,0,9
BRDA:42,3,0,1
BRDA:42,4,0,9
BRDA:42,4,1,8
BRDA:46,5,0,2
BRDA:55,6,0,2
BRDA:55,7,0,1
BRDA:141,8,0,13
BRDA:141,8,1,41
BRDA:143,9,0,15
BRDA:143,9,1,26
BRDA:143,10,0,41
BRDA:143,10,1,41
BRDA:143,10,2,41
BRF:16
BRH:16
end_of_record
TN:
SF:src/pages/admin/AdminWallOfFame2v2.tsx
FN:9,(anonymous_16)
FN:21,(anonymous_17)
FN:27,(anonymous_18)
FN:33,(anonymous_19)
FN:40,(anonymous_20)
FN:54,removeTeam
FN:61,openDeleteModal
FN:66,closeDeleteModal
FN:71,openOptionsModal
FN:77,closeOptionsModal
FN:95,(anonymous_28)
FN:97,(anonymous_29)
FN:126,(anonymous_30)
FN:146,(anonymous_31)
FNF:14
FNH:14
FNDA:23,(anonymous_16)
FNDA:23,(anonymous_17)
FNDA:23,(anonymous_18)
FNDA:9,(anonymous_19)
FNDA:9,(anonymous_20)
FNDA:2,removeTeam
FNDA:2,openDeleteModal
FNDA:1,closeDeleteModal
FNDA:4,openOptionsModal
FNDA:1,closeOptionsModal
FNDA:130,(anonymous_28)
FNDA:4,(anonymous_29)
FNDA:2,(anonymous_30)
FNDA:54,(anonymous_31)
DA:1,31
DA:3,31
DA:4,31
DA:5,31
DA:6,31
DA:8,31
DA:9,31
DA:10,23
DA:11,23
DA:12,23
DA:13,23
DA:14,23
DA:15,23
DA:16,23
DA:17,23
DA:18,23
DA:19,23
DA:21,23
DA:22,23
DA:23,2
DA:27,23
DA:28,23
DA:29,1
DA:33,23
DA:34,9
DA:35,9
DA:36,9
DA:38,9
DA:39,9
DA:40,9
DA:41,9
DA:42,9
DA:43,1
DA:45,9
DA:46,9
DA:47,2
DA:52,23
DA:55,2
DA:56,1
DA:57,1
DA:62,2
DA:63,2
DA:67,1
DA:68,1
DA:72,4
DA:73,4
DA:74,4
DA:78,1
DA:81,23
DA:96,130
DA:97,4
DA:126,2
DA:147,54
DA:148,54
DA:149,13
DA:150,41
DA:151,15
DA:158,26
LF:58
LH:58
BRDA:22,0,0,2
BRDA:28,1,0,1
BRDA:35,2,0,9
BRDA:42,3,0,1
BRDA:42,4,0,9
BRDA:42,4,1,8
BRDA:46,5,0,2
BRDA:55,6,0,2
BRDA:55,7,0,1
BRDA:148,8,0,13
BRDA:148,8,1,41
BRDA:150,9,0,15
BRDA:150,9,1,26
BRDA:150,10,0,41
BRDA:150,10,1,41
BRDA:150,10,2,41
BRF:16
BRH:16
end_of_record
TN:
SF:src/pages/player/AddGame1v1.tsx
FN:8,(anonymous_15)
FN:16,(anonymous_16)
FN:20,(anonymous_17)
FN:26,(anonymous_18)
FN:26,(anonymous_19)
FN:39,(anonymous_21)
FN:48,(anonymous_22)
FN:54,(anonymous_23)
FN:60,(anonymous_24)
FNF:9
FNH:9
FNDA:12,(anonymous_15)
FNDA:1,(anonymous_16)
FNDA:12,(anonymous_17)
FNDA:2,(anonymous_18)
FNDA:2,(anonymous_19)
FNDA:2,(anonymous_21)
FNDA:2,(anonymous_22)
FNDA:2,(anonymous_23)
FNDA:2,(anonymous_24)
DA:1,31
DA:2,31
DA:3,31
DA:4,31
DA:5,31
DA:7,31
DA:8,31
DA:9,12
DA:10,12
DA:11,12
DA:12,12
DA:13,12
DA:14,12
DA:16,12
DA:17,1
DA:20,12
DA:21,12
DA:22,1
DA:26,12
DA:27,2
DA:28,2
DA:29,1
DA:33,12
DA:39,2
DA:48,2
DA:54,2
DA:60,2
LF:27
LH:27
BRDA:21,0,0,1
BRDA:28,1,0,1
BRF:2
BRH:2
end_of_record
TN:
SF:src/pages/player/AddGame2v2.tsx
FN:8,(anonymous_15)
FN:18,(anonymous_16)
FN:22,(anonymous_17)
FN:28,(anonymous_18)
FN:28,(anonymous_19)
FN:41,(anonymous_21)
FN:50,(anonymous_22)
FN:56,(anonymous_23)
FN:59,(anonymous_24)
FN:65,(anonymous_25)
FN:71,(anonymous_26)
FNF:11
FNH:11
FNDA:16,(anonymous_15)
FNDA:1,(anonymous_16)
FNDA:16,(anonymous_17)
FNDA:2,(anonymous_18)
FNDA:2,(anonymous_19)
FNDA:2,(anonymous_21)
FNDA:2,(anonymous_22)
FNDA:2,(anonymous_23)
FNDA:2,(anonymous_24)
FNDA:2,(anonymous_25)
FNDA:2,(anonymous_26)
DA:1,31
DA:2,31
DA:3,31
DA:4,31
DA:5,31
DA:7,31
DA:8,31
DA:9,16
DA:10,16
DA:11,16
DA:12,16
DA:13,16
DA:14,16
DA:15,16
DA:16,16
DA:18,16
DA:19,1
DA:22,16
DA:23,16
DA:24,1
DA:28,16
DA:29,2
DA:30,2
DA:31,1
DA:35,16
DA:41,2
DA:50,2
DA:56,2
DA:59,2
DA:65,2
DA:71,2
LF:31
LH:31
BRDA:23,0,0,1
BRDA:30,1,0,1
BRF:2
BRH:2
end_of_record
TN:
SF:src/pages/player/CreateTeam.tsx
FN:7,(anonymous_15)
FN:13,(anonymous_16)
FN:17,(anonymous_17)
FN:23,(anonymous_18)
FN:23,(anonymous_19)
FN:38,(anonymous_21)
FN:44,(anonymous_22)
FNF:7
FNH:7
FNDA:8,(anonymous_15)
FNDA:1,(anonymous_16)
FNDA:8,(anonymous_17)
FNDA:2,(anonymous_18)
FNDA:2,(anonymous_19)
FNDA:2,(anonymous_21)
FNDA:2,(anonymous_22)
DA:1,31
DA:2,31
DA:3,31
DA:4,31
DA:6,31
DA:7,31
DA:8,8
DA:9,8
DA:10,8
DA:11,8
DA:13,8
DA:14,1
DA:17,8
DA:18,8
DA:19,1
DA:23,8
DA:24,2
DA:25,2
DA:26,1
DA:30,8
DA:38,2
DA:44,2
LF:22
LH:22
BRDA:18,0,0,1
BRDA:25,1,0,1
BRF:2
BRH:2
end_of_record
TN:
SF:src/pages/player/Dashboard.tsx
FN:14,(anonymous_2)
FN:20,(anonymous_3)
FN:26,(anonymous_4)
FN:30,(anonymous_5)
FNF:4
FNH:4
FNDA:33,(anonymous_2)
FNDA:33,(anonymous_3)
FNDA:25,(anonymous_4)
FNDA:25,(anonymous_5)
DA:1,31
DA:2,31
DA:3,31
DA:4,31
DA:5,31
DA:6,31
DA:7,31
DA:8,31
DA:9,31
DA:10,31
DA:11,31
DA:12,31
DA:14,31
DA:15,33
DA:16,33
DA:17,33
DA:18,33
DA:20,33
DA:21,33
DA:22,1
DA:26,33
DA:27,25
DA:28,7
DA:30,25
DA:31,25
DA:32,25
DA:33,25
DA:34,25
DA:38,33
DA:40,33
DA:78,31
LF:31
LH:31
BRDA:21,0,0,1
BRDA:27,1,0,7
BRF:2
BRH:2
end_of_record
TN:
SF:src/pages/player/EditGame1v1.tsx
FN:8,(anonymous_15)
FN:22,(anonymous_16)
FN:26,(anonymous_17)
FN:32,(anonymous_18)
FN:32,(anonymous_19)
FN:39,(anonymous_21)
FN:57,(anonymous_22)
FN:66,(anonymous_23)
FN:72,(anonymous_24)
FNF:9
FNH:9
FNDA:15,(anonymous_15)
FNDA:1,(anonymous_16)
FNDA:15,(anonymous_17)
FNDA:2,(anonymous_18)
FNDA:2,(anonymous_19)
FNDA:4,(anonymous_21)
FNDA:2,(anonymous_22)
FNDA:2,(anonymous_23)
FNDA:2,(anonymous_24)
DA:1,31
DA:2,31
DA:3,31
DA:4,31
DA:5,31
DA:7,31
DA:8,31
DA:9,15
DA:10,15
DA:11,15
DA:12,15
DA:13,15
DA:14,15
DA:15,15
DA:17,15
DA:18,15
DA:19,15
DA:22,15
DA:23,1
DA:26,15
DA:27,15
DA:28,1
DA:32,15
DA:33,2
DA:34,2
DA:35,1
DA:39,15
DA:40,4
DA:41,3
DA:42,3
DA:43,3
DA:45,1
DA:46,1
DA:47,1
DA:51,15
DA:57,2
DA:66,2
DA:72,2
LF:38
LH:38
BRDA:18,0,0,15
BRDA:27,1,0,1
BRDA:34,2,0,1
BRDA:40,3,0,3
BRDA:40,3,1,1
BRF:5
BRH:5
end_of_record
TN:
SF:src/pages/player/EditGame2v2.tsx
FN:9,(anonymous_15)
FN:24,(anonymous_16)
FN:28,(anonymous_17)
FN:34,(anonymous_18)
FN:34,(anonymous_19)
FN:41,(anonymous_21)
FN:46,(anonymous_22)
FN:70,(anonymous_23)
FN:79,(anonymous_24)
FN:85,(anonymous_25)
FNF:10
FNH:10
FNDA:23,(anonymous_15)
FNDA:1,(anonymous_16)
FNDA:23,(anonymous_17)
FNDA:2,(anonymous_18)
FNDA:2,(anonymous_19)
FNDA:10,(anonymous_21)
FNDA:5,(anonymous_22)
FNDA:2,(anonymous_23)
FNDA:2,(anonymous_24)
FNDA:2,(anonymous_25)
DA:1,31
DA:2,31
DA:3,31
DA:4,31
DA:5,31
DA:6,31
DA:8,31
DA:9,31
DA:10,23
DA:11,23
DA:12,23
DA:13,23
DA:14,23
DA:15,23
DA:16,23
DA:17,23
DA:19,23
DA:20,23
DA:21,23
DA:24,23
DA:25,1
DA:28,23
DA:29,23
DA:30,2
DA:34,23
DA:35,2
DA:36,2
DA:37,1
DA:41,23
DA:42,10
DA:43,10
DA:45,10
DA:46,5
DA:47,5
DA:48,4
DA:49,3
DA:50,3
DA:51,3
DA:53,1
DA:54,1
DA:55,1
DA:62,23
DA:64,23
DA:70,2
DA:79,2
DA:85,2
LF:46
LH:46
BRDA:20,0,0,23
BRDA:29,1,0,2
BRDA:36,2,0,1
BRDA:42,3,0,10
BRDA:45,4,0,5
BRDA:47,5,0,4
BRDA:48,6,0,3
BRDA:48,6,1,1
BRF:8
BRH:8
end_of_record
TN:
SF:src/pages/player/EditTeam.tsx
FN:7,(anonymous_15)
FN:19,(anonymous_16)
FN:23,(anonymous_17)
FN:29,(anonymous_18)
FN:29,(anonymous_19)
FN:36,(anonymous_21)
FN:50,(anonymous_22)
FNF:7
FNH:7
FNDA:9,(anonymous_15)
FNDA:1,(anonymous_16)
FNDA:9,(anonymous_17)
FNDA:2,(anonymous_18)
FNDA:2,(anonymous_19)
FNDA:3,(anonymous_21)
FNDA:2,(anonymous_22)
DA:1,31
DA:2,31
DA:3,31
DA:4,31
DA:6,31
DA:7,31
DA:8,9
DA:9,9
DA:10,9
DA:11,9
DA:12,9
DA:14,9
DA:15,9
DA:16,9
DA:19,9
DA:20,1
DA:23,9
DA:24,9
DA:25,1
DA:29,9
DA:30,2
DA:31,2
DA:32,1
DA:36,9
DA:37,3
DA:38,3
DA:42,9
DA:50,2
LF:28
LH:28
BRDA:15,0,0,9
BRDA:24,1,0,1
BRDA:31,2,0,1
BRDA:37,3,0,3
BRF:4
BRH:4
end_of_record
TN:
SF:src/pages/player/EditUsername.tsx
FN:6,(anonymous_15)
FN:12,(anonymous_16)
FN:16,(anonymous_17)
FN:22,(anonymous_18)
FN:22,(anonymous_19)
FN:33,(anonymous_21)
FN:47,(anonymous_22)
FNF:7
FNH:7
FNDA:12,(anonymous_15)
FNDA:1,(anonymous_16)
FNDA:12,(anonymous_17)
FNDA:3,(anonymous_18)
FNDA:3,(anonymous_19)
FNDA:4,(anonymous_21)
FNDA:2,(anonymous_22)
DA:1,31
DA:2,31
DA:3,31
DA:5,31
DA:6,31
DA:7,12
DA:8,12
DA:9,12
DA:10,12
DA:12,12
DA:13,1
DA:16,12
DA:17,12
DA:18,2
DA:22,12
DA:23,3
DA:24,4
DA:25,2
DA:26,1
DA:29,1
DA:33,12
DA:34,4
DA:35,4
DA:39,12
DA:47,2
LF:25
LH:25
BRDA:17,0,0,2
BRDA:24,1,0,1
BRDA:25,2,0,1
BRDA:34,3,0,4
BRF:4
BRH:4
end_of_record
TN:
SF:src/pages/player/LastGames1v1.tsx
FN:8,(anonymous_9)
FN:14,(anonymous_10)
FN:20,(anonymous_11)
FN:26,(anonymous_12)
FN:53,(anonymous_13)
FN:75,(anonymous_14)
FNF:6
FNH:6
FNDA:8,(anonymous_9)
FNDA:8,(anonymous_10)
FNDA:5,(anonymous_11)
FNDA:5,(anonymous_12)
FNDA:10,(anonymous_13)
FNDA:6,(anonymous_14)
DA:1,31
DA:2,31
DA:3,31
DA:4,31
DA:5,31
DA:7,31
DA:8,31
DA:9,8
DA:10,8
DA:11,8
DA:12,8
DA:14,8
DA:15,8
DA:16,2
DA:20,8
DA:21,5
DA:22,5
DA:23,5
DA:25,5
DA:26,5
DA:27,5
DA:28,5
DA:29,1
DA:31,5
DA:32,5
DA:33,2
DA:38,8
DA:40,8
DA:54,10
DA:76,6
DA:77,6
DA:78,1
DA:79,5
DA:80,3
DA:87,2
LF:35
LH:35
BRDA:15,0,0,2
BRDA:22,1,0,5
BRDA:28,2,0,1
BRDA:28,3,0,5
BRDA:28,3,1,4
BRDA:32,4,0,2
BRDA:77,5,0,1
BRDA:77,5,1,5
BRDA:79,6,0,3
BRDA:79,6,1,2
BRDA:79,7,0,5
BRDA:79,7,1,5
BRDA:79,7,2,5
BRF:13
BRH:13
end_of_record
TN:
SF:src/pages/player/LastGames2v2.tsx
FN:8,(anonymous_9)
FN:14,(anonymous_10)
FN:20,(anonymous_11)
FN:26,(anonymous_12)
FN:53,(anonymous_13)
FN:75,(anonymous_14)
FNF:6
FNH:6
FNDA:8,(anonymous_9)
FNDA:8,(anonymous_10)
FNDA:5,(anonymous_11)
FNDA:5,(anonymous_12)
FNDA:10,(anonymous_13)
FNDA:6,(anonymous_14)
DA:1,31
DA:2,31
DA:3,31
DA:4,31
DA:5,31
DA:7,31
DA:8,31
DA:9,8
DA:10,8
DA:11,8
DA:12,8
DA:14,8
DA:15,8
DA:16,2
DA:20,8
DA:21,5
DA:22,5
DA:23,5
DA:25,5
DA:26,5
DA:27,5
DA:28,5
DA:29,1
DA:31,5
DA:32,5
DA:33,2
DA:38,8
DA:40,8
DA:54,10
DA:76,6
DA:77,6
DA:78,1
DA:79,5
DA:80,3
DA:87,2
LF:35
LH:35
BRDA:15,0,0,2
BRDA:22,1,0,5
BRDA:28,2,0,1
BRDA:28,3,0,5
BRDA:28,3,1,4
BRDA:32,4,0,2
BRDA:77,5,0,1
BRDA:77,5,1,5
BRDA:79,6,0,3
BRDA:79,6,1,2
BRDA:79,7,0,5
BRDA:79,7,1,5
BRDA:79,7,2,5
BRF:13
BRH:13
end_of_record
TN:
SF:src/pages/player/Navbar.tsx
FN:10,(anonymous_2)
FNF:1
FNH:1
FNDA:84,(anonymous_2)
DA:2,31
DA:3,31
DA:4,31
DA:7,31
DA:9,31
DA:10,31
DA:11,84
DA:12,84
DA:13,84
DA:14,6
DA:16,78
DA:17,13
DA:20,65
LF:13
LH:13
BRDA:13,0,0,6
BRDA:13,1,0,84
BRDA:13,1,1,6
BRDA:16,2,0,13
BRF:4
BRH:4
end_of_record
TN:
SF:src/pages/player/OwnGames1v1.tsx
FN:11,(anonymous_22)
FN:25,(anonymous_23)
FN:31,(anonymous_24)
FN:37,(anonymous_25)
FN:43,(anonymous_26)
FN:57,deleteGame
FN:64,openDeleteModal
FN:69,closeDeleteModal
FN:74,openOptionsModal
FN:83,closeOptionsModal
FN:100,(anonymous_34)
FN:104,(anonymous_35)
FN:111,(anonymous_36)
FN:137,(anonymous_37)
FN:157,(anonymous_38)
FNF:15
FNH:15
FNDA:27,(anonymous_22)
FNDA:27,(anonymous_23)
FNDA:27,(anonymous_24)
FNDA:11,(anonymous_25)
FNDA:11,(anonymous_26)
FNDA:2,deleteGame
FNDA:2,openDeleteModal
FNDA:1,closeDeleteModal
FNDA:5,openOptionsModal
FNDA:1,closeOptionsModal
FNDA:150,(anonymous_34)
FNDA:4,(anonymous_35)
FNDA:1,(anonymous_36)
FNDA:2,(anonymous_37)
FNDA:77,(anonymous_38)
DA:1,31
DA:2,31
DA:3,31
DA:4,31
DA:5,31
DA:6,31
DA:7,31
DA:9,31
DA:10,31
DA:11,31
DA:12,27
DA:13,27
DA:14,27
DA:15,27
DA:16,27
DA:17,27
DA:18,27
DA:19,27
DA:20,27
DA:21,27
DA:22,27
DA:23,27
DA:25,27
DA:26,27
DA:27,2
DA:31,27
DA:32,27
DA:33,1
DA:37,27
DA:38,11
DA:39,11
DA:40,11
DA:42,11
DA:43,11
DA:44,11
DA:45,11
DA:46,1
DA:48,11
DA:49,11
DA:50,2
DA:55,27
DA:58,2
DA:59,1
DA:60,1
DA:65,2
DA:66,2
DA:70,1
DA:71,1
DA:75,5
DA:76,5
DA:77,5
DA:78,5
DA:79,5
DA:80,5
DA:84,1
DA:87,27
DA:101,150
DA:104,4
DA:111,1
DA:137,2
DA:158,77
DA:159,77
DA:160,15
DA:161,62
DA:162,17
DA:169,45
LF:66
LH:66
BRDA:26,0,0,2
BRDA:32,1,0,1
BRDA:39,2,0,11
BRDA:45,3,0,1
BRDA:45,4,0,11
BRDA:45,4,1,10
BRDA:49,5,0,2
BRDA:58,6,0,2
BRDA:58,7,0,1
BRDA:159,8,0,15
BRDA:159,8,1,62
BRDA:161,9,0,17
BRDA:161,9,1,45
BRDA:161,10,0,62
BRDA:161,10,1,62
BRDA:161,10,2,62
BRF:16
BRH:16
end_of_record
TN:
SF:src/pages/player/OwnGames2v2.tsx
FN:11,(anonymous_22)
FN:25,(anonymous_23)
FN:31,(anonymous_24)
FN:37,(anonymous_25)
FN:43,(anonymous_26)
FN:57,deleteGame
FN:64,openDeleteModal
FN:69,closeDeleteModal
FN:74,openOptionsModal
FN:83,closeOptionsModal
FN:100,(anonymous_34)
FN:104,(anonymous_35)
FN:111,(anonymous_36)
FN:137,(anonymous_37)
FN:157,(anonymous_38)
FNF:15
FNH:15
FNDA:27,(anonymous_22)
FNDA:27,(anonymous_23)
FNDA:27,(anonymous_24)
FNDA:11,(anonymous_25)
FNDA:11,(anonymous_26)
FNDA:2,deleteGame
FNDA:2,openDeleteModal
FNDA:1,closeDeleteModal
FNDA:5,openOptionsModal
FNDA:1,closeOptionsModal
FNDA:150,(anonymous_34)
FNDA:4,(anonymous_35)
FNDA:1,(anonymous_36)
FNDA:2,(anonymous_37)
FNDA:62,(anonymous_38)
DA:1,31
DA:2,31
DA:3,31
DA:4,31
DA:5,31
DA:6,31
DA:7,31
DA:9,31
DA:10,31
DA:11,31
DA:12,27
DA:13,27
DA:14,27
DA:15,27
DA:16,27
DA:17,27
DA:18,27
DA:19,27
DA:20,27
DA:21,27
DA:22,27
DA:23,27
DA:25,27
DA:26,27
DA:27,2
DA:31,27
DA:32,27
DA:33,1
DA:37,27
DA:38,11
DA:39,11
DA:40,11
DA:42,11
DA:43,11
DA:44,11
DA:45,11
DA:46,1
DA:48,11
DA:49,11
DA:50,2
DA:55,27
DA:58,2
DA:59,1
DA:60,1
DA:65,2
DA:66,2
DA:70,1
DA:71,1
DA:75,5
DA:76,5
DA:77,5
DA:78,5
DA:79,5
DA:80,5
DA:84,1
DA:87,27
DA:101,150
DA:104,4
DA:111,1
DA:137,2
DA:158,62
DA:159,62
DA:160,15
DA:161,47
DA:162,17
DA:169,30
LF:66
LH:66
BRDA:26,0,0,2
BRDA:32,1,0,1
BRDA:39,2,0,11
BRDA:45,3,0,1
BRDA:45,4,0,11
BRDA:45,4,1,10
BRDA:49,5,0,2
BRDA:58,6,0,2
BRDA:58,7,0,1
BRDA:159,8,0,15
BRDA:159,8,1,47
BRDA:161,9,0,17
BRDA:161,9,1,30
BRDA:161,10,0,47
BRDA:161,10,1,47
BRDA:161,10,2,47
BRF:16
BRH:16
end_of_record
TN:
SF:src/pages/player/OwnTeams.tsx
FN:9,(anonymous_16)
FN:21,(anonymous_17)
FN:27,(anonymous_18)
FN:33,(anonymous_19)
FN:40,(anonymous_20)
FN:54,deleteTeamLocal
FN:61,openDeleteModal
FN:66,closeModal
FN:71,openOptionsModal
FN:77,closeOptionsModal
FN:95,(anonymous_28)
FN:97,(anonymous_29)
FN:127,(anonymous_30)
FN:146,(anonymous_31)
FNF:14
FNH:14
FNDA:24,(anonymous_16)
FNDA:24,(anonymous_17)
FNDA:24,(anonymous_18)
FNDA:10,(anonymous_19)
FNDA:10,(anonymous_20)
FNDA:2,deleteTeamLocal
FNDA:2,openDeleteModal
FNDA:1,closeModal
FNDA:4,openOptionsModal
FNDA:1,closeOptionsModal
FNDA:130,(anonymous_28)
FNDA:4,(anonymous_29)
FNDA:2,(anonymous_30)
FNDA:54,(anonymous_31)
DA:1,31
DA:2,31
DA:3,31
DA:4,31
DA:5,31
DA:6,31
DA:8,31
DA:9,31
DA:10,24
DA:11,24
DA:12,24
DA:13,24
DA:14,24
DA:15,24
DA:16,24
DA:17,24
DA:18,24
DA:19,24
DA:21,24
DA:22,24
DA:23,2
DA:27,24
DA:28,24
DA:29,1
DA:33,24
DA:34,10
DA:35,10
DA:36,10
DA:38,10
DA:39,10
DA:40,10
DA:41,10
DA:42,10
DA:43,1
DA:45,10
DA:46,10
DA:47,2
DA:52,24
DA:55,2
DA:56,1
DA:57,1
DA:62,2
DA:63,2
DA:67,1
DA:68,1
DA:72,4
DA:73,4
DA:74,4
DA:78,1
DA:81,24
DA:96,130
DA:97,4
DA:127,2
DA:147,54
DA:148,54
DA:149,13
DA:150,41
DA:151,15
DA:157,26
LF:59
LH:59
BRDA:22,0,0,2
BRDA:28,1,0,1
BRDA:35,2,0,10
BRDA:42,3,0,1
BRDA:42,4,0,10
BRDA:42,4,1,9
BRDA:46,5,0,2
BRDA:55,6,0,2
BRDA:55,7,0,1
BRDA:148,8,0,13
BRDA:148,8,1,41
BRDA:150,9,0,15
BRDA:150,9,1,26
BRDA:150,10,0,41
BRDA:150,10,1,41
BRDA:150,10,2,41
BRF:16
BRH:16
end_of_record
TN:
SF:src/pages/player/WallOfFame1v1.tsx
FN:5,(anonymous_2)
FN:9,(anonymous_3)
FN:15,(anonymous_4)
FN:16,(anonymous_5)
FN:38,(anonymous_6)
FNF:5
FNH:5
FNDA:8,(anonymous_2)
FNDA:8,(anonymous_3)
FNDA:4,(anonymous_4)
FNDA:4,(anonymous_5)
FNDA:10,(anonymous_6)
DA:1,31
DA:2,31
DA:4,31
DA:5,31
DA:6,8
DA:7,8
DA:9,8
DA:10,8
DA:11,3
DA:15,8
DA:16,4
DA:17,4
DA:18,4
DA:19,3
DA:24,8
DA:26,8
DA:39,10
LF:17
LH:17
BRDA:10,0,0,3
BRDA:18,1,0,3
BRF:2
BRH:2
end_of_record
TN:
SF:src/pages/player/WallOfFame2v2.tsx
FN:5,(anonymous_2)
FN:9,(anonymous_3)
FN:15,(anonymous_4)
FN:16,(anonymous_5)
FN:39,(anonymous_6)
FNF:5
FNH:5
FNDA:6,(anonymous_2)
FNDA:6,(anonymous_3)
FNDA:3,(anonymous_4)
FNDA:3,(anonymous_5)
FNDA:10,(anonymous_6)
DA:1,31
DA:2,31
DA:4,31
DA:5,31
DA:6,6
DA:7,6
DA:9,6
DA:10,6
DA:11,2
DA:15,6
DA:16,3
DA:17,3
DA:18,3
DA:19,2
DA:24,6
DA:26,6
DA:40,10
LF:17
LH:17
BRDA:10,0,0,2
BRDA:18,1,0,2
BRF:2
BRH:2
end_of_record
TN:
SF:src/tests/mocks/api.ts
FN:10,(anonymous_0)
FN:13,(anonymous_1)
FN:16,(anonymous_2)
FN:19,(anonymous_3)
FN:26,(anonymous_4)
FN:29,(anonymous_5)
FN:32,(anonymous_6)
FN:35,(anonymous_7)
FN:38,(anonymous_8)
FN:49,(anonymous_9)
FN:62,(anonymous_10)
FN:65,(anonymous_11)
FN:68,(anonymous_12)
FN:82,(anonymous_13)
FN:95,(anonymous_14)
FN:98,(anonymous_15)
FN:101,(anonymous_16)
FN:115,(anonymous_17)
FN:129,(anonymous_18)
FN:132,(anonymous_19)
FN:135,(anonymous_20)
FN:138,(anonymous_21)
FN:141,(anonymous_22)
FN:155,(anonymous_23)
FN:158,(anonymous_24)
FN:161,(anonymous_25)
FN:164,(anonymous_26)
FN:176,(anonymous_27)
FN:179,(anonymous_28)
FN:182,(anonymous_29)
FN:196,(anonymous_30)
FN:199,(anonymous_31)
FN:202,(anonymous_32)
FN:205,(anonymous_33)
FN:208,(anonymous_34)
FN:211,(anonymous_35)
FN:214,(anonymous_36)
FN:217,(anonymous_37)
FN:220,(anonymous_38)
FNF:39
FNH:39
FNDA:10,(anonymous_0)
FNDA:3,(anonymous_1)
FNDA:5,(anonymous_2)
FNDA:23,(anonymous_3)
FNDA:1,(anonymous_4)
FNDA:1,(anonymous_5)
FNDA:1,(anonymous_6)
FNDA:2,(anonymous_7)
FNDA:1,(anonymous_8)
FNDA:1,(anonymous_9)
FNDA:1,(anonymous_10)
FNDA:1,(anonymous_11)
FNDA:12,(anonymous_12)
FNDA:9,(anonymous_13)
FNDA:1,(anonymous_14)
FNDA:1,(anonymous_15)
FNDA:12,(anonymous_16)
FNDA:9,(anonymous_17)
FNDA:1,(anonymous_18)
FNDA:1,(anonymous_19)
FNDA:4,(anonymous_20)
FNDA:1,(anonymous_21)
FNDA:8,(anonymous_22)
FNDA:1,(anonymous_23)
FNDA:1,(anonymous_24)
FNDA:1,(anonymous_25)
FNDA:7,(anonymous_26)
FNDA:1,(anonymous_27)
FNDA:1,(anonymous_28)
FNDA:7,(anonymous_29)
FNDA:1,(anonymous_30)
FNDA:1,(anonymous_31)
FNDA:1,(anonymous_32)
FNDA:1,(anonymous_33)
FNDA:1,(anonymous_34)
FNDA:1,(anonymous_35)
FNDA:1,(anonymous_36)
FNDA:1,(anonymous_37)
FNDA:1,(anonymous_38)
DA:1,31
DA:2,31
DA:4,31
DA:5,31
DA:6,31
DA:7,31
DA:8,31
DA:9,31
DA:11,10
DA:14,3
DA:17,5
DA:20,23
DA:27,1
DA:30,1
DA:33,1
DA:36,2
DA:39,1
DA:40,1
DA:41,10
DA:47,1
DA:50,1
DA:51,1
DA:52,10
DA:60,1
DA:63,1
DA:66,1
DA:69,12
DA:70,12
DA:71,12
DA:72,120
DA:80,12
DA:83,9
DA:84,9
DA:85,90
DA:93,9
DA:96,1
DA:99,1
DA:102,12
DA:103,12
DA:104,12
DA:105,120
DA:113,12
DA:116,9
DA:117,9
DA:118,9
DA:119,90
DA:127,9
DA:130,1
DA:133,1
DA:136,4
DA:139,1
DA:142,8
DA:143,8
DA:144,8
DA:145,80
DA:153,8
DA:156,1
DA:159,1
DA:162,1
DA:165,7
DA:166,7
DA:167,7
DA:168,70
DA:174,7
DA:177,1
DA:180,1
DA:183,7
DA:184,7
DA:185,7
DA:186,70
DA:194,7
DA:197,1
DA:200,1
DA:203,1
DA:206,1
DA:209,1
DA:212,1
DA:215,1
DA:218,1
DA:221,1
DA:225,31
LF:81
LH:81
BRF:0
BRH:0
end_of_record
